#
# There is insufficient memory for the Java Runtime Environment to continue.
# Native memory allocation (malloc) failed to allocate 1764336 bytes for Chunk::new
# Possible reasons:
#   The system is out of physical RAM or swap space
#   The process is running with CompressedOops enabled, and the Java Heap may be blocking the growth of the native heap
# Possible solutions:
#   Reduce memory load on the system
#   Increase physical memory or swap space
#   Check if swap backing store is full
#   Decrease Java heap size (-Xmx/-Xms)
#   Decrease number of Java threads
#   Decrease Java thread stack sizes (-Xss)
#   Set larger code cache with -XX:ReservedCodeCacheSize=
#   JVM is running with Unscaled Compressed Oops mode in which the Java heap is
#     placed in the first 4GB address space. The Java Heap base address is the
#     maximum limit for the native heap growth. Please use -XX:HeapBaseMinAddress
#     to set the Java Heap base and to place the Java Heap above 4GB virtual address.
# This output file may be truncated or incomplete.
#
#  Out of Memory Error (./src/hotspot/share/memory/arena.cpp:197), pid=8712, tid=2888
#
# JRE version: OpenJDK Runtime Environment (11.0.12+7) (build 11.0.12+7-b1504.28-7817840)
# Java VM: OpenJDK 64-Bit Server VM (11.0.12+7-b1504.28-7817840, mixed mode, tiered, compressed oops, g1 gc, windows-amd64)
# No core dump will be written. Minidumps are not enabled by default on client versions of Windows
#

---------------  S U M M A R Y ------------

Command Line: --add-opens=java.base/java.util=ALL-UNNAMED --add-opens=java.base/java.lang=ALL-UNNAMED --add-opens=java.base/java.lang.invoke=ALL-UNNAMED --add-opens=java.prefs/java.util.prefs=ALL-UNNAMED -Xmx1024m -Dfile.encoding=UTF-8 -Duser.country=IN -Duser.language=en -Duser.variant org.gradle.launcher.daemon.bootstrap.GradleDaemon 6.5

Host: Intel(R) Core(TM) i3-6006U CPU @ 2.00GHz, 4 cores, 3G,  Windows 10 , 64 bit Build 19041 (10.0.19041.1889)
Time: Fri Nov  4 14:17:21 2022 US Eastern Daylight Time elapsed time: 290.279049 seconds (0d 0h 4m 50s)

---------------  T H R E A D  ---------------

Current thread (0x0000022ed0cbe800):  JavaThread "C2 CompilerThread0" daemon [_thread_in_native, id=2888, stack(0x000000ca73d00000,0x000000ca73e00000)]


Current CompileTask:
C2: 290279 13505   !   4       java.nio.file.FileTreeWalker::visit (204 bytes)

Stack: [0x000000ca73d00000,0x000000ca73e00000]
Native frames: (J=compiled Java code, j=interpreted, Vv=VM code, C=native code)
V  [jvm.dll+0x5fbcea]
V  [jvm.dll+0x731905]
V  [jvm.dll+0x732f1d]
V  [jvm.dll+0x7335d3]
V  [jvm.dll+0x247bf8]
V  [jvm.dll+0xc018c]
V  [jvm.dll+0xc06cc]
V  [jvm.dll+0x35b31d]
V  [jvm.dll+0x328803]
V  [jvm.dll+0x327cfa]
V  [jvm.dll+0x200602]
V  [jvm.dll+0x1ff794]
V  [jvm.dll+0x18868c]
V  [jvm.dll+0x20e0d7]
V  [jvm.dll+0x20c901]
V  [jvm.dll+0x6f9b7f]
V  [jvm.dll+0x6f26a5]
V  [jvm.dll+0x5fabf6]
C  [ucrtbase.dll+0x21bb2]
C  [KERNEL32.DLL+0x17034]
C  [ntdll.dll+0x526a1]


---------------  P R O C E S S  ---------------

Threads class SMR info:
_java_thread_list=0x0000022ed4809070, length=135, elements={
0x0000022eb9668000, 0x0000022ed0c51000, 0x0000022ed0c52800, 0x0000022ed0c6a800,
0x0000022ed0c6e000, 0x0000022ed0c6f800, 0x0000022ed0cbe800, 0x0000022ed15c1000,
0x0000022ed15c7000, 0x0000022ed15c3000, 0x0000022ed15c5800, 0x0000022ed15c9800,
0x0000022ed15c4800, 0x0000022ed30f1800, 0x0000022ed30f1000, 0x0000022ed30fa800,
0x0000022ed30fc800, 0x0000022ed30f9000, 0x0000022ed5833000, 0x0000022ed7ca4000,
0x0000022ed5829000, 0x0000022ed582e000, 0x0000022ed582f000, 0x0000022ed582a000,
0x0000022ed582f800, 0x0000022ed582b000, 0x0000022ed5830800, 0x0000022ed582d800,
0x0000022ed582c800, 0x0000022ed5831800, 0x0000022ed582b800, 0x0000022ed5832000,
0x0000022ed5834000, 0x0000022ed5835800, 0x0000022ed5834800, 0x0000022ed5836000,
0x0000022ed5837000, 0x0000022ed7ca7800, 0x0000022ed7ca3800, 0x0000022ed7ca5000,
0x0000022ed7ca6800, 0x0000022ed7ca2800, 0x0000022ed7ca9000, 0x0000022ed7caa800,
0x0000022ed7caa000, 0x0000022ed7cab800, 0x0000022ed7ca6000, 0x0000022ed7cac800,
0x0000022ed7cad000, 0x0000022ed7caf800, 0x0000022ed7caf000, 0x0000022ed7cb1000,
0x0000022ed7cae000, 0x0000022ed7cb0800, 0x0000022ed30f5000, 0x0000022ed30f2800,
0x0000022ed30f7800, 0x0000022ed30f8000, 0x0000022ed30f4000, 0x0000022ed30f3800,
0x0000022ed30f6000, 0x0000022ed30fb800, 0x0000022ed30fe000, 0x0000022ed30ff000,
0x0000022ed30ff800, 0x0000022ed30fa000, 0x0000022ed15c4000, 0x0000022ed15c8000,
0x0000022ed15c9000, 0x0000022ed15c6800, 0x0000022ed5812000, 0x0000022ed5813000,
0x0000022ed580e000, 0x0000022ed580d000, 0x0000022ed5813800, 0x0000022ed5814800,
0x0000022ed580f000, 0x0000022ed5810800, 0x0000022ed5815800, 0x0000022ed580f800,
0x0000022ed5816000, 0x0000022ed5811000, 0x0000022ed5819800, 0x0000022ed581b000,
0x0000022ed5818800, 0x0000022ed5817000, 0x0000022ed5818000, 0x0000022ed581a000,
0x0000022ed581c000, 0x0000022ed75ec000, 0x0000022ed75ec800, 0x0000022ed75ed800,
0x0000022ed75ea000, 0x0000022ed75eb000, 0x0000022ed75f1800, 0x0000022ed75f1000,
0x0000022ed75f2800, 0x0000022ed75f3000, 0x0000022ed75ef000, 0x0000022ed75f0000,
0x0000022ed75f4000, 0x0000022ed75ee800, 0x0000022ed75f5800, 0x0000022ed75f5000,
0x0000022ed75f6800, 0x0000022ed75f7800, 0x0000022ed75f8000, 0x0000022ed75f9000,
0x0000022eda258800, 0x0000022eda259800, 0x0000022eda25c800, 0x0000022eda25a800,
0x0000022eda25d800, 0x0000022eda258000, 0x0000022eda25e800, 0x0000022eda260000,
0x0000022eda25f000, 0x0000022eda261000, 0x0000022eda25b000, 0x0000022eda261800,
0x0000022eda25c000, 0x0000022eda264000, 0x0000022eda262800, 0x0000022eda263800,
0x0000022eda266800, 0x0000022eda265000, 0x0000022eda265800, 0x0000022ed5cb8000,
0x0000022ed5cb3800, 0x0000022ed5cb9000, 0x0000022ed5cb6800, 0x0000022ed5cb5000,
0x0000022ed5cb7800, 0x0000022ed5cba000, 0x0000022ed5cb6000
}

Java Threads: ( => current thread )
  0x0000022eb9668000 JavaThread "main" [_thread_blocked, id=11792, stack(0x000000ca73100000,0x000000ca73200000)]
  0x0000022ed0c51000 JavaThread "Reference Handler" daemon [_thread_blocked, id=5060, stack(0x000000ca73800000,0x000000ca73900000)]
  0x0000022ed0c52800 JavaThread "Finalizer" daemon [_thread_blocked, id=3272, stack(0x000000ca73900000,0x000000ca73a00000)]
  0x0000022ed0c6a800 JavaThread "Signal Dispatcher" daemon [_thread_blocked, id=10268, stack(0x000000ca73a00000,0x000000ca73b00000)]
  0x0000022ed0c6e000 JavaThread "Attach Listener" daemon [_thread_blocked, id=12756, stack(0x000000ca73b00000,0x000000ca73c00000)]
  0x0000022ed0c6f800 JavaThread "Service Thread" daemon [_thread_blocked, id=2044, stack(0x000000ca73c00000,0x000000ca73d00000)]
=>0x0000022ed0cbe800 JavaThread "C2 CompilerThread0" daemon [_thread_in_native, id=2888, stack(0x000000ca73d00000,0x000000ca73e00000)]
  0x0000022ed15c1000 JavaThread "C1 CompilerThread0" daemon [_thread_blocked, id=5516, stack(0x000000ca73e00000,0x000000ca73f00000)]
  0x0000022ed15c7000 JavaThread "Sweeper thread" daemon [_thread_blocked, id=5536, stack(0x000000ca73f00000,0x000000ca74000000)]
  0x0000022ed15c3000 JavaThread "Common-Cleaner" daemon [_thread_blocked, id=11884, stack(0x000000ca74000000,0x000000ca74100000)]
  0x0000022ed15c5800 JavaThread "Daemon health stats" [_thread_blocked, id=11072, stack(0x000000ca74300000,0x000000ca74400000)]
  0x0000022ed15c9800 JavaThread "Incoming local TCP Connector on port 65080" [_thread_in_native, id=4256, stack(0x000000ca74800000,0x000000ca74900000)]
  0x0000022ed15c4800 JavaThread "Daemon periodic checks" [_thread_blocked, id=10028, stack(0x000000ca74900000,0x000000ca74a00000)]
  0x0000022ed30f1800 JavaThread "Cache worker for journal cache (C:\Android Program\RecyclerInsetSelectShow-master\RecyclerInsetSelectShow-master\caches\journal-1)" [_thread_blocked, id=7960, stack(0x000000ca75100000,0x000000ca75200000)]
  0x0000022ed30f1000 JavaThread "File lock request listener" [_thread_in_native, id=32, stack(0x000000ca75200000,0x000000ca75300000)]
  0x0000022ed30fa800 JavaThread "Cache worker for file hash cache (C:\Android Program\RecyclerInsetSelectShow-master\RecyclerInsetSelectShow-master\caches\6.5\fileHashes)" [_thread_blocked, id=13096, stack(0x000000ca75300000,0x000000ca75400000)]
  0x0000022ed30fc800 JavaThread "Cache worker for execution history cache (C:\Android Program\RecyclerInsetSelectShow-master\RecyclerInsetSelectShow-master\caches\6.5\executionHistory)" [_thread_blocked, id=8288, stack(0x000000ca75800000,0x000000ca75900000)]
  0x0000022ed30f9000 JavaThread "Cache worker for file content cache (C:\Android Program\RecyclerInsetSelectShow-master\RecyclerInsetSelectShow-master\caches\6.5\fileContent)" [_thread_blocked, id=8748, stack(0x000000ca75a00000,0x000000ca75b00000)]
  0x0000022ed5833000 JavaThread "Memory manager" [_thread_blocked, id=5532, stack(0x000000ca7bb00000,0x000000ca7bc00000)]
  0x0000022ed7ca4000 JavaThread "ForkJoinPool.commonPool-worker-7" daemon [_thread_blocked, id=12892, stack(0x000000ca7c500000,0x000000ca7c600000)]
  0x0000022ed5829000 JavaThread "Daemon Thread 2" [_thread_blocked, id=10148, stack(0x000000ca72e00000,0x000000ca72f00000)]
  0x0000022ed582e000 JavaThread "Handler for socket connection from /127.0.0.1:65080 to /127.0.0.1:65100" [_thread_in_native, id=12852, stack(0x000000ca72f00000,0x000000ca73000000)]
  0x0000022ed582f000 JavaThread "Cancel handler" [_thread_blocked, id=12820, stack(0x000000ca73000000,0x000000ca73100000)]
  0x0000022ed582a000 JavaThread "Daemon worker Thread 2" [_thread_blocked, id=10228, stack(0x000000ca74600000,0x000000ca74700000)]
  0x0000022ed582f800 JavaThread "Asynchronous log dispatcher for DefaultDaemonConnection: socket connection from /127.0.0.1:65080 to /127.0.0.1:65100" [_thread_blocked, id=1608, stack(0x000000ca74700000,0x000000ca74800000)]
  0x0000022ed582b000 JavaThread "Stdin handler" [_thread_blocked, id=6012, stack(0x000000ca74a00000,0x000000ca74b00000)]
  0x0000022ed5830800 JavaThread "Thread-128" [_thread_blocked, id=4888, stack(0x000000ca74b00000,0x000000ca74c00000)]
  0x0000022ed582d800 JavaThread "Cache worker for file hash cache (C:\Android Program\fintastics_santhosh-main (1)\fintastics_santhosh-main\.gradle\6.5\fileHashes)" [_thread_blocked, id=6184, stack(0x000000ca74c00000,0x000000ca74d00000)]
  0x0000022ed582c800 JavaThread "Cache worker for checksums cache (C:\Android Program\fintastics_santhosh-main (1)\fintastics_santhosh-main\.gradle\checksums)" [_thread_blocked, id=9660, stack(0x000000ca74d00000,0x000000ca74e00000)]
  0x0000022ed5831800 JavaThread "Cache worker for cache directory md-supplier (C:\Android Program\RecyclerInsetSelectShow-master\RecyclerInsetSelectShow-master\caches\6.5\md-supplier)" [_thread_blocked, id=2588, stack(0x000000ca74e00000,0x000000ca74f00000)]
  0x0000022ed582b800 JavaThread "Cache worker for cache directory md-rule (C:\Android Program\RecyclerInsetSelectShow-master\RecyclerInsetSelectShow-master\caches\6.5\md-rule)" [_thread_blocked, id=13232, stack(0x000000ca74f00000,0x000000ca75000000)]
  0x0000022ed5832000 JavaThread "Build operations" [_thread_blocked, id=6552, stack(0x000000ca75000000,0x000000ca75100000)]
  0x0000022ed5834000 JavaThread "Build operations Thread 2" [_thread_blocked, id=2872, stack(0x000000ca75400000,0x000000ca75500000)]
  0x0000022ed5835800 JavaThread "Build operations Thread 3" [_thread_blocked, id=11664, stack(0x000000ca75500000,0x000000ca75600000)]
  0x0000022ed5834800 JavaThread "Build operations Thread 4" [_thread_blocked, id=844, stack(0x000000ca75600000,0x000000ca75700000)]
  0x0000022ed5836000 JavaThread "jar transforms Thread 93" [_thread_blocked, id=8672, stack(0x000000ca75700000,0x000000ca75800000)]
  0x0000022ed5837000 JavaThread "jar transforms Thread 94" [_thread_blocked, id=1864, stack(0x000000ca75900000,0x000000ca75a00000)]
  0x0000022ed7ca7800 JavaThread "jar transforms Thread 95" [_thread_blocked, id=2488, stack(0x000000ca75b00000,0x000000ca75c00000)]
  0x0000022ed7ca3800 JavaThread "jar transforms Thread 96" [_thread_blocked, id=1320, stack(0x000000ca75c00000,0x000000ca75d00000)]
  0x0000022ed7ca5000 JavaThread "jar transforms Thread 97" [_thread_blocked, id=13168, stack(0x000000ca75d00000,0x000000ca75e00000)]
  0x0000022ed7ca6800 JavaThread "jar transforms Thread 98" [_thread_blocked, id=11480, stack(0x000000ca75e00000,0x000000ca75f00000)]
  0x0000022ed7ca2800 JavaThread "jar transforms Thread 99" [_thread_blocked, id=9188, stack(0x000000ca75f00000,0x000000ca76000000)]
  0x0000022ed7ca9000 JavaThread "jar transforms Thread 100" [_thread_blocked, id=3184, stack(0x000000ca76000000,0x000000ca76100000)]
  0x0000022ed7caa800 JavaThread "jar transforms Thread 101" [_thread_blocked, id=9972, stack(0x000000ca76100000,0x000000ca76200000)]
  0x0000022ed7caa000 JavaThread "jar transforms Thread 102" [_thread_blocked, id=10576, stack(0x000000ca76200000,0x000000ca76300000)]
  0x0000022ed7cab800 JavaThread "jar transforms Thread 103" [_thread_blocked, id=13040, stack(0x000000ca76300000,0x000000ca76400000)]
  0x0000022ed7ca6000 JavaThread "jar transforms Thread 104" [_thread_blocked, id=8668, stack(0x000000ca76400000,0x000000ca76500000)]
  0x0000022ed7cac800 JavaThread "jar transforms Thread 105" [_thread_blocked, id=9652, stack(0x000000ca76500000,0x000000ca76600000)]
  0x0000022ed7cad000 JavaThread "jar transforms Thread 106" [_thread_blocked, id=10260, stack(0x000000ca76600000,0x000000ca76700000)]
  0x0000022ed7caf800 JavaThread "jar transforms Thread 107" [_thread_blocked, id=9412, stack(0x000000ca76700000,0x000000ca76800000)]
  0x0000022ed7caf000 JavaThread "jar transforms Thread 108" [_thread_blocked, id=9364, stack(0x000000ca76800000,0x000000ca76900000)]
  0x0000022ed7cb1000 JavaThread "jar transforms Thread 109" [_thread_blocked, id=3056, stack(0x000000ca76900000,0x000000ca76a00000)]
  0x0000022ed7cae000 JavaThread "jar transforms Thread 110" [_thread_blocked, id=6664, stack(0x000000ca76a00000,0x000000ca76b00000)]
  0x0000022ed7cb0800 JavaThread "jar transforms Thread 111" [_thread_blocked, id=7380, stack(0x000000ca76b00000,0x000000ca76c00000)]
  0x0000022ed30f5000 JavaThread "jar transforms Thread 112" [_thread_blocked, id=6324, stack(0x000000ca76c00000,0x000000ca76d00000)]
  0x0000022ed30f2800 JavaThread "jar transforms Thread 113" [_thread_blocked, id=5200, stack(0x000000ca76d00000,0x000000ca76e00000)]
  0x0000022ed30f7800 JavaThread "jar transforms Thread 114" [_thread_blocked, id=11300, stack(0x000000ca76e00000,0x000000ca76f00000)]
  0x0000022ed30f8000 JavaThread "jar transforms Thread 115" [_thread_blocked, id=2208, stack(0x000000ca76f00000,0x000000ca77000000)]
  0x0000022ed30f4000 JavaThread "jar transforms Thread 116" [_thread_blocked, id=1772, stack(0x000000ca77000000,0x000000ca77100000)]
  0x0000022ed30f3800 JavaThread "jar transforms Thread 117" [_thread_blocked, id=10780, stack(0x000000ca77100000,0x000000ca77200000)]
  0x0000022ed30f6000 JavaThread "jar transforms Thread 118" [_thread_blocked, id=6860, stack(0x000000ca77200000,0x000000ca77300000)]
  0x0000022ed30fb800 JavaThread "jar transforms Thread 119" [_thread_blocked, id=8276, stack(0x000000ca77300000,0x000000ca77400000)]
  0x0000022ed30fe000 JavaThread "jar transforms Thread 120" [_thread_blocked, id=10844, stack(0x000000ca77400000,0x000000ca77500000)]
  0x0000022ed30ff000 JavaThread "jar transforms Thread 121" [_thread_blocked, id=10852, stack(0x000000ca77500000,0x000000ca77600000)]
  0x0000022ed30ff800 JavaThread "jar transforms Thread 122" [_thread_blocked, id=5580, stack(0x000000ca77600000,0x000000ca77700000)]
  0x0000022ed30fa000 JavaThread "jar transforms Thread 123" [_thread_blocked, id=12016, stack(0x000000ca77700000,0x000000ca77800000)]
  0x0000022ed15c4000 JavaThread "jar transforms Thread 124" [_thread_blocked, id=4800, stack(0x000000ca77800000,0x000000ca77900000)]
  0x0000022ed15c8000 JavaThread "jar transforms Thread 125" [_thread_blocked, id=12784, stack(0x000000ca77900000,0x000000ca77a00000)]
  0x0000022ed15c9000 JavaThread "jar transforms Thread 126" [_thread_blocked, id=8200, stack(0x000000ca77a00000,0x000000ca77b00000)]
  0x0000022ed15c6800 JavaThread "jar transforms Thread 127" [_thread_blocked, id=7624, stack(0x000000ca77b00000,0x000000ca77c00000)]
  0x0000022ed5812000 JavaThread "jar transforms Thread 128" [_thread_blocked, id=4720, stack(0x000000ca77c00000,0x000000ca77d00000)]
  0x0000022ed5813000 JavaThread "jar transforms Thread 129" [_thread_blocked, id=5088, stack(0x000000ca77d00000,0x000000ca77e00000)]
  0x0000022ed580e000 JavaThread "jar transforms Thread 130" [_thread_blocked, id=13308, stack(0x000000ca77e00000,0x000000ca77f00000)]
  0x0000022ed580d000 JavaThread "jar transforms Thread 131" [_thread_blocked, id=12492, stack(0x000000ca77f00000,0x000000ca78000000)]
  0x0000022ed5813800 JavaThread "jar transforms Thread 132" [_thread_blocked, id=4164, stack(0x000000ca78000000,0x000000ca78100000)]
  0x0000022ed5814800 JavaThread "jar transforms Thread 133" [_thread_blocked, id=1408, stack(0x000000ca78100000,0x000000ca78200000)]
  0x0000022ed580f000 JavaThread "jar transforms Thread 134" [_thread_blocked, id=796, stack(0x000000ca78200000,0x000000ca78300000)]
  0x0000022ed5810800 JavaThread "jar transforms Thread 135" [_thread_blocked, id=7212, stack(0x000000ca78300000,0x000000ca78400000)]
  0x0000022ed5815800 JavaThread "jar transforms Thread 136" [_thread_blocked, id=400, stack(0x000000ca78400000,0x000000ca78500000)]
  0x0000022ed580f800 JavaThread "jar transforms Thread 137" [_thread_blocked, id=876, stack(0x000000ca78500000,0x000000ca78600000)]
  0x0000022ed5816000 JavaThread "jar transforms Thread 138" [_thread_blocked, id=9476, stack(0x000000ca78600000,0x000000ca78700000)]
  0x0000022ed5811000 JavaThread "jar transforms Thread 139" [_thread_blocked, id=1108, stack(0x000000ca78700000,0x000000ca78800000)]
  0x0000022ed5819800 JavaThread "jar transforms Thread 140" [_thread_blocked, id=9516, stack(0x000000ca78800000,0x000000ca78900000)]
  0x0000022ed581b000 JavaThread "jar transforms Thread 141" [_thread_blocked, id=11076, stack(0x000000ca78900000,0x000000ca78a00000)]
  0x0000022ed5818800 JavaThread "jar transforms Thread 142" [_thread_blocked, id=7720, stack(0x000000ca78a00000,0x000000ca78b00000)]
  0x0000022ed5817000 JavaThread "jar transforms Thread 143" [_thread_blocked, id=11652, stack(0x000000ca78b00000,0x000000ca78c00000)]
  0x0000022ed5818000 JavaThread "jar transforms Thread 144" [_thread_blocked, id=6948, stack(0x000000ca78c00000,0x000000ca78d00000)]
  0x0000022ed581a000 JavaThread "jar transforms Thread 145" [_thread_blocked, id=4564, stack(0x000000ca78d00000,0x000000ca78e00000)]
  0x0000022ed581c000 JavaThread "jar transforms Thread 146" [_thread_blocked, id=11316, stack(0x000000ca78e00000,0x000000ca78f00000)]
  0x0000022ed75ec000 JavaThread "jar transforms Thread 147" [_thread_blocked, id=11440, stack(0x000000ca78f00000,0x000000ca79000000)]
  0x0000022ed75ec800 JavaThread "jar transforms Thread 148" [_thread_blocked, id=12416, stack(0x000000ca79000000,0x000000ca79100000)]
  0x0000022ed75ed800 JavaThread "jar transforms Thread 149" [_thread_blocked, id=5476, stack(0x000000ca79100000,0x000000ca79200000)]
  0x0000022ed75ea000 JavaThread "jar transforms Thread 150" [_thread_blocked, id=9924, stack(0x000000ca79200000,0x000000ca79300000)]
  0x0000022ed75eb000 JavaThread "jar transforms Thread 151" [_thread_blocked, id=4320, stack(0x000000ca79300000,0x000000ca79400000)]
  0x0000022ed75f1800 JavaThread "jar transforms Thread 152" [_thread_blocked, id=6596, stack(0x000000ca79400000,0x000000ca79500000)]
  0x0000022ed75f1000 JavaThread "jar transforms Thread 153" [_thread_blocked, id=1212, stack(0x000000ca79500000,0x000000ca79600000)]
  0x0000022ed75f2800 JavaThread "jar transforms Thread 154" [_thread_blocked, id=4824, stack(0x000000ca79600000,0x000000ca79700000)]
  0x0000022ed75f3000 JavaThread "jar transforms Thread 155" [_thread_blocked, id=8332, stack(0x000000ca79700000,0x000000ca79800000)]
  0x0000022ed75ef000 JavaThread "jar transforms Thread 156" [_thread_blocked, id=7128, stack(0x000000ca79800000,0x000000ca79900000)]
  0x0000022ed75f0000 JavaThread "jar transforms Thread 157" [_thread_blocked, id=1160, stack(0x000000ca79900000,0x000000ca79a00000)]
  0x0000022ed75f4000 JavaThread "jar transforms Thread 158" [_thread_blocked, id=4180, stack(0x000000ca79a00000,0x000000ca79b00000)]
  0x0000022ed75ee800 JavaThread "jar transforms Thread 159" [_thread_blocked, id=11632, stack(0x000000ca79b00000,0x000000ca79c00000)]
  0x0000022ed75f5800 JavaThread "jar transforms Thread 160" [_thread_blocked, id=8196, stack(0x000000ca79c00000,0x000000ca79d00000)]
  0x0000022ed75f5000 JavaThread "jar transforms Thread 161" [_thread_blocked, id=2132, stack(0x000000ca79d00000,0x000000ca79e00000)]
  0x0000022ed75f6800 JavaThread "jar transforms Thread 162" [_thread_blocked, id=2364, stack(0x000000ca79e00000,0x000000ca79f00000)]
  0x0000022ed75f7800 JavaThread "jar transforms Thread 163" [_thread_blocked, id=13228, stack(0x000000ca79f00000,0x000000ca7a000000)]
  0x0000022ed75f8000 JavaThread "jar transforms Thread 164" [_thread_blocked, id=10220, stack(0x000000ca7a000000,0x000000ca7a100000)]
  0x0000022ed75f9000 JavaThread "jar transforms Thread 165" [_thread_blocked, id=10636, stack(0x000000ca7a100000,0x000000ca7a200000)]
  0x0000022eda258800 JavaThread "jar transforms Thread 166" [_thread_blocked, id=9616, stack(0x000000ca7a200000,0x000000ca7a300000)]
  0x0000022eda259800 JavaThread "jar transforms Thread 167" [_thread_blocked, id=5592, stack(0x000000ca7a300000,0x000000ca7a400000)]
  0x0000022eda25c800 JavaThread "jar transforms Thread 168" [_thread_blocked, id=3672, stack(0x000000ca7a400000,0x000000ca7a500000)]
  0x0000022eda25a800 JavaThread "jar transforms Thread 169" [_thread_blocked, id=6924, stack(0x000000ca7a500000,0x000000ca7a600000)]
  0x0000022eda25d800 JavaThread "jar transforms Thread 170" [_thread_blocked, id=6704, stack(0x000000ca7a600000,0x000000ca7a700000)]
  0x0000022eda258000 JavaThread "jar transforms Thread 171" [_thread_blocked, id=1800, stack(0x000000ca7a700000,0x000000ca7a800000)]
  0x0000022eda25e800 JavaThread "jar transforms Thread 172" [_thread_blocked, id=4864, stack(0x000000ca7a800000,0x000000ca7a900000)]
  0x0000022eda260000 JavaThread "jar transforms Thread 173" [_thread_blocked, id=11256, stack(0x000000ca7a900000,0x000000ca7aa00000)]
  0x0000022eda25f000 JavaThread "jar transforms Thread 174" [_thread_blocked, id=10124, stack(0x000000ca7aa00000,0x000000ca7ab00000)]
  0x0000022eda261000 JavaThread "jar transforms Thread 175" [_thread_blocked, id=6888, stack(0x000000ca7ab00000,0x000000ca7ac00000)]
  0x0000022eda25b000 JavaThread "jar transforms Thread 176" [_thread_blocked, id=12480, stack(0x000000ca7ac00000,0x000000ca7ad00000)]
  0x0000022eda261800 JavaThread "jar transforms Thread 177" [_thread_blocked, id=10708, stack(0x000000ca7ad00000,0x000000ca7ae00000)]
  0x0000022eda25c000 JavaThread "jar transforms Thread 178" [_thread_blocked, id=11484, stack(0x000000ca7ae00000,0x000000ca7af00000)]
  0x0000022eda264000 JavaThread "jar transforms Thread 179" [_thread_blocked, id=12236, stack(0x000000ca7af00000,0x000000ca7b000000)]
  0x0000022eda262800 JavaThread "jar transforms Thread 180" [_thread_blocked, id=13064, stack(0x000000ca7b000000,0x000000ca7b100000)]
  0x0000022eda263800 JavaThread "jar transforms Thread 181" [_thread_blocked, id=10876, stack(0x000000ca7b100000,0x000000ca7b200000)]
  0x0000022eda266800 JavaThread "jar transforms Thread 182" [_thread_blocked, id=3428, stack(0x000000ca7b200000,0x000000ca7b300000)]
  0x0000022eda265000 JavaThread "jar transforms Thread 183" [_thread_blocked, id=12624, stack(0x000000ca7b300000,0x000000ca7b400000)]
  0x0000022eda265800 JavaThread "jar transforms Thread 184" [_thread_blocked, id=8072, stack(0x000000ca7b400000,0x000000ca7b500000)]
  0x0000022ed5cb8000 JavaThread "Cache worker for Build Output Cleanup Cache (C:\Android Program\fintastics_santhosh-main (1)\fintastics_santhosh-main\.gradle\buildOutputCleanup)" [_thread_blocked, id=4184, stack(0x000000ca7b500000,0x000000ca7b600000)]
  0x0000022ed5cb3800 JavaThread "Cache worker for file content cache (C:\Android Program\fintastics_santhosh-main (1)\fintastics_santhosh-main\.gradle\6.5\fileContent)" [_thread_blocked, id=9636, stack(0x000000ca7b600000,0x000000ca7b700000)]
  0x0000022ed5cb9000 JavaThread "Execution worker for ':'" [_thread_in_native, id=4688, stack(0x000000ca7b700000,0x000000ca7b800000)]
  0x0000022ed5cb6800 JavaThread "Execution worker for ':' Thread 2" [_thread_blocked, id=9080, stack(0x000000ca7b800000,0x000000ca7b900000)]
  0x0000022ed5cb5000 JavaThread "Execution worker for ':' Thread 3" [_thread_blocked, id=5392, stack(0x000000ca7b900000,0x000000ca7ba00000)]
  0x0000022ed5cb7800 JavaThread "Cache worker for execution history cache (C:\Android Program\fintastics_santhosh-main (1)\fintastics_santhosh-main\.gradle\6.5\executionHistory)" [_thread_blocked, id=5960, stack(0x000000ca7ba00000,0x000000ca7bb00000)]
  0x0000022ed5cba000 JavaThread "Cache worker for Java compile cache (C:\Android Program\RecyclerInsetSelectShow-master\RecyclerInsetSelectShow-master\caches\6.5\javaCompile)" [_thread_blocked, id=5396, stack(0x000000ca7bc00000,0x000000ca7bd00000)]
  0x0000022ed5cb6000 JavaThread "Cache worker for Java compile cache (C:\Android Program\fintastics_santhosh-main (1)\fintastics_santhosh-main\.gradle\6.5\javaCompile)" [_thread_blocked, id=8260, stack(0x000000ca7bd00000,0x000000ca7be00000)]

Other Threads:
  0x0000022ed0c4b000 VMThread "VM Thread" [stack: 0x000000ca73700000,0x000000ca73800000] [id=6372]
  0x0000022ed1768800 WatcherThread [stack: 0x000000ca74100000,0x000000ca74200000] [id=10640]
  0x0000022eb9682000 GCTaskThread "GC Thread#0" [stack: 0x000000ca73200000,0x000000ca73300000] [id=12700]
  0x0000022ed1868000 GCTaskThread "GC Thread#1" [stack: 0x000000ca74200000,0x000000ca74300000] [id=7104]
  0x0000022ed2007000 GCTaskThread "GC Thread#2" [stack: 0x000000ca74400000,0x000000ca74500000] [id=6240]
  0x0000022ed2946800 GCTaskThread "GC Thread#3" [stack: 0x000000ca74500000,0x000000ca74600000] [id=8164]
  0x0000022eb969c000 ConcurrentGCThread "G1 Main Marker" [stack: 0x000000ca73300000,0x000000ca73400000] [id=1708]
  0x0000022eb969f800 ConcurrentGCThread "G1 Conc#0" [stack: 0x000000ca73400000,0x000000ca73500000] [id=4312]
  0x0000022eb972c800 ConcurrentGCThread "G1 Refine#0" [stack: 0x000000ca73500000,0x000000ca73600000] [id=9668]
  0x0000022edc572800 ConcurrentGCThread "G1 Refine#1" [stack: 0x000000ca7c600000,0x000000ca7c700000] [id=12988]
  0x0000022eb972d800 ConcurrentGCThread "G1 Young RemSet Sampling" [stack: 0x000000ca73600000,0x000000ca73700000] [id=5868]

Threads with active compile tasks:
C2 CompilerThread0 290379 13505   !   4       java.nio.file.FileTreeWalker::visit (204 bytes)

VM state:not at safepoint (normal execution)

VM Mutex/Monitor currently owned by a thread: None

Heap address: 0x00000000c0000000, size: 1024 MB, Compressed Oops mode: 32-bit
Narrow klass base: 0x0000000000000000, Narrow klass shift: 3
Compressed class space size: 1073741824 Address: 0x0000000100000000

Heap:
 garbage-first heap   total 284672K, used 100944K [0x00000000c0000000, 0x0000000100000000)
  region size 1024K, 15 young (15360K), 4 survivors (4096K)
 Metaspace       used 98557K, capacity 101074K, committed 101344K, reserved 1136640K
  class space    used 12578K, capacity 13543K, committed 13668K, reserved 1048576K
Heap Regions: E=young(eden), S=young(survivor), O=old, HS=humongous(starts), HC=humongous(continues), CS=collection set, F=free, A=archive, TAMS=top-at-mark-start (previous, next)
|   0|0x00000000c0000000, 0x00000000c0100000, 0x00000000c0100000|100%| O|  |TAMS 0x00000000c0100000, 0x00000000c0000000| Untracked 
|   1|0x00000000c0100000, 0x00000000c0200000, 0x00000000c0200000|100%| O|  |TAMS 0x00000000c0200000, 0x00000000c0100000| Untracked 
|   2|0x00000000c0200000, 0x00000000c0300000, 0x00000000c0300000|100%| O|  |TAMS 0x00000000c0300000, 0x00000000c0200000| Untracked 
|   3|0x00000000c0300000, 0x00000000c0400000, 0x00000000c0400000|100%|HS|  |TAMS 0x00000000c0400000, 0x00000000c0300000| Complete 
|   4|0x00000000c0400000, 0x00000000c0500000, 0x00000000c0500000|100%|HC|  |TAMS 0x00000000c0500000, 0x00000000c0400000| Complete 
|   5|0x00000000c0500000, 0x00000000c0600000, 0x00000000c0600000|100%|HC|  |TAMS 0x00000000c0600000, 0x00000000c0500000| Complete 
|   6|0x00000000c0600000, 0x00000000c0700000, 0x00000000c0700000|100%| O|  |TAMS 0x00000000c0700000, 0x00000000c0600000| Untracked 
|   7|0x00000000c0700000, 0x00000000c0800000, 0x00000000c0800000|100%| O|  |TAMS 0x00000000c0800000, 0x00000000c0700000| Untracked 
|   8|0x00000000c0800000, 0x00000000c0900000, 0x00000000c0900000|100%| O|  |TAMS 0x00000000c0900000, 0x00000000c0800000| Untracked 
|   9|0x00000000c0900000, 0x00000000c0a00000, 0x00000000c0a00000|100%| O|  |TAMS 0x00000000c0a00000, 0x00000000c0900000| Untracked 
|  10|0x00000000c0a00000, 0x00000000c0b00000, 0x00000000c0b00000|100%| O|  |TAMS 0x00000000c0b00000, 0x00000000c0a00000| Untracked 
|  11|0x00000000c0b00000, 0x00000000c0c00000, 0x00000000c0c00000|100%| O|  |TAMS 0x00000000c0c00000, 0x00000000c0b00000| Untracked 
|  12|0x00000000c0c00000, 0x00000000c0d00000, 0x00000000c0d00000|100%| O|  |TAMS 0x00000000c0d00000, 0x00000000c0c00000| Untracked 
|  13|0x00000000c0d00000, 0x00000000c0e00000, 0x00000000c0e00000|100%| O|  |TAMS 0x00000000c0e00000, 0x00000000c0d00000| Complete 
|  14|0x00000000c0e00000, 0x00000000c0f00000, 0x00000000c0f00000|100%| O|  |TAMS 0x00000000c0f00000, 0x00000000c0e00000| Untracked 
|  15|0x00000000c0f00000, 0x00000000c1000000, 0x00000000c1000000|100%| O|  |TAMS 0x00000000c1000000, 0x00000000c0f00000| Untracked 
|  16|0x00000000c1000000, 0x00000000c1100000, 0x00000000c1100000|100%| O|  |TAMS 0x00000000c1100000, 0x00000000c1000000| Complete 
|  17|0x00000000c1100000, 0x00000000c1200000, 0x00000000c1200000|100%| O|  |TAMS 0x00000000c1200000, 0x00000000c1100000| Complete 
|  18|0x00000000c1200000, 0x00000000c1300000, 0x00000000c1300000|100%| O|  |TAMS 0x00000000c1300000, 0x00000000c1200000| Complete 
|  19|0x00000000c1300000, 0x00000000c1400000, 0x00000000c1400000|100%|HS|  |TAMS 0x00000000c1400000, 0x00000000c1300000| Complete 
|  20|0x00000000c1400000, 0x00000000c1500000, 0x00000000c1500000|100%| O|  |TAMS 0x00000000c1500000, 0x00000000c1400000| Untracked 
|  21|0x00000000c1500000, 0x00000000c1600000, 0x00000000c1600000|100%| O|  |TAMS 0x00000000c1600000, 0x00000000c1500000| Untracked 
|  22|0x00000000c1600000, 0x00000000c1700000, 0x00000000c1700000|100%| O|  |TAMS 0x00000000c1700000, 0x00000000c1600000| Untracked 
|  23|0x00000000c1700000, 0x00000000c1800000, 0x00000000c1800000|100%| O|  |TAMS 0x00000000c1800000, 0x00000000c1700000| Untracked 
|  24|0x00000000c1800000, 0x00000000c1900000, 0x00000000c1900000|100%|HS|  |TAMS 0x00000000c1900000, 0x00000000c1800000| Complete 
|  25|0x00000000c1900000, 0x00000000c1a00000, 0x00000000c1a00000|100%|HC|  |TAMS 0x00000000c1a00000, 0x00000000c1900000| Complete 
|  26|0x00000000c1a00000, 0x00000000c1b00000, 0x00000000c1b00000|100%| O|  |TAMS 0x00000000c1b00000, 0x00000000c1a00000| Untracked 
|  27|0x00000000c1b00000, 0x00000000c1c00000, 0x00000000c1c00000|100%| O|  |TAMS 0x00000000c1c00000, 0x00000000c1b00000| Untracked 
|  28|0x00000000c1c00000, 0x00000000c1d00000, 0x00000000c1d00000|100%| O|  |TAMS 0x00000000c1d00000, 0x00000000c1c00000| Untracked 
|  29|0x00000000c1d00000, 0x00000000c1e00000, 0x00000000c1e00000|100%| O|  |TAMS 0x00000000c1e00000, 0x00000000c1d00000| Complete 
|  30|0x00000000c1e00000, 0x00000000c1f00000, 0x00000000c1f00000|100%| O|  |TAMS 0x00000000c1f00000, 0x00000000c1e00000| Untracked 
|  31|0x00000000c1f00000, 0x00000000c2000000, 0x00000000c2000000|100%| O|  |TAMS 0x00000000c2000000, 0x00000000c1f00000| Untracked 
|  32|0x00000000c2000000, 0x00000000c2100000, 0x00000000c2100000|100%| O|  |TAMS 0x00000000c2100000, 0x00000000c2000000| Untracked 
|  33|0x00000000c2100000, 0x00000000c2200000, 0x00000000c2200000|100%| O|  |TAMS 0x00000000c2200000, 0x00000000c2100000| Complete 
|  34|0x00000000c2200000, 0x00000000c2300000, 0x00000000c2300000|100%| O|  |TAMS 0x00000000c2300000, 0x00000000c2200000| Complete 
|  35|0x00000000c2300000, 0x00000000c2400000, 0x00000000c2400000|100%| O|  |TAMS 0x00000000c2400000, 0x00000000c2300000| Untracked 
|  36|0x00000000c2400000, 0x00000000c2500000, 0x00000000c2500000|100%| O|  |TAMS 0x00000000c2500000, 0x00000000c2400000| Complete 
|  37|0x00000000c2500000, 0x00000000c2600000, 0x00000000c2600000|100%| O|  |TAMS 0x00000000c2600000, 0x00000000c2500000| Complete 
|  38|0x00000000c2600000, 0x00000000c2700000, 0x00000000c2700000|100%| O|  |TAMS 0x00000000c2700000, 0x00000000c2600000| Untracked 
|  39|0x00000000c2700000, 0x00000000c2800000, 0x00000000c2800000|100%| O|  |TAMS 0x00000000c2800000, 0x00000000c2700000| Complete 
|  40|0x00000000c2800000, 0x00000000c2900000, 0x00000000c2900000|100%| O|  |TAMS 0x00000000c2900000, 0x00000000c2800000| Untracked 
|  41|0x00000000c2900000, 0x00000000c2a00000, 0x00000000c2a00000|100%| O|  |TAMS 0x00000000c2a00000, 0x00000000c2900000| Complete 
|  42|0x00000000c2a00000, 0x00000000c2b00000, 0x00000000c2b00000|100%| O|  |TAMS 0x00000000c2b00000, 0x00000000c2a00000| Untracked 
|  43|0x00000000c2b00000, 0x00000000c2c00000, 0x00000000c2c00000|100%| O|  |TAMS 0x00000000c2c00000, 0x00000000c2b00000| Complete 
|  44|0x00000000c2c00000, 0x00000000c2d00000, 0x00000000c2d00000|100%| O|  |TAMS 0x00000000c2d00000, 0x00000000c2c00000| Complete 
|  45|0x00000000c2d00000, 0x00000000c2e00000, 0x00000000c2e00000|100%| O|  |TAMS 0x00000000c2e00000, 0x00000000c2d00000| Complete 
|  46|0x00000000c2e00000, 0x00000000c2f00000, 0x00000000c2f00000|100%| O|  |TAMS 0x00000000c2f00000, 0x00000000c2e00000| Untracked 
|  47|0x00000000c2f00000, 0x00000000c3000000, 0x00000000c3000000|100%| O|  |TAMS 0x00000000c3000000, 0x00000000c2f00000| Complete 
|  48|0x00000000c3000000, 0x00000000c3100000, 0x00000000c3100000|100%| O|  |TAMS 0x00000000c3100000, 0x00000000c3000000| Complete 
|  49|0x00000000c3100000, 0x00000000c3200000, 0x00000000c3200000|100%| O|  |TAMS 0x00000000c3200000, 0x00000000c3100000| Complete 
|  50|0x00000000c3200000, 0x00000000c3300000, 0x00000000c3300000|100%| O|  |TAMS 0x00000000c3300000, 0x00000000c3200000| Complete 
|  51|0x00000000c3300000, 0x00000000c3400000, 0x00000000c3400000|100%| O|  |TAMS 0x00000000c3400000, 0x00000000c3300000| Complete 
|  52|0x00000000c3400000, 0x00000000c3500000, 0x00000000c3500000|100%| O|  |TAMS 0x00000000c3500000, 0x00000000c3400000| Complete 
|  53|0x00000000c3500000, 0x00000000c3600000, 0x00000000c3600000|100%| O|  |TAMS 0x00000000c3600000, 0x00000000c3500000| Complete 
|  54|0x00000000c3600000, 0x00000000c3700000, 0x00000000c3700000|100%| O|  |TAMS 0x00000000c3700000, 0x00000000c3600000| Complete 
|  55|0x00000000c3700000, 0x00000000c3800000, 0x00000000c3800000|100%| O|  |TAMS 0x00000000c3800000, 0x00000000c3700000| Complete 
|  56|0x00000000c3800000, 0x00000000c3900000, 0x00000000c3900000|100%| O|  |TAMS 0x00000000c3900000, 0x00000000c3800000| Complete 
|  57|0x00000000c3900000, 0x00000000c3a00000, 0x00000000c3a00000|100%| O|  |TAMS 0x00000000c3a00000, 0x00000000c3900000| Complete 
|  58|0x00000000c3a00000, 0x00000000c3b00000, 0x00000000c3b00000|100%| O|  |TAMS 0x00000000c3b00000, 0x00000000c3a00000| Complete 
|  59|0x00000000c3b00000, 0x00000000c3c00000, 0x00000000c3c00000|100%| O|  |TAMS 0x00000000c3c00000, 0x00000000c3b00000| Complete 
|  60|0x00000000c3c00000, 0x00000000c3d00000, 0x00000000c3d00000|100%| O|  |TAMS 0x00000000c3d00000, 0x00000000c3c00000| Complete 
|  61|0x00000000c3d00000, 0x00000000c3e00000, 0x00000000c3e00000|100%| O|  |TAMS 0x00000000c3e00000, 0x00000000c3d00000| Complete 
|  62|0x00000000c3e00000, 0x00000000c3f00000, 0x00000000c3f00000|100%| O|  |TAMS 0x00000000c3f00000, 0x00000000c3e00000| Complete 
|  63|0x00000000c3f00000, 0x00000000c4000000, 0x00000000c4000000|100%| O|  |TAMS 0x00000000c4000000, 0x00000000c3f00000| Complete 
|  64|0x00000000c4000000, 0x00000000c4100000, 0x00000000c4100000|100%| O|  |TAMS 0x00000000c4100000, 0x00000000c4000000| Complete 
|  65|0x00000000c4100000, 0x00000000c4200000, 0x00000000c4200000|100%| O|  |TAMS 0x00000000c4200000, 0x00000000c4100000| Untracked 
|  66|0x00000000c4200000, 0x00000000c4300000, 0x00000000c4300000|100%| O|  |TAMS 0x00000000c4300000, 0x00000000c4200000| Untracked 
|  67|0x00000000c4300000, 0x00000000c4400000, 0x00000000c4400000|100%| O|  |TAMS 0x00000000c4400000, 0x00000000c4300000| Untracked 
|  68|0x00000000c4400000, 0x00000000c4500000, 0x00000000c4500000|100%| O|  |TAMS 0x00000000c4500000, 0x00000000c4400000| Untracked 
|  69|0x00000000c4500000, 0x00000000c4600000, 0x00000000c4600000|100%| O|  |TAMS 0x00000000c4600000, 0x00000000c4500000| Untracked 
|  70|0x00000000c4600000, 0x00000000c4700000, 0x00000000c4700000|100%| O|  |TAMS 0x00000000c4700000, 0x00000000c4600000| Complete 
|  71|0x00000000c4700000, 0x00000000c4700000, 0x00000000c4800000|  0%| F|  |TAMS 0x00000000c4700000, 0x00000000c4700000| Untracked 
|  72|0x00000000c4800000, 0x00000000c4900000, 0x00000000c4900000|100%| O|  |TAMS 0x00000000c4900000, 0x00000000c4800000| Untracked 
|  73|0x00000000c4900000, 0x00000000c4a00000, 0x00000000c4a00000|100%| O|  |TAMS 0x00000000c4a00000, 0x00000000c4900000| Untracked 
|  74|0x00000000c4a00000, 0x00000000c4b00000, 0x00000000c4b00000|100%| O|  |TAMS 0x00000000c4b00000, 0x00000000c4a00000| Untracked 
|  75|0x00000000c4b00000, 0x00000000c4c00000, 0x00000000c4c00000|100%| O|  |TAMS 0x00000000c4c00000, 0x00000000c4b00000| Untracked 
|  76|0x00000000c4c00000, 0x00000000c4d00000, 0x00000000c4d00000|100%| O|  |TAMS 0x00000000c4d00000, 0x00000000c4c00000| Complete 
|  77|0x00000000c4d00000, 0x00000000c4e00000, 0x00000000c4e00000|100%| O|  |TAMS 0x00000000c4e00000, 0x00000000c4d00000| Untracked 
|  78|0x00000000c4e00000, 0x00000000c4e00000, 0x00000000c4f00000|  0%| F|  |TAMS 0x00000000c4e00000, 0x00000000c4e00000| Untracked 
|  79|0x00000000c4f00000, 0x00000000c5000000, 0x00000000c5000000|100%| O|  |TAMS 0x00000000c5000000, 0x00000000c4f00000| Untracked 
|  80|0x00000000c5000000, 0x00000000c5100000, 0x00000000c5100000|100%| O|  |TAMS 0x00000000c5100000, 0x00000000c5000000| Complete 
|  81|0x00000000c5100000, 0x00000000c5200000, 0x00000000c5200000|100%|HS|  |TAMS 0x00000000c5100000, 0x00000000c5100000| Complete 
|  82|0x00000000c5200000, 0x00000000c5300000, 0x00000000c5300000|100%|HC|  |TAMS 0x00000000c5200000, 0x00000000c5200000| Complete 
|  83|0x00000000c5300000, 0x00000000c5300000, 0x00000000c5400000|  0%| F|  |TAMS 0x00000000c5300000, 0x00000000c5300000| Untracked 
|  84|0x00000000c5400000, 0x00000000c5400000, 0x00000000c5500000|  0%| F|  |TAMS 0x00000000c5400000, 0x00000000c5400000| Untracked 
|  85|0x00000000c5500000, 0x00000000c5500000, 0x00000000c5600000|  0%| F|  |TAMS 0x00000000c5500000, 0x00000000c5500000| Untracked 
|  86|0x00000000c5600000, 0x00000000c5600000, 0x00000000c5700000|  0%| F|  |TAMS 0x00000000c5600000, 0x00000000c5600000| Untracked 
|  87|0x00000000c5700000, 0x00000000c5700000, 0x00000000c5800000|  0%| F|  |TAMS 0x00000000c5700000, 0x00000000c5700000| Untracked 
|  88|0x00000000c5800000, 0x00000000c5900000, 0x00000000c5900000|100%| O|  |TAMS 0x00000000c5900000, 0x00000000c5800000| Complete 
|  89|0x00000000c5900000, 0x00000000c5a00000, 0x00000000c5a00000|100%| O|  |TAMS 0x00000000c5a00000, 0x00000000c5900000| Complete 
|  90|0x00000000c5a00000, 0x00000000c5a00000, 0x00000000c5b00000|  0%| F|  |TAMS 0x00000000c5a00000, 0x00000000c5a00000| Untracked 
|  91|0x00000000c5b00000, 0x00000000c5b00000, 0x00000000c5c00000|  0%| F|  |TAMS 0x00000000c5b00000, 0x00000000c5b00000| Untracked 
|  92|0x00000000c5c00000, 0x00000000c5c00000, 0x00000000c5d00000|  0%| F|  |TAMS 0x00000000c5c00000, 0x00000000c5c00000| Untracked 
|  93|0x00000000c5d00000, 0x00000000c5d00000, 0x00000000c5e00000|  0%| F|  |TAMS 0x00000000c5d00000, 0x00000000c5d00000| Untracked 
|  94|0x00000000c5e00000, 0x00000000c5e00000, 0x00000000c5f00000|  0%| F|  |TAMS 0x00000000c5e00000, 0x00000000c5e00000| Untracked 
|  95|0x00000000c5f00000, 0x00000000c5f00000, 0x00000000c6000000|  0%| F|  |TAMS 0x00000000c5f00000, 0x00000000c5f00000| Untracked 
|  96|0x00000000c6000000, 0x00000000c6000000, 0x00000000c6100000|  0%| F|  |TAMS 0x00000000c6000000, 0x00000000c6000000| Untracked 
|  97|0x00000000c6100000, 0x00000000c6100000, 0x00000000c6200000|  0%| F|  |TAMS 0x00000000c6100000, 0x00000000c6100000| Untracked 
|  98|0x00000000c6200000, 0x00000000c6200000, 0x00000000c6300000|  0%| F|  |TAMS 0x00000000c6200000, 0x00000000c6200000| Untracked 
|  99|0x00000000c6300000, 0x00000000c6300000, 0x00000000c6400000|  0%| F|  |TAMS 0x00000000c6300000, 0x00000000c6300000| Untracked 
| 100|0x00000000c6400000, 0x00000000c6400000, 0x00000000c6500000|  0%| F|  |TAMS 0x00000000c6400000, 0x00000000c6400000| Untracked 
| 101|0x00000000c6500000, 0x00000000c6500000, 0x00000000c6600000|  0%| F|  |TAMS 0x00000000c6500000, 0x00000000c6500000| Untracked 
| 102|0x00000000c6600000, 0x00000000c6600000, 0x00000000c6700000|  0%| F|  |TAMS 0x00000000c6600000, 0x00000000c6600000| Untracked 
| 103|0x00000000c6700000, 0x00000000c6700000, 0x00000000c6800000|  0%| F|  |TAMS 0x00000000c6700000, 0x00000000c6700000| Untracked 
| 104|0x00000000c6800000, 0x00000000c6800000, 0x00000000c6900000|  0%| F|  |TAMS 0x00000000c6800000, 0x00000000c6800000| Untracked 
| 105|0x00000000c6900000, 0x00000000c6900000, 0x00000000c6a00000|  0%| F|  |TAMS 0x00000000c6900000, 0x00000000c6900000| Untracked 
| 106|0x00000000c6a00000, 0x00000000c6a00000, 0x00000000c6b00000|  0%| F|  |TAMS 0x00000000c6a00000, 0x00000000c6a00000| Untracked 
| 107|0x00000000c6b00000, 0x00000000c6b00000, 0x00000000c6c00000|  0%| F|  |TAMS 0x00000000c6b00000, 0x00000000c6b00000| Untracked 
| 108|0x00000000c6c00000, 0x00000000c6c00000, 0x00000000c6d00000|  0%| F|  |TAMS 0x00000000c6c00000, 0x00000000c6c00000| Untracked 
| 109|0x00000000c6d00000, 0x00000000c6d00000, 0x00000000c6e00000|  0%| F|  |TAMS 0x00000000c6d00000, 0x00000000c6d00000| Untracked 
| 110|0x00000000c6e00000, 0x00000000c6f00000, 0x00000000c6f00000|100%| O|  |TAMS 0x00000000c6f00000, 0x00000000c6e00000| Complete 
| 111|0x00000000c6f00000, 0x00000000c6f00000, 0x00000000c7000000|  0%| F|  |TAMS 0x00000000c6f00000, 0x00000000c6f00000| Untracked 
| 112|0x00000000c7000000, 0x00000000c7000000, 0x00000000c7100000|  0%| F|  |TAMS 0x00000000c7000000, 0x00000000c7000000| Untracked 
| 113|0x00000000c7100000, 0x00000000c7100000, 0x00000000c7200000|  0%| F|  |TAMS 0x00000000c7100000, 0x00000000c7100000| Untracked 
| 114|0x00000000c7200000, 0x00000000c7200000, 0x00000000c7300000|  0%| F|  |TAMS 0x00000000c7200000, 0x00000000c7200000| Untracked 
| 115|0x00000000c7300000, 0x00000000c7300000, 0x00000000c7400000|  0%| F|  |TAMS 0x00000000c7300000, 0x00000000c7300000| Untracked 
| 116|0x00000000c7400000, 0x00000000c7400000, 0x00000000c7500000|  0%| F|  |TAMS 0x00000000c7400000, 0x00000000c7400000| Untracked 
| 117|0x00000000c7500000, 0x00000000c7500000, 0x00000000c7600000|  0%| F|  |TAMS 0x00000000c7500000, 0x00000000c7500000| Untracked 
| 118|0x00000000c7600000, 0x00000000c7600000, 0x00000000c7700000|  0%| F|  |TAMS 0x00000000c7600000, 0x00000000c7600000| Untracked 
| 119|0x00000000c7700000, 0x00000000c7700000, 0x00000000c7800000|  0%| F|  |TAMS 0x00000000c7700000, 0x00000000c7700000| Untracked 
| 120|0x00000000c7800000, 0x00000000c7800000, 0x00000000c7900000|  0%| F|  |TAMS 0x00000000c7800000, 0x00000000c7800000| Untracked 
| 121|0x00000000c7900000, 0x00000000c7900000, 0x00000000c7a00000|  0%| F|  |TAMS 0x00000000c7900000, 0x00000000c7900000| Untracked 
| 122|0x00000000c7a00000, 0x00000000c7a00000, 0x00000000c7b00000|  0%| F|  |TAMS 0x00000000c7a00000, 0x00000000c7a00000| Untracked 
| 123|0x00000000c7b00000, 0x00000000c7b00000, 0x00000000c7c00000|  0%| F|  |TAMS 0x00000000c7b00000, 0x00000000c7b00000| Untracked 
| 124|0x00000000c7c00000, 0x00000000c7c00000, 0x00000000c7d00000|  0%| F|  |TAMS 0x00000000c7c00000, 0x00000000c7c00000| Untracked 
| 125|0x00000000c7d00000, 0x00000000c7d00000, 0x00000000c7e00000|  0%| F|  |TAMS 0x00000000c7d00000, 0x00000000c7d00000| Untracked 
| 126|0x00000000c7e00000, 0x00000000c7e00000, 0x00000000c7f00000|  0%| F|  |TAMS 0x00000000c7e00000, 0x00000000c7e00000| Untracked 
| 127|0x00000000c7f00000, 0x00000000c7f00000, 0x00000000c8000000|  0%| F|  |TAMS 0x00000000c7f00000, 0x00000000c7f00000| Untracked 
| 128|0x00000000c8000000, 0x00000000c8000000, 0x00000000c8100000|  0%| F|  |TAMS 0x00000000c8000000, 0x00000000c8000000| Untracked 
| 129|0x00000000c8100000, 0x00000000c8100000, 0x00000000c8200000|  0%| F|  |TAMS 0x00000000c8100000, 0x00000000c8100000| Untracked 
| 130|0x00000000c8200000, 0x00000000c8200000, 0x00000000c8300000|  0%| F|  |TAMS 0x00000000c8200000, 0x00000000c8200000| Untracked 
| 131|0x00000000c8300000, 0x00000000c8300000, 0x00000000c8400000|  0%| F|  |TAMS 0x00000000c8300000, 0x00000000c8300000| Untracked 
| 132|0x00000000c8400000, 0x00000000c8400000, 0x00000000c8500000|  0%| F|  |TAMS 0x00000000c8400000, 0x00000000c8400000| Untracked 
| 133|0x00000000c8500000, 0x00000000c8500000, 0x00000000c8600000|  0%| F|  |TAMS 0x00000000c8500000, 0x00000000c8500000| Untracked 
| 134|0x00000000c8600000, 0x00000000c8600000, 0x00000000c8700000|  0%| F|  |TAMS 0x00000000c8600000, 0x00000000c8600000| Untracked 
| 135|0x00000000c8700000, 0x00000000c8700000, 0x00000000c8800000|  0%| F|  |TAMS 0x00000000c8700000, 0x00000000c8700000| Untracked 
| 136|0x00000000c8800000, 0x00000000c8800000, 0x00000000c8900000|  0%| F|  |TAMS 0x00000000c8800000, 0x00000000c8800000| Untracked 
| 137|0x00000000c8900000, 0x00000000c8900000, 0x00000000c8a00000|  0%| F|  |TAMS 0x00000000c8900000, 0x00000000c8900000| Untracked 
| 138|0x00000000c8a00000, 0x00000000c8a00000, 0x00000000c8b00000|  0%| F|  |TAMS 0x00000000c8a00000, 0x00000000c8a00000| Untracked 
| 139|0x00000000c8b00000, 0x00000000c8b00000, 0x00000000c8c00000|  0%| F|  |TAMS 0x00000000c8b00000, 0x00000000c8b00000| Untracked 
| 140|0x00000000c8c00000, 0x00000000c8c00000, 0x00000000c8d00000|  0%| F|  |TAMS 0x00000000c8c00000, 0x00000000c8c00000| Untracked 
| 141|0x00000000c8d00000, 0x00000000c8d00000, 0x00000000c8e00000|  0%| F|  |TAMS 0x00000000c8d00000, 0x00000000c8d00000| Untracked 
| 142|0x00000000c8e00000, 0x00000000c8e00000, 0x00000000c8f00000|  0%| F|  |TAMS 0x00000000c8e00000, 0x00000000c8e00000| Untracked 
| 143|0x00000000c8f00000, 0x00000000c8f00000, 0x00000000c9000000|  0%| F|  |TAMS 0x00000000c8f00000, 0x00000000c8f00000| Untracked 
| 144|0x00000000c9000000, 0x00000000c9000000, 0x00000000c9100000|  0%| F|  |TAMS 0x00000000c9000000, 0x00000000c9000000| Untracked 
| 145|0x00000000c9100000, 0x00000000c9100000, 0x00000000c9200000|  0%| F|  |TAMS 0x00000000c9100000, 0x00000000c9100000| Untracked 
| 146|0x00000000c9200000, 0x00000000c9200000, 0x00000000c9300000|  0%| F|  |TAMS 0x00000000c9200000, 0x00000000c9200000| Untracked 
| 147|0x00000000c9300000, 0x00000000c9300000, 0x00000000c9400000|  0%| F|  |TAMS 0x00000000c9300000, 0x00000000c9300000| Untracked 
| 148|0x00000000c9400000, 0x00000000c9400000, 0x00000000c9500000|  0%| F|  |TAMS 0x00000000c9400000, 0x00000000c9400000| Untracked 
| 149|0x00000000c9500000, 0x00000000c9500000, 0x00000000c9600000|  0%| F|  |TAMS 0x00000000c9500000, 0x00000000c9500000| Untracked 
| 150|0x00000000c9600000, 0x00000000c9600000, 0x00000000c9700000|  0%| F|  |TAMS 0x00000000c9600000, 0x00000000c9600000| Untracked 
| 151|0x00000000c9700000, 0x00000000c9700000, 0x00000000c9800000|  0%| F|  |TAMS 0x00000000c9700000, 0x00000000c9700000| Untracked 
| 152|0x00000000c9800000, 0x00000000c9800000, 0x00000000c9900000|  0%| F|  |TAMS 0x00000000c9800000, 0x00000000c9800000| Untracked 
| 153|0x00000000c9900000, 0x00000000c9900000, 0x00000000c9a00000|  0%| F|  |TAMS 0x00000000c9900000, 0x00000000c9900000| Untracked 
| 154|0x00000000c9a00000, 0x00000000c9a00000, 0x00000000c9b00000|  0%| F|  |TAMS 0x00000000c9a00000, 0x00000000c9a00000| Untracked 
| 155|0x00000000c9b00000, 0x00000000c9b00000, 0x00000000c9c00000|  0%| F|  |TAMS 0x00000000c9b00000, 0x00000000c9b00000| Untracked 
| 156|0x00000000c9c00000, 0x00000000c9c00000, 0x00000000c9d00000|  0%| F|  |TAMS 0x00000000c9c00000, 0x00000000c9c00000| Untracked 
| 157|0x00000000c9d00000, 0x00000000c9d00000, 0x00000000c9e00000|  0%| F|  |TAMS 0x00000000c9d00000, 0x00000000c9d00000| Untracked 
| 158|0x00000000c9e00000, 0x00000000c9e00000, 0x00000000c9f00000|  0%| F|  |TAMS 0x00000000c9e00000, 0x00000000c9e00000| Untracked 
| 159|0x00000000c9f00000, 0x00000000c9f00000, 0x00000000ca000000|  0%| F|  |TAMS 0x00000000c9f00000, 0x00000000c9f00000| Untracked 
| 160|0x00000000ca000000, 0x00000000ca000000, 0x00000000ca100000|  0%| F|  |TAMS 0x00000000ca000000, 0x00000000ca000000| Untracked 
| 161|0x00000000ca100000, 0x00000000ca100000, 0x00000000ca200000|  0%| F|  |TAMS 0x00000000ca100000, 0x00000000ca100000| Untracked 
| 162|0x00000000ca200000, 0x00000000ca300000, 0x00000000ca300000|100%| O|  |TAMS 0x00000000ca300000, 0x00000000ca200000| Complete 
| 163|0x00000000ca300000, 0x00000000ca300000, 0x00000000ca400000|  0%| F|  |TAMS 0x00000000ca300000, 0x00000000ca300000| Untracked 
| 164|0x00000000ca400000, 0x00000000ca400000, 0x00000000ca500000|  0%| F|  |TAMS 0x00000000ca400000, 0x00000000ca400000| Untracked 
| 165|0x00000000ca500000, 0x00000000ca500000, 0x00000000ca600000|  0%| F|  |TAMS 0x00000000ca500000, 0x00000000ca500000| Untracked 
| 166|0x00000000ca600000, 0x00000000ca600000, 0x00000000ca700000|  0%| F|  |TAMS 0x00000000ca600000, 0x00000000ca600000| Untracked 
| 167|0x00000000ca700000, 0x00000000ca700000, 0x00000000ca800000|  0%| F|  |TAMS 0x00000000ca700000, 0x00000000ca700000| Untracked 
| 168|0x00000000ca800000, 0x00000000ca800000, 0x00000000ca900000|  0%| F|  |TAMS 0x00000000ca800000, 0x00000000ca800000| Untracked 
| 169|0x00000000ca900000, 0x00000000ca900000, 0x00000000caa00000|  0%| F|  |TAMS 0x00000000ca900000, 0x00000000ca900000| Untracked 
| 170|0x00000000caa00000, 0x00000000caa00000, 0x00000000cab00000|  0%| F|  |TAMS 0x00000000caa00000, 0x00000000caa00000| Untracked 
| 171|0x00000000cab00000, 0x00000000cab00000, 0x00000000cac00000|  0%| F|  |TAMS 0x00000000cab00000, 0x00000000cab00000| Untracked 
| 172|0x00000000cac00000, 0x00000000cac00000, 0x00000000cad00000|  0%| F|  |TAMS 0x00000000cac00000, 0x00000000cac00000| Untracked 
| 173|0x00000000cad00000, 0x00000000cad00000, 0x00000000cae00000|  0%| F|  |TAMS 0x00000000cad00000, 0x00000000cad00000| Untracked 
| 174|0x00000000cae00000, 0x00000000cae00000, 0x00000000caf00000|  0%| F|  |TAMS 0x00000000cae00000, 0x00000000cae00000| Untracked 
| 175|0x00000000caf00000, 0x00000000caf00000, 0x00000000cb000000|  0%| F|  |TAMS 0x00000000caf00000, 0x00000000caf00000| Untracked 
| 176|0x00000000cb000000, 0x00000000cb000000, 0x00000000cb100000|  0%| F|  |TAMS 0x00000000cb000000, 0x00000000cb000000| Untracked 
| 177|0x00000000cb100000, 0x00000000cb100000, 0x00000000cb200000|  0%| F|  |TAMS 0x00000000cb100000, 0x00000000cb100000| Untracked 
| 178|0x00000000cb200000, 0x00000000cb200000, 0x00000000cb300000|  0%| F|  |TAMS 0x00000000cb200000, 0x00000000cb200000| Untracked 
| 179|0x00000000cb300000, 0x00000000cb300000, 0x00000000cb400000|  0%| F|  |TAMS 0x00000000cb300000, 0x00000000cb300000| Untracked 
| 180|0x00000000cb400000, 0x00000000cb400000, 0x00000000cb500000|  0%| F|  |TAMS 0x00000000cb400000, 0x00000000cb400000| Untracked 
| 181|0x00000000cb500000, 0x00000000cb500000, 0x00000000cb600000|  0%| F|  |TAMS 0x00000000cb500000, 0x00000000cb500000| Untracked 
| 182|0x00000000cb600000, 0x00000000cb600000, 0x00000000cb700000|  0%| F|  |TAMS 0x00000000cb600000, 0x00000000cb600000| Untracked 
| 183|0x00000000cb700000, 0x00000000cb700000, 0x00000000cb800000|  0%| F|  |TAMS 0x00000000cb700000, 0x00000000cb700000| Untracked 
| 184|0x00000000cb800000, 0x00000000cb800000, 0x00000000cb900000|  0%| F|  |TAMS 0x00000000cb800000, 0x00000000cb800000| Untracked 
| 185|0x00000000cb900000, 0x00000000cb900000, 0x00000000cba00000|  0%| F|  |TAMS 0x00000000cb900000, 0x00000000cb900000| Untracked 
| 186|0x00000000cba00000, 0x00000000cba00000, 0x00000000cbb00000|  0%| F|  |TAMS 0x00000000cba00000, 0x00000000cba00000| Untracked 
| 187|0x00000000cbb00000, 0x00000000cbb00000, 0x00000000cbc00000|  0%| F|  |TAMS 0x00000000cbb00000, 0x00000000cbb00000| Untracked 
| 188|0x00000000cbc00000, 0x00000000cbc00000, 0x00000000cbd00000|  0%| F|  |TAMS 0x00000000cbc00000, 0x00000000cbc00000| Untracked 
| 189|0x00000000cbd00000, 0x00000000cbd00000, 0x00000000cbe00000|  0%| F|  |TAMS 0x00000000cbd00000, 0x00000000cbd00000| Untracked 
| 190|0x00000000cbe00000, 0x00000000cbe00000, 0x00000000cbf00000|  0%| F|  |TAMS 0x00000000cbe00000, 0x00000000cbe00000| Untracked 
| 191|0x00000000cbf00000, 0x00000000cbf00000, 0x00000000cc000000|  0%| F|  |TAMS 0x00000000cbf00000, 0x00000000cbf00000| Untracked 
| 192|0x00000000cc000000, 0x00000000cc000000, 0x00000000cc100000|  0%| F|  |TAMS 0x00000000cc000000, 0x00000000cc000000| Untracked 
| 193|0x00000000cc100000, 0x00000000cc100000, 0x00000000cc200000|  0%| F|  |TAMS 0x00000000cc100000, 0x00000000cc100000| Untracked 
| 194|0x00000000cc200000, 0x00000000cc200000, 0x00000000cc300000|  0%| F|  |TAMS 0x00000000cc200000, 0x00000000cc200000| Untracked 
| 195|0x00000000cc300000, 0x00000000cc300000, 0x00000000cc400000|  0%| F|  |TAMS 0x00000000cc300000, 0x00000000cc300000| Untracked 
| 196|0x00000000cc400000, 0x00000000cc400000, 0x00000000cc500000|  0%| F|  |TAMS 0x00000000cc400000, 0x00000000cc400000| Untracked 
| 197|0x00000000cc500000, 0x00000000cc500000, 0x00000000cc600000|  0%| F|  |TAMS 0x00000000cc500000, 0x00000000cc500000| Untracked 
| 198|0x00000000cc600000, 0x00000000cc600000, 0x00000000cc700000|  0%| F|  |TAMS 0x00000000cc600000, 0x00000000cc600000| Untracked 
| 199|0x00000000cc700000, 0x00000000cc700000, 0x00000000cc800000|  0%| F|  |TAMS 0x00000000cc700000, 0x00000000cc700000| Untracked 
| 200|0x00000000cc800000, 0x00000000cc800000, 0x00000000cc900000|  0%| F|  |TAMS 0x00000000cc800000, 0x00000000cc800000| Untracked 
| 201|0x00000000cc900000, 0x00000000cc900000, 0x00000000cca00000|  0%| F|  |TAMS 0x00000000cc900000, 0x00000000cc900000| Untracked 
| 202|0x00000000cca00000, 0x00000000cca00000, 0x00000000ccb00000|  0%| F|  |TAMS 0x00000000cca00000, 0x00000000cca00000| Untracked 
| 203|0x00000000ccb00000, 0x00000000ccb00000, 0x00000000ccc00000|  0%| F|  |TAMS 0x00000000ccb00000, 0x00000000ccb00000| Untracked 
| 204|0x00000000ccc00000, 0x00000000ccc00000, 0x00000000ccd00000|  0%| F|  |TAMS 0x00000000ccc00000, 0x00000000ccc00000| Untracked 
| 205|0x00000000ccd00000, 0x00000000ccd00000, 0x00000000cce00000|  0%| F|  |TAMS 0x00000000ccd00000, 0x00000000ccd00000| Untracked 
| 206|0x00000000cce00000, 0x00000000cce00000, 0x00000000ccf00000|  0%| F|  |TAMS 0x00000000cce00000, 0x00000000cce00000| Untracked 
| 207|0x00000000ccf00000, 0x00000000ccf00000, 0x00000000cd000000|  0%| F|  |TAMS 0x00000000ccf00000, 0x00000000ccf00000| Untracked 
| 208|0x00000000cd000000, 0x00000000cd000000, 0x00000000cd100000|  0%| F|  |TAMS 0x00000000cd000000, 0x00000000cd000000| Untracked 
| 209|0x00000000cd100000, 0x00000000cd100000, 0x00000000cd200000|  0%| F|  |TAMS 0x00000000cd100000, 0x00000000cd100000| Untracked 
| 210|0x00000000cd200000, 0x00000000cd200000, 0x00000000cd300000|  0%| F|  |TAMS 0x00000000cd200000, 0x00000000cd200000| Untracked 
| 211|0x00000000cd300000, 0x00000000cd300000, 0x00000000cd400000|  0%| F|  |TAMS 0x00000000cd300000, 0x00000000cd300000| Untracked 
| 212|0x00000000cd400000, 0x00000000cd400000, 0x00000000cd500000|  0%| F|  |TAMS 0x00000000cd400000, 0x00000000cd400000| Untracked 
| 213|0x00000000cd500000, 0x00000000cd500000, 0x00000000cd600000|  0%| F|  |TAMS 0x00000000cd500000, 0x00000000cd500000| Untracked 
| 214|0x00000000cd600000, 0x00000000cd600000, 0x00000000cd700000|  0%| F|  |TAMS 0x00000000cd600000, 0x00000000cd600000| Untracked 
| 215|0x00000000cd700000, 0x00000000cd700000, 0x00000000cd800000|  0%| F|  |TAMS 0x00000000cd700000, 0x00000000cd700000| Untracked 
| 216|0x00000000cd800000, 0x00000000cd800000, 0x00000000cd900000|  0%| F|  |TAMS 0x00000000cd800000, 0x00000000cd800000| Untracked 
| 217|0x00000000cd900000, 0x00000000cd900000, 0x00000000cda00000|  0%| F|  |TAMS 0x00000000cd900000, 0x00000000cd900000| Untracked 
| 218|0x00000000cda00000, 0x00000000cda00000, 0x00000000cdb00000|  0%| F|  |TAMS 0x00000000cda00000, 0x00000000cda00000| Untracked 
| 219|0x00000000cdb00000, 0x00000000cdb00000, 0x00000000cdc00000|  0%| F|  |TAMS 0x00000000cdb00000, 0x00000000cdb00000| Untracked 
| 220|0x00000000cdc00000, 0x00000000cdc00000, 0x00000000cdd00000|  0%| F|  |TAMS 0x00000000cdc00000, 0x00000000cdc00000| Untracked 
| 221|0x00000000cdd00000, 0x00000000cdd00000, 0x00000000cde00000|  0%| F|  |TAMS 0x00000000cdd00000, 0x00000000cdd00000| Untracked 
| 222|0x00000000cde00000, 0x00000000cde00000, 0x00000000cdf00000|  0%| F|  |TAMS 0x00000000cde00000, 0x00000000cde00000| Untracked 
| 223|0x00000000cdf00000, 0x00000000cdf00000, 0x00000000ce000000|  0%| F|  |TAMS 0x00000000cdf00000, 0x00000000cdf00000| Untracked 
| 224|0x00000000ce000000, 0x00000000ce000000, 0x00000000ce100000|  0%| F|  |TAMS 0x00000000ce000000, 0x00000000ce000000| Untracked 
| 225|0x00000000ce100000, 0x00000000ce100000, 0x00000000ce200000|  0%| F|  |TAMS 0x00000000ce100000, 0x00000000ce100000| Untracked 
| 226|0x00000000ce200000, 0x00000000ce200000, 0x00000000ce300000|  0%| F|  |TAMS 0x00000000ce200000, 0x00000000ce200000| Untracked 
| 227|0x00000000ce300000, 0x00000000ce300000, 0x00000000ce400000|  0%| F|  |TAMS 0x00000000ce300000, 0x00000000ce300000| Untracked 
| 228|0x00000000ce400000, 0x00000000ce400000, 0x00000000ce500000|  0%| F|  |TAMS 0x00000000ce400000, 0x00000000ce400000| Untracked 
| 229|0x00000000ce500000, 0x00000000ce500000, 0x00000000ce600000|  0%| F|  |TAMS 0x00000000ce500000, 0x00000000ce500000| Untracked 
| 230|0x00000000ce600000, 0x00000000ce600000, 0x00000000ce700000|  0%| F|  |TAMS 0x00000000ce600000, 0x00000000ce600000| Untracked 
| 231|0x00000000ce700000, 0x00000000ce700000, 0x00000000ce800000|  0%| F|  |TAMS 0x00000000ce700000, 0x00000000ce700000| Untracked 
| 232|0x00000000ce800000, 0x00000000ce800000, 0x00000000ce900000|  0%| F|  |TAMS 0x00000000ce800000, 0x00000000ce800000| Untracked 
| 233|0x00000000ce900000, 0x00000000ce900000, 0x00000000cea00000|  0%| F|  |TAMS 0x00000000ce900000, 0x00000000ce900000| Untracked 
| 234|0x00000000cea00000, 0x00000000cea00000, 0x00000000ceb00000|  0%| F|  |TAMS 0x00000000cea00000, 0x00000000cea00000| Untracked 
| 235|0x00000000ceb00000, 0x00000000ceb00000, 0x00000000cec00000|  0%| F|  |TAMS 0x00000000ceb00000, 0x00000000ceb00000| Untracked 
| 236|0x00000000cec00000, 0x00000000cec00000, 0x00000000ced00000|  0%| F|  |TAMS 0x00000000cec00000, 0x00000000cec00000| Untracked 
| 237|0x00000000ced00000, 0x00000000ced00000, 0x00000000cee00000|  0%| F|  |TAMS 0x00000000ced00000, 0x00000000ced00000| Untracked 
| 238|0x00000000cee00000, 0x00000000cee00000, 0x00000000cef00000|  0%| F|  |TAMS 0x00000000cee00000, 0x00000000cee00000| Untracked 
| 239|0x00000000cef00000, 0x00000000cef00000, 0x00000000cf000000|  0%| F|  |TAMS 0x00000000cef00000, 0x00000000cef00000| Untracked 
| 240|0x00000000cf000000, 0x00000000cf000000, 0x00000000cf100000|  0%| F|  |TAMS 0x00000000cf000000, 0x00000000cf000000| Untracked 
| 241|0x00000000cf100000, 0x00000000cf100000, 0x00000000cf200000|  0%| F|  |TAMS 0x00000000cf100000, 0x00000000cf100000| Untracked 
| 242|0x00000000cf200000, 0x00000000cf294058, 0x00000000cf300000| 57%| S|CS|TAMS 0x00000000cf200000, 0x00000000cf200000| Complete 
| 243|0x00000000cf300000, 0x00000000cf400000, 0x00000000cf400000|100%| S|CS|TAMS 0x00000000cf300000, 0x00000000cf300000| Complete 
| 244|0x00000000cf400000, 0x00000000cf500000, 0x00000000cf500000|100%| S|CS|TAMS 0x00000000cf400000, 0x00000000cf400000| Complete 
| 245|0x00000000cf500000, 0x00000000cf600000, 0x00000000cf600000|100%| S|CS|TAMS 0x00000000cf500000, 0x00000000cf500000| Complete 
| 246|0x00000000cf600000, 0x00000000cf600000, 0x00000000cf700000|  0%| F|  |TAMS 0x00000000cf600000, 0x00000000cf600000| Untracked 
| 247|0x00000000cf700000, 0x00000000cf700000, 0x00000000cf800000|  0%| F|  |TAMS 0x00000000cf700000, 0x00000000cf700000| Untracked 
| 248|0x00000000cf800000, 0x00000000cf800000, 0x00000000cf900000|  0%| F|  |TAMS 0x00000000cf800000, 0x00000000cf800000| Untracked 
| 249|0x00000000cf900000, 0x00000000cf900000, 0x00000000cfa00000|  0%| F|  |TAMS 0x00000000cf900000, 0x00000000cf900000| Untracked 
| 250|0x00000000cfa00000, 0x00000000cfa00000, 0x00000000cfb00000|  0%| F|  |TAMS 0x00000000cfa00000, 0x00000000cfa00000| Untracked 
| 251|0x00000000cfb00000, 0x00000000cfb00000, 0x00000000cfc00000|  0%| F|  |TAMS 0x00000000cfb00000, 0x00000000cfb00000| Untracked 
| 252|0x00000000cfc00000, 0x00000000cfc00000, 0x00000000cfd00000|  0%| F|  |TAMS 0x00000000cfc00000, 0x00000000cfc00000| Untracked 
| 253|0x00000000cfd00000, 0x00000000cfd00000, 0x00000000cfe00000|  0%| F|  |TAMS 0x00000000cfd00000, 0x00000000cfd00000| Untracked 
| 254|0x00000000cfe00000, 0x00000000cfe00000, 0x00000000cff00000|  0%| F|  |TAMS 0x00000000cfe00000, 0x00000000cfe00000| Untracked 
| 255|0x00000000cff00000, 0x00000000cff00000, 0x00000000d0000000|  0%| F|  |TAMS 0x00000000cff00000, 0x00000000cff00000| Untracked 
| 256|0x00000000d0000000, 0x00000000d0000000, 0x00000000d0100000|  0%| F|  |TAMS 0x00000000d0000000, 0x00000000d0000000| Untracked 
| 257|0x00000000d0100000, 0x00000000d0100000, 0x00000000d0200000|  0%| F|  |TAMS 0x00000000d0100000, 0x00000000d0100000| Untracked 
| 258|0x00000000d0200000, 0x00000000d0200000, 0x00000000d0300000|  0%| F|  |TAMS 0x00000000d0200000, 0x00000000d0200000| Untracked 
| 259|0x00000000d0300000, 0x00000000d0300000, 0x00000000d0400000|  0%| F|  |TAMS 0x00000000d0300000, 0x00000000d0300000| Untracked 
| 260|0x00000000d0400000, 0x00000000d0400000, 0x00000000d0500000|  0%| F|  |TAMS 0x00000000d0400000, 0x00000000d0400000| Untracked 
| 261|0x00000000d0500000, 0x00000000d0500000, 0x00000000d0600000|  0%| F|  |TAMS 0x00000000d0500000, 0x00000000d0500000| Untracked 
| 262|0x00000000d0600000, 0x00000000d0600000, 0x00000000d0700000|  0%| F|  |TAMS 0x00000000d0600000, 0x00000000d0600000| Untracked 
| 263|0x00000000d0700000, 0x00000000d0700000, 0x00000000d0800000|  0%| F|  |TAMS 0x00000000d0700000, 0x00000000d0700000| Untracked 
| 264|0x00000000d0800000, 0x00000000d0800000, 0x00000000d0900000|  0%| F|  |TAMS 0x00000000d0800000, 0x00000000d0800000| Untracked 
| 265|0x00000000d0900000, 0x00000000d0900000, 0x00000000d0a00000|  0%| F|  |TAMS 0x00000000d0900000, 0x00000000d0900000| Untracked 
| 266|0x00000000d0a00000, 0x00000000d0a00000, 0x00000000d0b00000|  0%| F|  |TAMS 0x00000000d0a00000, 0x00000000d0a00000| Untracked 
| 267|0x00000000d0b00000, 0x00000000d0b91550, 0x00000000d0c00000| 56%| E|  |TAMS 0x00000000d0b00000, 0x00000000d0b00000| Complete 
| 268|0x00000000d0c00000, 0x00000000d0d00000, 0x00000000d0d00000|100%| E|CS|TAMS 0x00000000d0c00000, 0x00000000d0c00000| Complete 
| 269|0x00000000d0d00000, 0x00000000d0e00000, 0x00000000d0e00000|100%| E|CS|TAMS 0x00000000d0d00000, 0x00000000d0d00000| Complete 
| 270|0x00000000d0e00000, 0x00000000d0f00000, 0x00000000d0f00000|100%| E|CS|TAMS 0x00000000d0e00000, 0x00000000d0e00000| Complete 
| 271|0x00000000d0f00000, 0x00000000d1000000, 0x00000000d1000000|100%| E|CS|TAMS 0x00000000d0f00000, 0x00000000d0f00000| Complete 
| 272|0x00000000d1000000, 0x00000000d1100000, 0x00000000d1100000|100%| E|CS|TAMS 0x00000000d1000000, 0x00000000d1000000| Complete 
| 273|0x00000000d1100000, 0x00000000d1200000, 0x00000000d1200000|100%| E|CS|TAMS 0x00000000d1100000, 0x00000000d1100000| Complete 
| 274|0x00000000d1200000, 0x00000000d1300000, 0x00000000d1300000|100%| E|CS|TAMS 0x00000000d1200000, 0x00000000d1200000| Complete 
| 275|0x00000000d1300000, 0x00000000d1400000, 0x00000000d1400000|100%| E|CS|TAMS 0x00000000d1300000, 0x00000000d1300000| Complete 
| 276|0x00000000d1400000, 0x00000000d1500000, 0x00000000d1500000|100%| E|CS|TAMS 0x00000000d1400000, 0x00000000d1400000| Complete 
| 277|0x00000000d1500000, 0x00000000d1600000, 0x00000000d1600000|100%| E|CS|TAMS 0x00000000d1500000, 0x00000000d1500000| Complete 

Card table byte_map: [0x0000022ecc380000,0x0000022ecc580000] _byte_map_base: 0x0000022ecbd80000

Marking Bits (Prev, Next): (CMBitMap*) 0x0000022eb9697530, (CMBitMap*) 0x0000022eb96974f8
 Prev Bits: [0x0000022ecd780000, 0x0000022ece780000)
 Next Bits: [0x0000022ecc780000, 0x0000022ecd780000)

Polling page: 0x0000022eb8e50000

Metaspace:

Usage:
  Non-class:     85.48 MB capacity,    83.96 MB ( 98%) used,     1.25 MB (  1%) free+waste,   276.75 KB ( <1%) overhead. 
      Class:     13.23 MB capacity,    12.28 MB ( 93%) used,   838.73 KB (  6%) free+waste,   125.69 KB ( <1%) overhead. 
       Both:     98.71 MB capacity,    96.25 MB ( 98%) used,     2.06 MB (  2%) free+waste,   402.44 KB ( <1%) overhead. 

Virtual space:
  Non-class space:       86.00 MB reserved,      85.62 MB (>99%) committed 
      Class space:        1.00 GB reserved,      13.35 MB (  1%) committed 
             Both:        1.08 GB reserved,      98.97 MB (  9%) committed 

Chunk freelists:
   Non-Class:  17.00 KB
       Class:  25.00 KB
        Both:  42.00 KB

MaxMetaspaceSize: 17179869184.00 GB
CompressedClassSpaceSize: 1.00 GB
Initial GC threshold: 20.80 MB
Current GC threshold: 164.95 MB
CDS: off

CodeHeap 'non-profiled nmethods': size=120064Kb used=6210Kb max_used=6210Kb free=113853Kb
 bounds [0x0000022ec4c40000, 0x0000022ec5260000, 0x0000022ecc180000]
CodeHeap 'profiled nmethods': size=120000Kb used=27507Kb max_used=27507Kb free=92492Kb
 bounds [0x0000022ebd710000, 0x0000022ebf1f0000, 0x0000022ec4c40000]
CodeHeap 'non-nmethods': size=5696Kb used=2381Kb max_used=2415Kb free=3315Kb
 bounds [0x0000022ebd180000, 0x0000022ebd3f0000, 0x0000022ebd710000]
 total_blobs=14046 nmethods=13150 adapters=808
 compilation: enabled
              stopped_count=0, restarted_count=0
 full_count=0

Compilation events (20 events):
Event: 289.710 Thread 0x0000022ed15c1000 13514       3       jdk.nio.zipfs.ZipConstants::LOCEXT (7 bytes)
Event: 289.711 Thread 0x0000022ed15c1000 nmethod 13514 0x0000022ebf1db490 code [0x0000022ebf1db660, 0x0000022ebf1db8b8]
Event: 289.711 Thread 0x0000022ed15c1000 13516       3       jdk.nio.zipfs.ZipFileSystem$Entry::readExtra (753 bytes)
Event: 289.712 Thread 0x0000022ed0cbe800 nmethod 13506 0x0000022ec524fe90 code [0x0000022ec5250020, 0x0000022ec52501f8]
Event: 289.712 Thread 0x0000022ed0cbe800 13509       4       jdk.nio.zipfs.ZipConstants::LG (22 bytes)
Event: 289.714 Thread 0x0000022ed0cbe800 nmethod 13509 0x0000022ec5250310 code [0x0000022ec52504a0, 0x0000022ec5250578]
Event: 289.714 Thread 0x0000022ed0cbe800 13494       4       jdk.nio.zipfs.ZipFileSystem$ParentLookup::as (8 bytes)
Event: 289.721 Thread 0x0000022ed0cbe800 nmethod 13494 0x0000022ec5250690 code [0x0000022ec5250820, 0x0000022ec5250a78]
Event: 289.721 Thread 0x0000022ed0cbe800 13505   !   4       java.nio.file.FileTreeWalker::visit (204 bytes)
Event: 289.726 Thread 0x0000022ed15c1000 nmethod 13516 0x0000022ebf1dba10 code [0x0000022ebf1dc420, 0x0000022ebf1e3368]
Event: 289.726 Thread 0x0000022ed15c1000 13515       3       jdk.nio.zipfs.ZipConstants::LOCNAM (7 bytes)
Event: 289.726 Thread 0x0000022ed15c1000 nmethod 13515 0x0000022ebf1e5f90 code [0x0000022ebf1e6160, 0x0000022ebf1e63b8]
Event: 289.779 Thread 0x0000022ed15c1000 13519       3       com.sun.tools.javac.file.RelativePath::hashCode (8 bytes)
Event: 289.779 Thread 0x0000022ed15c1000 nmethod 13519 0x0000022ebf1e6510 code [0x0000022ebf1e66c0, 0x0000022ebf1e67e8]
Event: 289.951 Thread 0x0000022ed15c1000 13520       3       jdk.nio.zipfs.ZipPath::relativize (314 bytes)
Event: 289.955 Thread 0x0000022ed15c1000 nmethod 13520 0x0000022ebf1e6890 code [0x0000022ebf1e6be0, 0x0000022ebf1e8198]
Event: 289.956 Thread 0x0000022ed15c1000 13521       3       jdk.nio.zipfs.ZipPath::compareTo (95 bytes)
Event: 289.957 Thread 0x0000022ed15c1000 nmethod 13521 0x0000022ebf1e8a90 code [0x0000022ebf1e8cc0, 0x0000022ebf1e9498]
Event: 290.080 Thread 0x0000022ed15c1000 13522       3       java.util.AbstractCollection::toArray (144 bytes)
Event: 290.081 Thread 0x0000022ed15c1000 nmethod 13522 0x0000022ebf1e9810 code [0x0000022ebf1e9ae0, 0x0000022ebf1eabf8]

GC Heap History (20 events):
Event: 33.087 GC heap before
{Heap before GC invocations=59 (full 0):
 garbage-first heap   total 284672K, used 216848K [0x00000000c0000000, 0x0000000100000000)
  region size 1024K, 13 young (13312K), 1 survivors (1024K)
 Metaspace       used 82450K, capacity 84533K, committed 84832K, reserved 1122304K
  class space    used 10828K, capacity 11628K, committed 11748K, reserved 1048576K
}
Event: 33.096 GC heap after
{Heap after GC invocations=60 (full 0):
 garbage-first heap   total 284672K, used 194025K [0x00000000c0000000, 0x0000000100000000)
  region size 1024K, 1 young (1024K), 1 survivors (1024K)
 Metaspace       used 82450K, capacity 84533K, committed 84832K, reserved 1122304K
  class space    used 10828K, capacity 11628K, committed 11748K, reserved 1048576K
}
Event: 33.791 GC heap before
{Heap before GC invocations=60 (full 0):
 garbage-first heap   total 284672K, used 222697K [0x00000000c0000000, 0x0000000100000000)
  region size 1024K, 30 young (30720K), 1 survivors (1024K)
 Metaspace       used 85086K, capacity 87255K, committed 87392K, reserved 1124352K
  class space    used 11157K, capacity 11980K, committed 12004K, reserved 1048576K
}
Event: 33.801 GC heap after
{Heap after GC invocations=61 (full 0):
 garbage-first heap   total 284672K, used 195767K [0x00000000c0000000, 0x0000000100000000)
  region size 1024K, 3 young (3072K), 3 survivors (3072K)
 Metaspace       used 85086K, capacity 87255K, committed 87392K, reserved 1124352K
  class space    used 11157K, capacity 11980K, committed 12004K, reserved 1048576K
}
Event: 64.729 GC heap before
{Heap before GC invocations=62 (full 0):
 garbage-first heap   total 284672K, used 227511K [0x00000000c0000000, 0x0000000100000000)
  region size 1024K, 34 young (34816K), 3 survivors (3072K)
 Metaspace       used 90234K, capacity 92589K, committed 92768K, reserved 1130496K
  class space    used 11631K, capacity 12509K, committed 12516K, reserved 1048576K
}
Event: 64.838 GC heap after
{Heap after GC invocations=63 (full 0):
 garbage-first heap   total 284672K, used 166215K [0x00000000c0000000, 0x0000000100000000)
  region size 1024K, 4 young (4096K), 4 survivors (4096K)
 Metaspace       used 90234K, capacity 92589K, committed 92768K, reserved 1130496K
  class space    used 11631K, capacity 12509K, committed 12516K, reserved 1048576K
}
Event: 281.976 GC heap before
{Heap before GC invocations=63 (full 0):
 garbage-first heap   total 284672K, used 175431K [0x00000000c0000000, 0x0000000100000000)
  region size 1024K, 13 young (13312K), 4 survivors (4096K)
 Metaspace       used 90469K, capacity 92843K, committed 93152K, reserved 1130496K
  class space    used 11636K, capacity 12518K, committed 12644K, reserved 1048576K
}
Event: 282.364 GC heap after
{Heap after GC invocations=64 (full 0):
 garbage-first heap   total 284672K, used 136759K [0x00000000c0000000, 0x0000000100000000)
  region size 1024K, 2 young (2048K), 2 survivors (2048K)
 Metaspace       used 90469K, capacity 92843K, committed 93152K, reserved 1130496K
  class space    used 11636K, capacity 12518K, committed 12644K, reserved 1048576K
}
Event: 283.622 GC heap before
{Heap before GC invocations=64 (full 0):
 garbage-first heap   total 284672K, used 148023K [0x00000000c0000000, 0x0000000100000000)
  region size 1024K, 13 young (13312K), 2 survivors (2048K)
 Metaspace       used 90689K, capacity 93033K, committed 93152K, reserved 1130496K
  class space    used 11641K, capacity 12526K, committed 12644K, reserved 1048576K
}
Event: 283.683 GC heap after
{Heap after GC invocations=65 (full 0):
 garbage-first heap   total 284672K, used 135351K [0x00000000c0000000, 0x0000000100000000)
  region size 1024K, 2 young (2048K), 2 survivors (2048K)
 Metaspace       used 90689K, capacity 93033K, committed 93152K, reserved 1130496K
  class space    used 11641K, capacity 12526K, committed 12644K, reserved 1048576K
}
Event: 284.904 GC heap before
{Heap before GC invocations=65 (full 0):
 garbage-first heap   total 284672K, used 165047K [0x00000000c0000000, 0x0000000100000000)
  region size 1024K, 32 young (32768K), 2 survivors (2048K)
 Metaspace       used 90967K, capacity 93318K, committed 93664K, reserved 1130496K
  class space    used 11644K, capacity 12532K, committed 12644K, reserved 1048576K
}
Event: 284.939 GC heap after
{Heap after GC invocations=66 (full 0):
 garbage-first heap   total 284672K, used 137689K [0x00000000c0000000, 0x0000000100000000)
  region size 1024K, 4 young (4096K), 4 survivors (4096K)
 Metaspace       used 90967K, capacity 93318K, committed 93664K, reserved 1130496K
  class space    used 11644K, capacity 12532K, committed 12644K, reserved 1048576K
}
Event: 287.320 GC heap before
{Heap before GC invocations=67 (full 0):
 garbage-first heap   total 284672K, used 167385K [0x00000000c0000000, 0x0000000100000000)
  region size 1024K, 60 young (61440K), 4 survivors (4096K)
 Metaspace       used 91402K, capacity 93785K, committed 93920K, reserved 1130496K
  class space    used 11702K, capacity 12580K, committed 12644K, reserved 1048576K
}
Event: 287.339 GC heap after
{Heap after GC invocations=68 (full 0):
 garbage-first heap   total 284672K, used 113777K [0x00000000c0000000, 0x0000000100000000)
  region size 1024K, 7 young (7168K), 7 survivors (7168K)
 Metaspace       used 91402K, capacity 93785K, committed 93920K, reserved 1130496K
  class space    used 11702K, capacity 12580K, committed 12644K, reserved 1048576K
}
Event: 287.391 GC heap before
{Heap before GC invocations=68 (full 0):
 garbage-first heap   total 284672K, used 119921K [0x00000000c0000000, 0x0000000100000000)
  region size 1024K, 13 young (13312K), 7 survivors (7168K)
 Metaspace       used 91535K, capacity 93945K, committed 94176K, reserved 1130496K
  class space    used 11717K, capacity 12612K, committed 12644K, reserved 1048576K
}
Event: 287.439 GC heap after
{Heap after GC invocations=69 (full 0):
 garbage-first heap   total 284672K, used 86955K [0x00000000c0000000, 0x0000000100000000)
  region size 1024K, 2 young (2048K), 2 survivors (2048K)
 Metaspace       used 91535K, capacity 93945K, committed 94176K, reserved 1130496K
  class space    used 11717K, capacity 12612K, committed 12644K, reserved 1048576K
}
Event: 287.685 GC heap before
{Heap before GC invocations=69 (full 0):
 garbage-first heap   total 284672K, used 97195K [0x00000000c0000000, 0x0000000100000000)
  region size 1024K, 13 young (13312K), 2 survivors (2048K)
 Metaspace       used 91815K, capacity 94214K, committed 94560K, reserved 1130496K
  class space    used 11753K, capacity 12659K, committed 12772K, reserved 1048576K
}
Event: 287.705 GC heap after
{Heap after GC invocations=70 (full 0):
 garbage-first heap   total 284672K, used 86958K [0x00000000c0000000, 0x0000000100000000)
  region size 1024K, 2 young (2048K), 2 survivors (2048K)
 Metaspace       used 91815K, capacity 94214K, committed 94560K, reserved 1130496K
  class space    used 11753K, capacity 12659K, committed 12772K, reserved 1048576K
}
Event: 289.482 GC heap before
{Heap before GC invocations=70 (full 0):
 garbage-first heap   total 284672K, used 115630K [0x00000000c0000000, 0x0000000100000000)
  region size 1024K, 32 young (32768K), 2 survivors (2048K)
 Metaspace       used 98396K, capacity 100898K, committed 101088K, reserved 1136640K
  class space    used 12573K, capacity 13549K, committed 13668K, reserved 1048576K
}
Event: 289.493 GC heap after
{Heap after GC invocations=71 (full 0):
 garbage-first heap   total 284672K, used 88656K [0x00000000c0000000, 0x0000000100000000)
  region size 1024K, 4 young (4096K), 4 survivors (4096K)
 Metaspace       used 98396K, capacity 100898K, committed 101088K, reserved 1136640K
  class space    used 12573K, capacity 13549K, committed 13668K, reserved 1048576K
}

Deoptimization events (20 events):
Event: 289.546 Thread 0x0000022ed5cb9000 DEOPT PACKING pc=0x0000022ec5130c1c sp=0x000000ca7b7f9510
Event: 289.546 Thread 0x0000022ed5cb9000 DEOPT UNPACKING pc=0x0000022ebd1ca1af sp=0x000000ca7b7f9410 mode 2
Event: 289.547 Thread 0x0000022ed5cb9000 Uncommon trap: trap_request=0xffffff4d fr.pc=0x0000022ec5130720 relative=0x0000000000000060
Event: 289.547 Thread 0x0000022ed5cb9000 Uncommon trap: reason=unstable_if action=reinterpret pc=0x0000022ec5130720 method=java.lang.StringCoding.decode(Ljava/nio/charset/Charset;[BII)Ljava/lang/StringCoding$Result; @ 4 c2
Event: 289.547 Thread 0x0000022ed5cb9000 DEOPT PACKING pc=0x0000022ec5130720 sp=0x000000ca7b7f9430
Event: 289.547 Thread 0x0000022ed5cb9000 DEOPT UNPACKING pc=0x0000022ebd1ca1af sp=0x000000ca7b7f93a8 mode 2
Event: 289.637 Thread 0x0000022ed5cb9000 Uncommon trap: trap_request=0xffffff4d fr.pc=0x0000022ec5249e00 relative=0x0000000000000260
Event: 289.637 Thread 0x0000022ed5cb9000 Uncommon trap: reason=unstable_if action=reinterpret pc=0x0000022ec5249e00 method=jdk.nio.zipfs.ZipPath.<init>(Ljdk/nio/zipfs/ZipFileSystem;[BZ)V @ 20 c2
Event: 289.637 Thread 0x0000022ed5cb9000 DEOPT PACKING pc=0x0000022ec5249e00 sp=0x000000ca7b7f9690
Event: 289.637 Thread 0x0000022ed5cb9000 DEOPT UNPACKING pc=0x0000022ebd1ca1af sp=0x000000ca7b7f9660 mode 2
Event: 289.637 Thread 0x0000022ed5cb9000 Uncommon trap: trap_request=0xffffff4d fr.pc=0x0000022ec52442f4 relative=0x00000000000000d4
Event: 289.637 Thread 0x0000022ed5cb9000 Uncommon trap: reason=unstable_if action=reinterpret pc=0x0000022ec52442f4 method=jdk.nio.zipfs.ZipConstants.pkSigAt([BIII)Z @ 5 c2
Event: 289.637 Thread 0x0000022ed5cb9000 DEOPT PACKING pc=0x0000022ec52442f4 sp=0x000000ca7b7f94e0
Event: 289.637 Thread 0x0000022ed5cb9000 DEOPT UNPACKING pc=0x0000022ebd1ca1af sp=0x000000ca7b7f9488 mode 2
Event: 289.639 Thread 0x0000022ed5cb9000 Uncommon trap: trap_request=0xffffff4d fr.pc=0x0000022ec52491f4 relative=0x00000000000005b4
Event: 289.639 Thread 0x0000022ed5cb9000 Uncommon trap: reason=unstable_if action=reinterpret pc=0x0000022ec52491f4 method=jdk.nio.zipfs.ZipPath.getFileName()Ljdk/nio/zipfs/ZipPath; @ 12 c2
Event: 289.639 Thread 0x0000022ed5cb9000 DEOPT PACKING pc=0x0000022ec52491f4 sp=0x000000ca7b7f9680
Event: 289.639 Thread 0x0000022ed5cb9000 DEOPT UNPACKING pc=0x0000022ebd1ca1af sp=0x000000ca7b7f9638 mode 2
Event: 290.081 Thread 0x0000022ed5cb9000 DEOPT PACKING pc=0x0000022ebdd1d262 sp=0x000000ca7b7f9510
Event: 290.081 Thread 0x0000022ed5cb9000 DEOPT UNPACKING pc=0x0000022ebd1ca95e sp=0x000000ca7b7f89f8 mode 0

Classes redefined (0 events):
No events

Internal exceptions (20 events):
Event: 34.004 Thread 0x0000022ed7ca9000 Exception <a 'sun/nio/fs/WindowsException'{0x00000000d11e2f08}> (0x00000000d11e2f08) thrown at [./src/hotspot/share/prims/jni.cpp, line 615]
Event: 34.014 Thread 0x0000022ed7ca9000 Implicit null exception at 0x0000022ec4e231c3 to 0x0000022ec4e241f4
Event: 34.187 Thread 0x0000022ed7ca9000 Exception <a 'java/lang/NoSuchMethodError'{0x00000000d109e198}: 'java.lang.Object java.lang.invoke.Invokers$Holder.linkToTargetMethod(java.lang.Object, java.lang.Object, java.lang.Object, java.lang.Object, int, java.lang.Object, java.lang.Object)'> (0x00000000d109e198) thrown at [./src/hotspot/share/interpreter/linkResolver.cpp, line 773]
Event: 34.313 Thread 0x0000022ed7ca9000 Exception <a 'java/lang/NoSuchMethodError'{0x00000000d0c839f8}: 'java.lang.Object java.lang.invoke.DirectMethodHandle$Holder.invokeStatic(java.lang.Object, java.lang.Object, java.lang.Object, java.lang.Object, java.lang.Object, java.lang.Object, java.lang.Object, int)'> (0x00000000d0c839f8) thrown at [./src/hotspot/share/interpreter/linkResolver.cpp, line 773]
Event: 34.314 Thread 0x0000022ed7ca9000 Exception <a 'java/lang/NoSuchMethodError'{0x00000000d0c87e30}: 'java.lang.Object java.lang.invoke.DirectMethodHandle$Holder.invokeSpecial(java.lang.Object, java.lang.Object, java.lang.Object, java.lang.Object, java.lang.Object, java.lang.Object, java.lang.Object, java.lang.Object, int)'> (0x00000000d0c87e30) thrown at [./src/hotspot/share/interpreter/linkResolver.cpp, line 773]
Event: 34.314 Thread 0x0000022ed7ca9000 Exception <a 'java/lang/NoSuchMethodError'{0x00000000d0c8bbe8}: 'java.lang.Object java.lang.invoke.Invokers$Holder.linkToTargetMethod(java.lang.Object, java.lang.Object, java.lang.Object, java.lang.Object, java.lang.Object, java.lang.Object, int, java.lang.Object)'> (0x00000000d0c8bbe8) thrown at [./src/hotspot/share/interpreter/linkResolver.cpp, line 773]
Event: 35.279 Thread 0x0000022ed15c9000 Implicit null exception at 0x0000022ec4fcca67 to 0x0000022ec4fccbf8
Event: 283.772 Thread 0x0000022ed582a000 Implicit null exception at 0x0000022ec5199e55 to 0x0000022ec519a2ac
Event: 283.773 Thread 0x0000022ed582a000 Implicit null exception at 0x0000022ec51a1f52 to 0x0000022ec51a2358
Event: 283.804 Thread 0x0000022ed582a000 Exception <a 'sun/nio/fs/WindowsException'{0x00000000d14b5d30}> (0x00000000d14b5d30) thrown at [./src/hotspot/share/prims/jni.cpp, line 615]
Event: 287.145 Thread 0x0000022ed5cb9000 Exception <a 'sun/nio/fs/WindowsException'{0x00000000ce0b20a0}> (0x00000000ce0b20a0) thrown at [./src/hotspot/share/prims/jni.cpp, line 615]
Event: 287.146 Thread 0x0000022ed5cb9000 Exception <a 'sun/nio/fs/WindowsException'{0x00000000ce0b2a70}> (0x00000000ce0b2a70) thrown at [./src/hotspot/share/prims/jni.cpp, line 615]
Event: 287.147 Thread 0x0000022ed5cb9000 Exception <a 'sun/nio/fs/WindowsException'{0x00000000ce0b6288}> (0x00000000ce0b6288) thrown at [./src/hotspot/share/prims/jni.cpp, line 615]
Event: 287.147 Thread 0x0000022ed5cb9000 Exception <a 'sun/nio/fs/WindowsException'{0x00000000ce0b6f20}> (0x00000000ce0b6f20) thrown at [./src/hotspot/share/prims/jni.cpp, line 615]
Event: 287.147 Thread 0x0000022ed5cb9000 Exception <a 'sun/nio/fs/WindowsException'{0x00000000ce0b8990}> (0x00000000ce0b8990) thrown at [./src/hotspot/share/prims/jni.cpp, line 615]
Event: 287.148 Thread 0x0000022ed5cb9000 Exception <a 'sun/nio/fs/WindowsException'{0x00000000ce0b93b8}> (0x00000000ce0b93b8) thrown at [./src/hotspot/share/prims/jni.cpp, line 615]
Event: 288.613 Thread 0x0000022ed5cb9000 Exception <a 'sun/nio/fs/WindowsException'{0x00000000d0d30288}> (0x00000000d0d30288) thrown at [./src/hotspot/share/prims/jni.cpp, line 615]
Event: 288.634 Thread 0x0000022ed5cb9000 Exception <a 'java/lang/NoSuchMethodError'{0x00000000d0d3c410}: 'java.lang.Object java.lang.invoke.Invokers$Holder.linkToTargetMethod(java.lang.Object, java.lang.Object, java.lang.Object, int, int, java.lang.Object)'> (0x00000000d0d3c410) thrown at [./src/hotspot/share/interpreter/linkResolver.cpp, line 773]
Event: 289.445 Thread 0x0000022ed5cb9000 Exception <a 'sun/nio/fs/WindowsException'{0x00000000cf6313f8}> (0x00000000cf6313f8) thrown at [./src/hotspot/share/prims/jni.cpp, line 615]
Event: 289.445 Thread 0x0000022ed5cb9000 Exception <a 'sun/nio/fs/WindowsException'{0x00000000cf631500}> (0x00000000cf631500) thrown at [./src/hotspot/share/prims/jni.cpp, line 615]

Events (20 events):
Event: 289.482 Executing VM operation: G1CollectForAllocation
Event: 289.493 Executing VM operation: G1CollectForAllocation done
Event: 289.540 loading class java/time/DateTimeException
Event: 289.540 loading class java/time/DateTimeException done
Event: 289.541 loading class java/util/regex/PatternSyntaxException
Event: 289.541 loading class java/util/regex/PatternSyntaxException done
Event: 289.544 loading class java/nio/file/SimpleFileVisitor
Event: 289.544 loading class java/nio/file/SimpleFileVisitor done
Event: 289.545 loading class java/nio/file/ClosedDirectoryStreamException
Event: 289.545 loading class java/nio/file/ClosedDirectoryStreamException done
Event: 289.546 loading class java/nio/file/DirectoryIteratorException
Event: 289.546 loading class java/nio/file/DirectoryIteratorException done
Event: 289.641 loading class com/sun/tools/javac/code/Symbol$PackageSymbol
Event: 289.641 loading class com/sun/tools/javac/code/Symbol$PackageSymbol done
Event: 289.641 loading class com/sun/tools/javac/code/ClassFinder
Event: 289.641 loading class com/sun/tools/javac/code/ClassFinder done
Event: 289.783 Executing VM operation: CGC_Operation
Event: 289.946 Executing VM operation: CGC_Operation done
Event: 290.113 Executing VM operation: CGC_Operation
Event: 290.114 Executing VM operation: CGC_Operation done


Dynamic libraries:
0x00007ff7680f0000 - 0x00007ff7680fa000 	C:\Program Files\Android\Android Studio\jre\bin\java.exe
0x00007ff921050000 - 0x00007ff921248000 	C:\Windows\SYSTEM32\ntdll.dll
0x00007ff9203e0000 - 0x00007ff92049d000 	C:\Windows\System32\KERNEL32.DLL
0x00007ff91e990000 - 0x00007ff91ec5e000 	C:\Windows\System32\KERNELBASE.dll
0x00007ff91ec60000 - 0x00007ff91ed60000 	C:\Windows\System32\ucrtbase.dll
0x00007ff918ca0000 - 0x00007ff918cb7000 	C:\Program Files\Android\Android Studio\jre\bin\VCRUNTIME140.dll
0x00007ff918c80000 - 0x00007ff918c99000 	C:\Program Files\Android\Android Studio\jre\bin\jli.dll
0x00007ff91f270000 - 0x00007ff91f410000 	C:\Windows\System32\USER32.dll
0x00007ff91e8d0000 - 0x00007ff91e8f2000 	C:\Windows\System32\win32u.dll
0x00007ff90a250000 - 0x00007ff90a4ea000 	C:\Windows\WinSxS\amd64_microsoft.windows.common-controls_6595b64144ccf1df_6.0.19041.1110_none_60b5254171f9507e\COMCTL32.dll
0x00007ff91feb0000 - 0x00007ff91feda000 	C:\Windows\System32\GDI32.dll
0x00007ff920770000 - 0x00007ff92080e000 	C:\Windows\System32\msvcrt.dll
0x00007ff91eea0000 - 0x00007ff91efab000 	C:\Windows\System32\gdi32full.dll
0x00007ff91edd0000 - 0x00007ff91ee6d000 	C:\Windows\System32\msvcp_win.dll
0x00007ff91fb60000 - 0x00007ff91fb90000 	C:\Windows\System32\IMM32.DLL
0x00007ff901ed0000 - 0x00007ff901f6d000 	C:\Program Files\Android\Android Studio\jre\bin\msvcp140.dll
0x00007ff8cb1a0000 - 0x00007ff8cbc85000 	C:\Program Files\Android\Android Studio\jre\bin\server\jvm.dll
0x00007ff91f160000 - 0x00007ff91f20e000 	C:\Windows\System32\ADVAPI32.dll
0x00007ff91fb90000 - 0x00007ff91fc2c000 	C:\Windows\System32\sechost.dll
0x00007ff920c80000 - 0x00007ff920da5000 	C:\Windows\System32\RPCRT4.dll
0x00007ff920760000 - 0x00007ff920768000 	C:\Windows\System32\PSAPI.DLL
0x00007ff90e5b0000 - 0x00007ff90e5b9000 	C:\Windows\SYSTEM32\WSOCK32.dll
0x00007ff903f50000 - 0x00007ff903f77000 	C:\Windows\SYSTEM32\WINMM.dll
0x00007ff9206f0000 - 0x00007ff92075b000 	C:\Windows\System32\WS2_32.dll
0x00007ff90f0e0000 - 0x00007ff90f0ea000 	C:\Windows\SYSTEM32\VERSION.dll
0x00007ff91c660000 - 0x00007ff91c672000 	C:\Windows\SYSTEM32\kernel.appcore.dll
0x00007ff90e590000 - 0x00007ff90e5a1000 	C:\Program Files\Android\Android Studio\jre\bin\verify.dll
0x00007ff905fc0000 - 0x00007ff9061a4000 	C:\Windows\SYSTEM32\DBGHELP.DLL
0x00007ff905f90000 - 0x00007ff905fbc000 	C:\Windows\SYSTEM32\dbgcore.DLL
0x00007ff91e900000 - 0x00007ff91e982000 	C:\Windows\System32\bcryptPrimitives.dll
0x00007ff901e70000 - 0x00007ff901e99000 	C:\Program Files\Android\Android Studio\jre\bin\java.dll
0x00007ff90e580000 - 0x00007ff90e58b000 	C:\Program Files\Android\Android Studio\jre\bin\jimage.dll
0x00007ff903860000 - 0x00007ff903878000 	C:\Program Files\Android\Android Studio\jre\bin\zip.dll
0x00007ff91f410000 - 0x00007ff91fb53000 	C:\Windows\System32\SHELL32.dll
0x00007ff91c860000 - 0x00007ff91cff5000 	C:\Windows\SYSTEM32\windows.storage.dll
0x00007ff920080000 - 0x00007ff9203d4000 	C:\Windows\System32\combase.dll
0x00007ff91e1d0000 - 0x00007ff91e200000 	C:\Windows\SYSTEM32\Wldp.dll
0x00007ff920db0000 - 0x00007ff920e5d000 	C:\Windows\System32\SHCORE.dll
0x00007ff91f210000 - 0x00007ff91f265000 	C:\Windows\System32\shlwapi.dll
0x00007ff91e6b0000 - 0x00007ff91e6cf000 	C:\Windows\SYSTEM32\profapi.dll
0x00007ff8ff960000 - 0x00007ff8ff97a000 	C:\Program Files\Android\Android Studio\jre\bin\net.dll
0x00007ff912750000 - 0x00007ff91285a000 	C:\Windows\SYSTEM32\WINHTTP.dll
0x00007ff91df30000 - 0x00007ff91df9a000 	C:\Windows\system32\mswsock.dll
0x00007ff8fd400000 - 0x00007ff8fd414000 	C:\Program Files\Android\Android Studio\jre\bin\nio.dll
0x00007ff8fabb0000 - 0x00007ff8fabd7000 	C:\Android Program\RecyclerInsetSelectShow-master\RecyclerInsetSelectShow-master\native\f6784746aeab05261644944871eae4fe03e0ef1612fff0a4a95f87b438bc6780\windows-amd64\native-platform.dll
0x00007ff90e570000 - 0x00007ff90e57a000 	C:\Program Files\Android\Android Studio\jre\bin\management.dll
0x00007ff903bd0000 - 0x00007ff903bdd000 	C:\Program Files\Android\Android Studio\jre\bin\management_ext.dll
0x00007ff91e120000 - 0x00007ff91e138000 	C:\Windows\SYSTEM32\CRYPTSP.dll
0x00007ff91d840000 - 0x00007ff91d874000 	C:\Windows\system32\rsaenh.dll
0x00007ff91ee70000 - 0x00007ff91ee97000 	C:\Windows\System32\bcrypt.dll
0x00007ff91e670000 - 0x00007ff91e69e000 	C:\Windows\SYSTEM32\USERENV.dll
0x00007ff91e140000 - 0x00007ff91e14c000 	C:\Windows\SYSTEM32\CRYPTBASE.dll
0x00007ff91dbd0000 - 0x00007ff91dc0b000 	C:\Windows\SYSTEM32\IPHLPAPI.DLL
0x00007ff9204a0000 - 0x00007ff9204a8000 	C:\Windows\System32\NSI.dll
0x00007ff914a40000 - 0x00007ff914a57000 	C:\Windows\SYSTEM32\dhcpcsvc6.DLL
0x00007ff914cc0000 - 0x00007ff914cdd000 	C:\Windows\SYSTEM32\dhcpcsvc.DLL
0x00007ff91dc20000 - 0x00007ff91dcea000 	C:\Windows\SYSTEM32\DNSAPI.dll
0x00007ff917360000 - 0x00007ff91736b000 	C:\Windows\SYSTEM32\WINNSI.DLL
0x00007ff90c460000 - 0x00007ff90c487000 	C:\Program Files\Android\Android Studio\jre\bin\sunec.dll

dbghelp: loaded successfully - version: 4.0.5 - missing functions: none
symbol engine: initialized successfully - sym options: 0x614 - pdb path: .;C:\Program Files\Android\Android Studio\jre\bin;C:\Windows\SYSTEM32;C:\Windows\WinSxS\amd64_microsoft.windows.common-controls_6595b64144ccf1df_6.0.19041.1110_none_60b5254171f9507e;C:\Program Files\Android\Android Studio\jre\bin\server;C:\Android Program\RecyclerInsetSelectShow-master\RecyclerInsetSelectShow-master\native\f6784746aeab05261644944871eae4fe03e0ef1612fff0a4a95f87b438bc6780\windows-amd64

VM Arguments:
jvm_args: --add-opens=java.base/java.util=ALL-UNNAMED --add-opens=java.base/java.lang=ALL-UNNAMED --add-opens=java.base/java.lang.invoke=ALL-UNNAMED --add-opens=java.prefs/java.util.prefs=ALL-UNNAMED -Xmx1024m -Dfile.encoding=UTF-8 -Duser.country=IN -Duser.language=en -Duser.variant 
java_command: org.gradle.launcher.daemon.bootstrap.GradleDaemon 6.5
java_class_path (initial): C:\Android Program\RecyclerInsetSelectShow-master\RecyclerInsetSelectShow-master\wrapper\dists\gradle-6.5-bin\6nifqtx7604sqp1q6g8wikw7p\gradle-6.5\lib\gradle-launcher-6.5.jar
Launcher Type: SUN_STANDARD

[Global flags]
     intx CICompilerCount                          = 3                                         {product} {ergonomic}
     uint ConcGCThreads                            = 1                                         {product} {ergonomic}
     uint G1ConcRefinementThreads                  = 4                                         {product} {ergonomic}
   size_t G1HeapRegionSize                         = 1048576                                   {product} {ergonomic}
    uintx GCDrainStackTargetSize                   = 64                                        {product} {ergonomic}
   size_t InitialHeapSize                          = 67108864                                  {product} {ergonomic}
   size_t MarkStackSize                            = 4194304                                   {product} {ergonomic}
   size_t MaxHeapSize                              = 1073741824                                {product} {command line}
   size_t MaxNewSize                               = 643825664                                 {product} {ergonomic}
   size_t MinHeapDeltaBytes                        = 1048576                                   {product} {ergonomic}
    uintx NonNMethodCodeHeapSize                   = 5830732                                {pd product} {ergonomic}
    uintx NonProfiledCodeHeapSize                  = 122913754                              {pd product} {ergonomic}
    uintx ProfiledCodeHeapSize                     = 122913754                              {pd product} {ergonomic}
    uintx ReservedCodeCacheSize                    = 251658240                              {pd product} {ergonomic}
     bool SegmentedCodeCache                       = true                                      {product} {ergonomic}
     bool UseCompressedClassPointers               = true                                 {lp64_product} {ergonomic}
     bool UseCompressedOops                        = true                                 {lp64_product} {ergonomic}
     bool UseG1GC                                  = true                                      {product} {ergonomic}
     bool UseLargePagesIndividualAllocation        = false                                  {pd product} {ergonomic}

Logging:
Log output configuration:
 #0: stdout all=warning uptime,level,tags
 #1: stderr all=off uptime,level,tags

Environment Variables:
PATH=C:\Windows\system32;C:\Windows;C:\Windows\System32\Wbem;C:\Windows\System32\WindowsPowerShell\v1.0\;C:\Windows\System32\OpenSSH\;C:\Users\HP\AppData\Local\Microsoft\WindowsApps;C:\Users\HP\AppData\Local\GitHubDesktop\bin
USERNAME=HP
OS=Windows_NT
PROCESSOR_IDENTIFIER=Intel64 Family 6 Model 78 Stepping 3, GenuineIntel



---------------  S Y S T E M  ---------------

OS: Windows 10 , 64 bit Build 19041 (10.0.19041.1889)
OS uptime: 32 days 0:39 hours

CPU:total 4 (initial active 4) (2 cores per cpu, 2 threads per core) family 6 model 78 stepping 3 microcode 0xcc, cmov, cx8, fxsr, mmx, sse, sse2, sse3, ssse3, sse4.1, sse4.2, popcnt, avx, avx2, aes, clmul, erms, 3dnowpref, lzcnt, ht, tsc, tscinvbit, bmi1, bmi2, adx, fma

Memory: 4k page, system-wide physical 4012M (266M free)
TotalPageFile size 16300M (AvailPageFile size 6M)
current process WorkingSet (physical memory assigned to process): 360M, peak: 437M
current process commit charge ("private bytes"): 574M, peak: 576M

vm_info: OpenJDK 64-Bit Server VM (11.0.12+7-b1504.28-7817840) for windows-amd64 JRE (11.0.12+7-b1504.28-7817840), built on Oct 13 2021 22:12:33 by "builder" with MS VC++ 14.0 (VS2015)

END.
