#
# There is insufficient memory for the Java Runtime Environment to continue.
# Native memory allocation (mmap) failed to map 49283072 bytes for Failed to commit area from 0x00000000cc300000 to 0x00000000cf200000 of length 49283072.
# Possible reasons:
#   The system is out of physical RAM or swap space
#   The process is running with CompressedOops enabled, and the Java Heap may be blocking the growth of the native heap
# Possible solutions:
#   Reduce memory load on the system
#   Increase physical memory or swap space
#   Check if swap backing store is full
#   Decrease Java heap size (-Xmx/-Xms)
#   Decrease number of Java threads
#   Decrease Java thread stack sizes (-Xss)
#   Set larger code cache with -XX:ReservedCodeCacheSize=
#   JVM is running with Unscaled Compressed Oops mode in which the Java heap is
#     placed in the first 4GB address space. The Java Heap base address is the
#     maximum limit for the native heap growth. Please use -XX:HeapBaseMinAddress
#     to set the Java Heap base and to place the Java Heap above 4GB virtual address.
# This output file may be truncated or incomplete.
#
#  Out of Memory Error (./src/hotspot/os/windows/os_windows.cpp:3521), pid=12424, tid=5348
#
# JRE version: OpenJDK Runtime Environment (11.0.12+7) (build 11.0.12+7-b1504.28-7817840)
# Java VM: OpenJDK 64-Bit Server VM (11.0.12+7-b1504.28-7817840, mixed mode, tiered, compressed oops, g1 gc, windows-amd64)
# No core dump will be written. Minidumps are not enabled by default on client versions of Windows
#

---------------  S U M M A R Y ------------

Command Line: --add-opens=java.base/java.util=ALL-UNNAMED --add-opens=java.base/java.lang=ALL-UNNAMED --add-opens=java.base/java.lang.invoke=ALL-UNNAMED --add-opens=java.prefs/java.util.prefs=ALL-UNNAMED -Xmx1024m -Dfile.encoding=UTF-8 -Duser.country=IN -Duser.language=en -Duser.variant org.gradle.launcher.daemon.bootstrap.GradleDaemon 6.5

Host: Intel(R) Core(TM) i3-6006U CPU @ 2.00GHz, 4 cores, 3G,  Windows 10 , 64 bit Build 19041 (10.0.19041.1889)
Time: Fri Nov  4 14:18:53 2022 US Eastern Daylight Time elapsed time: 35.060402 seconds (0d 0h 0m 35s)

---------------  T H R E A D  ---------------

Current thread (0x00000264e5d16800):  VMThread "VM Thread" [stack: 0x00000086a2a00000,0x00000086a2b00000] [id=5348]

Stack: [0x00000086a2a00000,0x00000086a2b00000]
[error occurred during error reporting (printing stack bounds), id 0xc0000005, EXCEPTION_ACCESS_VIOLATION (0xc0000005) at pc=0x00000264d1a8112d]

Native frames: (J=compiled Java code, j=interpreted, Vv=VM code, C=native code)
V  [jvm.dll+0x5fbcea]
V  [jvm.dll+0x731905]
V  [jvm.dll+0x732f1d]
V  [jvm.dll+0x733535]
V  [jvm.dll+0x7334eb]
V  [jvm.dll+0x5fb080]
V  [jvm.dll+0x5fb818]
C  [ntdll.dll+0xa235f]
C  [ntdll.dll+0x514a4]
C  [ntdll.dll+0xa0e8e]
C  0x00000264d1a8112d

VM_Operation (0x00000086abafc160): G1CollectForAllocation, mode: safepoint, requested by thread 0x00000264ed854800


---------------  P R O C E S S  ---------------

Threads class SMR info:
_java_thread_list=0x00000264eae41df0, length=140, elements={
0x00000264cdf68000, 0x00000264e5d1c000, 0x00000264e5d1d800, 0x00000264e5d34800,
0x00000264e5d35800, 0x00000264e5d39000, 0x00000264e5d8c800, 0x00000264e5d90800,
0x00000264e5d92000, 0x00000264e6007800, 0x00000264e73f0000, 0x00000264e737d800,
0x00000264e7a6b800, 0x00000264e7526000, 0x00000264e7527000, 0x00000264e74c7800,
0x00000264e7640800, 0x00000264e7b31000, 0x00000264e8086800, 0x00000264e8087800,
0x00000264e8089000, 0x00000264e8085000, 0x00000264e8088800, 0x00000264e8086000,
0x00000264e8083800, 0x00000264e808a000, 0x00000264e8084000, 0x00000264e811a800,
0x00000264e811a000, 0x00000264e811e000, 0x00000264e811b800, 0x00000264e811e800,
0x00000264e811d000, 0x00000264e8120800, 0x00000264ea913800, 0x00000264ea917000,
0x00000264ea916000, 0x00000264ea911000, 0x00000264ea917800, 0x00000264ea912000,
0x00000264ea915800, 0x00000264ea918800, 0x00000264ea913000, 0x00000264ea919800,
0x00000264ea91a000, 0x00000264ea914800, 0x00000264ea91b000, 0x00000264ea91c000,
0x00000264ea91e800, 0x00000264ea91f000, 0x00000264ea91c800, 0x00000264ea920000,
0x00000264ea91d800, 0x00000264eaa0a800, 0x00000264eaa0b800, 0x00000264eaa0c000,
0x00000264eaa08000, 0x00000264eaa09800, 0x00000264eaa09000, 0x00000264eaa07800,
0x00000264eaa0e800, 0x00000264eaa11000, 0x00000264eaa12000, 0x00000264eaa0d000,
0x00000264eaa12800, 0x00000264eaa0f800, 0x00000264eaa10800, 0x00000264eaa13800,
0x00000264eaa0e000, 0x00000264eaa16000, 0x00000264eaa14800, 0x00000264eaa15000,
0x00000264ea9af000, 0x00000264ea9b2800, 0x00000264ea9b1000, 0x00000264ea9b1800,
0x00000264ea9b0000, 0x00000264ea9b3000, 0x00000264ea9b4000, 0x00000264ea9ae800,
0x00000264ea9b6800, 0x00000264ea9b8000, 0x00000264ea9ba800, 0x00000264ea9b5800,
0x00000264ea9b7800, 0x00000264ea9b5000, 0x00000264ea9bb800, 0x00000264ea9bd000,
0x00000264ea9b9000, 0x00000264ea9b9800, 0x00000264ea9bc000, 0x00000264ea78d000,
0x00000264ea788000, 0x00000264ea789000, 0x00000264ea787000, 0x00000264ea78e800,
0x00000264ea78a800, 0x00000264ea78d800, 0x00000264ea78b000, 0x00000264ea789800,
0x00000264ea78f800, 0x00000264ea790000, 0x00000264ea78c000, 0x00000264ea796000,
0x00000264ea795000, 0x00000264ea794000, 0x00000264ea793800, 0x00000264ea791000,
0x00000264ea792000, 0x00000264ea792800, 0x00000264ea976800, 0x00000264ea978800,
0x00000264ea97d000, 0x00000264ea977000, 0x00000264ea979800, 0x00000264ea97b000,
0x00000264ea97a800, 0x00000264ea97c000, 0x00000264ea97d800, 0x00000264ea978000,
0x00000264ea97e800, 0x00000264ea981000, 0x00000264ea981800, 0x00000264ea983800,
0x00000264ea984000, 0x00000264ea982800, 0x00000264ea985000, 0x00000264ea97f800,
0x00000264ea980000, 0x00000264ed84e800, 0x00000264ed84a800, 0x00000264ed84f800,
0x00000264ed84c000, 0x00000264ed84d000, 0x00000264ed849800, 0x00000264ed855000,
0x00000264ed852800, 0x00000264ed856000, 0x00000264ed854800, 0x00000264ed850000
}

Java Threads: ( => current thread )
  0x00000264cdf68000 JavaThread "main" [_thread_blocked, id=4932, stack(0x00000086a2400000,0x00000086a2500000)]
  0x00000264e5d1c000 JavaThread "Reference Handler" daemon [_thread_blocked, id=13172, stack(0x00000086a2b00000,0x00000086a2c00000)]
  0x00000264e5d1d800 JavaThread "Finalizer" daemon [_thread_blocked, id=9884, stack(0x00000086a2c00000,0x00000086a2d00000)]
  0x00000264e5d34800 JavaThread "Signal Dispatcher" daemon [_thread_blocked, id=12720, stack(0x00000086a2d00000,0x00000086a2e00000)]
  0x00000264e5d35800 JavaThread "Attach Listener" daemon [_thread_blocked, id=9432, stack(0x00000086a2e00000,0x00000086a2f00000)]
  0x00000264e5d39000 JavaThread "Service Thread" daemon [_thread_blocked, id=9264, stack(0x00000086a2f00000,0x00000086a3000000)]
  0x00000264e5d8c800 JavaThread "C2 CompilerThread0" daemon [_thread_blocked, id=10580, stack(0x00000086a3000000,0x00000086a3100000)]
  0x00000264e5d90800 JavaThread "C1 CompilerThread0" daemon [_thread_blocked, id=3596, stack(0x00000086a3100000,0x00000086a3200000)]
  0x00000264e5d92000 JavaThread "Sweeper thread" daemon [_thread_blocked, id=9988, stack(0x00000086a3200000,0x00000086a3300000)]
  0x00000264e6007800 JavaThread "Common-Cleaner" daemon [_thread_blocked, id=12636, stack(0x00000086a3300000,0x00000086a3400000)]
  0x00000264e73f0000 JavaThread "Daemon health stats" [_thread_blocked, id=5740, stack(0x00000086a3600000,0x00000086a3700000)]
  0x00000264e737d800 JavaThread "Incoming local TCP Connector on port 65105" [_thread_in_native, id=5948, stack(0x00000086a3b00000,0x00000086a3c00000)]
  0x00000264e7a6b800 JavaThread "Daemon periodic checks" [_thread_blocked, id=12252, stack(0x00000086a3c00000,0x00000086a3d00000)]
  0x00000264e7526000 JavaThread "Daemon" [_thread_blocked, id=10272, stack(0x00000086a3d00000,0x00000086a3e00000)]
  0x00000264e7527000 JavaThread "Handler for socket connection from /127.0.0.1:65105 to /127.0.0.1:65106" [_thread_in_native, id=7172, stack(0x00000086a3e00000,0x00000086a3f00000)]
  0x00000264e74c7800 JavaThread "Cancel handler" [_thread_blocked, id=11000, stack(0x00000086a3f00000,0x00000086a4000000)]
  0x00000264e7640800 JavaThread "Daemon worker" [_thread_blocked, id=1316, stack(0x00000086a4000000,0x00000086a4100000)]
  0x00000264e7b31000 JavaThread "Asynchronous log dispatcher for DefaultDaemonConnection: socket connection from /127.0.0.1:65105 to /127.0.0.1:65106" [_thread_blocked, id=11996, stack(0x00000086a4100000,0x00000086a4200000)]
  0x00000264e8086800 JavaThread "Stdin handler" [_thread_blocked, id=4072, stack(0x00000086a4200000,0x00000086a4300000)]
  0x00000264e8087800 JavaThread "Thread-8" [_thread_blocked, id=9860, stack(0x00000086a4300000,0x00000086a4400000)]
  0x00000264e8089000 JavaThread "Cache worker for journal cache (C:\Android Program\RecyclerInsetSelectShow-master\RecyclerInsetSelectShow-master\caches\journal-1)" [_thread_blocked, id=12768, stack(0x00000086a4400000,0x00000086a4500000)]
  0x00000264e8085000 JavaThread "File lock request listener" [_thread_in_native, id=11688, stack(0x00000086a4500000,0x00000086a4600000)]
  0x00000264e8088800 JavaThread "Cache worker for file hash cache (C:\Android Program\RecyclerInsetSelectShow-master\RecyclerInsetSelectShow-master\caches\6.5\fileHashes)" [_thread_blocked, id=5820, stack(0x00000086a4600000,0x00000086a4700000)]
  0x00000264e8086000 JavaThread "Cache worker for file hash cache (C:\Android Program\fintastics_santhosh-main (1)\fintastics_santhosh-main\.gradle\6.5\fileHashes)" [_thread_blocked, id=9560, stack(0x00000086a4700000,0x00000086a4800000)]
  0x00000264e8083800 JavaThread "Cache worker for checksums cache (C:\Android Program\fintastics_santhosh-main (1)\fintastics_santhosh-main\.gradle\checksums)" [_thread_blocked, id=2216, stack(0x00000086a4800000,0x00000086a4900000)]
  0x00000264e808a000 JavaThread "Cache worker for cache directory md-supplier (C:\Android Program\RecyclerInsetSelectShow-master\RecyclerInsetSelectShow-master\caches\6.5\md-supplier)" [_thread_blocked, id=6804, stack(0x00000086a4900000,0x00000086a4a00000)]
  0x00000264e8084000 JavaThread "Cache worker for cache directory md-rule (C:\Android Program\RecyclerInsetSelectShow-master\RecyclerInsetSelectShow-master\caches\6.5\md-rule)" [_thread_blocked, id=5432, stack(0x00000086a4a00000,0x00000086a4b00000)]
  0x00000264e811a800 JavaThread "Cache worker for execution history cache (C:\Android Program\RecyclerInsetSelectShow-master\RecyclerInsetSelectShow-master\caches\6.5\executionHistory)" [_thread_blocked, id=2712, stack(0x00000086a4b00000,0x00000086a4c00000)]
  0x00000264e811a000 JavaThread "jar transforms" [_thread_blocked, id=6572, stack(0x00000086a4c00000,0x00000086a4d00000)]
  0x00000264e811e000 JavaThread "Cache worker for file content cache (C:\Android Program\RecyclerInsetSelectShow-master\RecyclerInsetSelectShow-master\caches\6.5\fileContent)" [_thread_blocked, id=696, stack(0x00000086a4d00000,0x00000086a4e00000)]
  0x00000264e811b800 JavaThread "Build operations" [_thread_blocked, id=1060, stack(0x00000086a4e00000,0x00000086a4f00000)]
  0x00000264e811e800 JavaThread "Build operations Thread 2" [_thread_blocked, id=3764, stack(0x00000086a4f00000,0x00000086a5000000)]
  0x00000264e811d000 JavaThread "Build operations Thread 3" [_thread_blocked, id=4732, stack(0x00000086a5000000,0x00000086a5100000)]
  0x00000264e8120800 JavaThread "Build operations Thread 4" [_thread_blocked, id=12512, stack(0x00000086a5100000,0x00000086a5200000)]
  0x00000264ea913800 JavaThread "jar transforms Thread 2" [_thread_blocked, id=9208, stack(0x00000086a5200000,0x00000086a5300000)]
  0x00000264ea917000 JavaThread "jar transforms Thread 3" [_thread_blocked, id=2012, stack(0x00000086a5300000,0x00000086a5400000)]
  0x00000264ea916000 JavaThread "jar transforms Thread 4" [_thread_blocked, id=6316, stack(0x00000086a5400000,0x00000086a5500000)]
  0x00000264ea911000 JavaThread "jar transforms Thread 5" [_thread_blocked, id=6988, stack(0x00000086a5500000,0x00000086a5600000)]
  0x00000264ea917800 JavaThread "jar transforms Thread 6" [_thread_blocked, id=13088, stack(0x00000086a5600000,0x00000086a5700000)]
  0x00000264ea912000 JavaThread "jar transforms Thread 7" [_thread_blocked, id=2900, stack(0x00000086a5700000,0x00000086a5800000)]
  0x00000264ea915800 JavaThread "jar transforms Thread 8" [_thread_blocked, id=5092, stack(0x00000086a5800000,0x00000086a5900000)]
  0x00000264ea918800 JavaThread "jar transforms Thread 9" [_thread_blocked, id=9428, stack(0x00000086a5900000,0x00000086a5a00000)]
  0x00000264ea913000 JavaThread "jar transforms Thread 10" [_thread_blocked, id=12824, stack(0x00000086a5a00000,0x00000086a5b00000)]
  0x00000264ea919800 JavaThread "jar transforms Thread 11" [_thread_blocked, id=124, stack(0x00000086a5b00000,0x00000086a5c00000)]
  0x00000264ea91a000 JavaThread "jar transforms Thread 12" [_thread_blocked, id=8956, stack(0x00000086a5c00000,0x00000086a5d00000)]
  0x00000264ea914800 JavaThread "jar transforms Thread 13" [_thread_blocked, id=10792, stack(0x00000086a5d00000,0x00000086a5e00000)]
  0x00000264ea91b000 JavaThread "jar transforms Thread 14" [_thread_blocked, id=9052, stack(0x00000086a5e00000,0x00000086a5f00000)]
  0x00000264ea91c000 JavaThread "jar transforms Thread 15" [_thread_blocked, id=12792, stack(0x00000086a5f00000,0x00000086a6000000)]
  0x00000264ea91e800 JavaThread "jar transforms Thread 16" [_thread_blocked, id=6504, stack(0x00000086a6000000,0x00000086a6100000)]
  0x00000264ea91f000 JavaThread "jar transforms Thread 17" [_thread_blocked, id=12848, stack(0x00000086a6100000,0x00000086a6200000)]
  0x00000264ea91c800 JavaThread "jar transforms Thread 18" [_thread_blocked, id=7388, stack(0x00000086a6200000,0x00000086a6300000)]
  0x00000264ea920000 JavaThread "jar transforms Thread 19" [_thread_blocked, id=9128, stack(0x00000086a6300000,0x00000086a6400000)]
  0x00000264ea91d800 JavaThread "jar transforms Thread 20" [_thread_blocked, id=5076, stack(0x00000086a6400000,0x00000086a6500000)]
  0x00000264eaa0a800 JavaThread "jar transforms Thread 21" [_thread_blocked, id=7120, stack(0x00000086a6500000,0x00000086a6600000)]
  0x00000264eaa0b800 JavaThread "jar transforms Thread 22" [_thread_blocked, id=4108, stack(0x00000086a6600000,0x00000086a6700000)]
  0x00000264eaa0c000 JavaThread "jar transforms Thread 23" [_thread_blocked, id=7044, stack(0x00000086a6700000,0x00000086a6800000)]
  0x00000264eaa08000 JavaThread "jar transforms Thread 24" [_thread_blocked, id=11020, stack(0x00000086a6800000,0x00000086a6900000)]
  0x00000264eaa09800 JavaThread "jar transforms Thread 25" [_thread_blocked, id=1948, stack(0x00000086a6900000,0x00000086a6a00000)]
  0x00000264eaa09000 JavaThread "jar transforms Thread 26" [_thread_blocked, id=2236, stack(0x00000086a6a00000,0x00000086a6b00000)]
  0x00000264eaa07800 JavaThread "jar transforms Thread 27" [_thread_blocked, id=11312, stack(0x00000086a6b00000,0x00000086a6c00000)]
  0x00000264eaa0e800 JavaThread "jar transforms Thread 28" [_thread_blocked, id=4448, stack(0x00000086a6c00000,0x00000086a6d00000)]
  0x00000264eaa11000 JavaThread "jar transforms Thread 29" [_thread_blocked, id=7844, stack(0x00000086a6d00000,0x00000086a6e00000)]
  0x00000264eaa12000 JavaThread "jar transforms Thread 30" [_thread_blocked, id=9380, stack(0x00000086a6e00000,0x00000086a6f00000)]
  0x00000264eaa0d000 JavaThread "jar transforms Thread 31" [_thread_blocked, id=11144, stack(0x00000086a6f00000,0x00000086a7000000)]
  0x00000264eaa12800 JavaThread "jar transforms Thread 32" [_thread_blocked, id=9692, stack(0x00000086a7000000,0x00000086a7100000)]
  0x00000264eaa0f800 JavaThread "jar transforms Thread 33" [_thread_blocked, id=4100, stack(0x00000086a7100000,0x00000086a7200000)]
  0x00000264eaa10800 JavaThread "jar transforms Thread 34" [_thread_blocked, id=13192, stack(0x00000086a7200000,0x00000086a7300000)]
  0x00000264eaa13800 JavaThread "jar transforms Thread 35" [_thread_blocked, id=8052, stack(0x00000086a7300000,0x00000086a7400000)]
  0x00000264eaa0e000 JavaThread "jar transforms Thread 36" [_thread_blocked, id=9736, stack(0x00000086a7400000,0x00000086a7500000)]
  0x00000264eaa16000 JavaThread "jar transforms Thread 37" [_thread_blocked, id=11532, stack(0x00000086a7500000,0x00000086a7600000)]
  0x00000264eaa14800 JavaThread "jar transforms Thread 38" [_thread_blocked, id=11624, stack(0x00000086a7600000,0x00000086a7700000)]
  0x00000264eaa15000 JavaThread "jar transforms Thread 39" [_thread_blocked, id=4204, stack(0x00000086a7700000,0x00000086a7800000)]
  0x00000264ea9af000 JavaThread "jar transforms Thread 40" [_thread_blocked, id=11040, stack(0x00000086a7800000,0x00000086a7900000)]
  0x00000264ea9b2800 JavaThread "jar transforms Thread 41" [_thread_blocked, id=8772, stack(0x00000086a7900000,0x00000086a7a00000)]
  0x00000264ea9b1000 JavaThread "jar transforms Thread 42" [_thread_blocked, id=9740, stack(0x00000086a7a00000,0x00000086a7b00000)]
  0x00000264ea9b1800 JavaThread "jar transforms Thread 43" [_thread_blocked, id=11460, stack(0x00000086a7b00000,0x00000086a7c00000)]
  0x00000264ea9b0000 JavaThread "jar transforms Thread 44" [_thread_blocked, id=8928, stack(0x00000086a7c00000,0x00000086a7d00000)]
  0x00000264ea9b3000 JavaThread "jar transforms Thread 45" [_thread_blocked, id=11976, stack(0x00000086a7d00000,0x00000086a7e00000)]
  0x00000264ea9b4000 JavaThread "jar transforms Thread 46" [_thread_blocked, id=11388, stack(0x00000086a7e00000,0x00000086a7f00000)]
  0x00000264ea9ae800 JavaThread "jar transforms Thread 47" [_thread_blocked, id=4216, stack(0x00000086a7f00000,0x00000086a8000000)]
  0x00000264ea9b6800 JavaThread "jar transforms Thread 48" [_thread_blocked, id=2760, stack(0x00000086a8000000,0x00000086a8100000)]
  0x00000264ea9b8000 JavaThread "jar transforms Thread 49" [_thread_blocked, id=6276, stack(0x00000086a8100000,0x00000086a8200000)]
  0x00000264ea9ba800 JavaThread "jar transforms Thread 50" [_thread_blocked, id=11848, stack(0x00000086a8200000,0x00000086a8300000)]
  0x00000264ea9b5800 JavaThread "jar transforms Thread 51" [_thread_blocked, id=5856, stack(0x00000086a8300000,0x00000086a8400000)]
  0x00000264ea9b7800 JavaThread "jar transforms Thread 52" [_thread_blocked, id=7676, stack(0x00000086a8400000,0x00000086a8500000)]
  0x00000264ea9b5000 JavaThread "jar transforms Thread 53" [_thread_blocked, id=4764, stack(0x00000086a8500000,0x00000086a8600000)]
  0x00000264ea9bb800 JavaThread "jar transforms Thread 54" [_thread_blocked, id=13304, stack(0x00000086a8600000,0x00000086a8700000)]
  0x00000264ea9bd000 JavaThread "jar transforms Thread 55" [_thread_blocked, id=4860, stack(0x00000086a8700000,0x00000086a8800000)]
  0x00000264ea9b9000 JavaThread "jar transforms Thread 56" [_thread_blocked, id=9060, stack(0x00000086a8800000,0x00000086a8900000)]
  0x00000264ea9b9800 JavaThread "jar transforms Thread 57" [_thread_blocked, id=11648, stack(0x00000086a8900000,0x00000086a8a00000)]
  0x00000264ea9bc000 JavaThread "jar transforms Thread 58" [_thread_blocked, id=10776, stack(0x00000086a8a00000,0x00000086a8b00000)]
  0x00000264ea78d000 JavaThread "jar transforms Thread 59" [_thread_blocked, id=5460, stack(0x00000086a8b00000,0x00000086a8c00000)]
  0x00000264ea788000 JavaThread "jar transforms Thread 60" [_thread_blocked, id=996, stack(0x00000086a8c00000,0x00000086a8d00000)]
  0x00000264ea789000 JavaThread "jar transforms Thread 61" [_thread_blocked, id=1600, stack(0x00000086a8d00000,0x00000086a8e00000)]
  0x00000264ea787000 JavaThread "jar transforms Thread 62" [_thread_blocked, id=10480, stack(0x00000086a8e00000,0x00000086a8f00000)]
  0x00000264ea78e800 JavaThread "jar transforms Thread 63" [_thread_blocked, id=6684, stack(0x00000086a8f00000,0x00000086a9000000)]
  0x00000264ea78a800 JavaThread "jar transforms Thread 64" [_thread_blocked, id=4604, stack(0x00000086a9000000,0x00000086a9100000)]
  0x00000264ea78d800 JavaThread "jar transforms Thread 65" [_thread_blocked, id=5216, stack(0x00000086a9100000,0x00000086a9200000)]
  0x00000264ea78b000 JavaThread "jar transforms Thread 66" [_thread_blocked, id=228, stack(0x00000086a9200000,0x00000086a9300000)]
  0x00000264ea789800 JavaThread "jar transforms Thread 67" [_thread_blocked, id=8364, stack(0x00000086a9300000,0x00000086a9400000)]
  0x00000264ea78f800 JavaThread "jar transforms Thread 68" [_thread_blocked, id=2736, stack(0x00000086a9400000,0x00000086a9500000)]
  0x00000264ea790000 JavaThread "jar transforms Thread 69" [_thread_blocked, id=3740, stack(0x00000086a9500000,0x00000086a9600000)]
  0x00000264ea78c000 JavaThread "jar transforms Thread 70" [_thread_blocked, id=9772, stack(0x00000086a9600000,0x00000086a9700000)]
  0x00000264ea796000 JavaThread "jar transforms Thread 71" [_thread_blocked, id=8340, stack(0x00000086a9700000,0x00000086a9800000)]
  0x00000264ea795000 JavaThread "jar transforms Thread 72" [_thread_blocked, id=692, stack(0x00000086a9800000,0x00000086a9900000)]
  0x00000264ea794000 JavaThread "jar transforms Thread 73" [_thread_blocked, id=9572, stack(0x00000086a9900000,0x00000086a9a00000)]
  0x00000264ea793800 JavaThread "jar transforms Thread 74" [_thread_blocked, id=10424, stack(0x00000086a9a00000,0x00000086a9b00000)]
  0x00000264ea791000 JavaThread "jar transforms Thread 75" [_thread_blocked, id=9268, stack(0x00000086a9b00000,0x00000086a9c00000)]
  0x00000264ea792000 JavaThread "jar transforms Thread 76" [_thread_blocked, id=9548, stack(0x00000086a9c00000,0x00000086a9d00000)]
  0x00000264ea792800 JavaThread "jar transforms Thread 77" [_thread_blocked, id=11328, stack(0x00000086a9d00000,0x00000086a9e00000)]
  0x00000264ea976800 JavaThread "jar transforms Thread 78" [_thread_blocked, id=1196, stack(0x00000086a9e00000,0x00000086a9f00000)]
  0x00000264ea978800 JavaThread "jar transforms Thread 79" [_thread_blocked, id=5912, stack(0x00000086a9f00000,0x00000086aa000000)]
  0x00000264ea97d000 JavaThread "jar transforms Thread 80" [_thread_blocked, id=8904, stack(0x00000086aa000000,0x00000086aa100000)]
  0x00000264ea977000 JavaThread "jar transforms Thread 81" [_thread_blocked, id=2300, stack(0x00000086aa100000,0x00000086aa200000)]
  0x00000264ea979800 JavaThread "jar transforms Thread 82" [_thread_blocked, id=10796, stack(0x00000086aa200000,0x00000086aa300000)]
  0x00000264ea97b000 JavaThread "jar transforms Thread 83" [_thread_blocked, id=7108, stack(0x00000086aa300000,0x00000086aa400000)]
  0x00000264ea97a800 JavaThread "jar transforms Thread 84" [_thread_blocked, id=3336, stack(0x00000086aa400000,0x00000086aa500000)]
  0x00000264ea97c000 JavaThread "jar transforms Thread 85" [_thread_blocked, id=11572, stack(0x00000086aa500000,0x00000086aa600000)]
  0x00000264ea97d800 JavaThread "jar transforms Thread 86" [_thread_blocked, id=8984, stack(0x00000086aa600000,0x00000086aa700000)]
  0x00000264ea978000 JavaThread "jar transforms Thread 87" [_thread_blocked, id=12668, stack(0x00000086aa700000,0x00000086aa800000)]
  0x00000264ea97e800 JavaThread "jar transforms Thread 88" [_thread_blocked, id=10468, stack(0x00000086aa800000,0x00000086aa900000)]
  0x00000264ea981000 JavaThread "jar transforms Thread 89" [_thread_blocked, id=4396, stack(0x00000086aa900000,0x00000086aaa00000)]
  0x00000264ea981800 JavaThread "jar transforms Thread 90" [_thread_blocked, id=12436, stack(0x00000086aaa00000,0x00000086aab00000)]
  0x00000264ea983800 JavaThread "jar transforms Thread 91" [_thread_blocked, id=13144, stack(0x00000086aab00000,0x00000086aac00000)]
  0x00000264ea984000 JavaThread "jar transforms Thread 92" [_thread_blocked, id=9768, stack(0x00000086aac00000,0x00000086aad00000)]
  0x00000264ea982800 JavaThread "Cache worker for Build Output Cleanup Cache (C:\Android Program\fintastics_santhosh-main (1)\fintastics_santhosh-main\.gradle\buildOutputCleanup)" [_thread_blocked, id=2228, stack(0x00000086aad00000,0x00000086aae00000)]
  0x00000264ea985000 JavaThread "Memory manager" [_thread_blocked, id=2964, stack(0x00000086aae00000,0x00000086aaf00000)]
  0x00000264ea97f800 JavaThread "Cache worker for file content cache (C:\Android Program\fintastics_santhosh-main (1)\fintastics_santhosh-main\.gradle\6.5\fileContent)" [_thread_blocked, id=9200, stack(0x00000086aaf00000,0x00000086ab000000)]
  0x00000264ea980000 JavaThread "Execution worker for ':'" [_thread_blocked, id=9724, stack(0x00000086ab000000,0x00000086ab100000)]
  0x00000264ed84e800 JavaThread "Execution worker for ':' Thread 2" [_thread_blocked, id=6456, stack(0x00000086ab100000,0x00000086ab200000)]
  0x00000264ed84a800 JavaThread "Execution worker for ':' Thread 3" [_thread_blocked, id=12752, stack(0x00000086ab200000,0x00000086ab300000)]
  0x00000264ed84f800 JavaThread "Cache worker for execution history cache (C:\Android Program\fintastics_santhosh-main (1)\fintastics_santhosh-main\.gradle\6.5\executionHistory)" [_thread_blocked, id=7584, stack(0x00000086ab300000,0x00000086ab400000)]
  0x00000264ed84c000 JavaThread "Cache worker for Java compile cache (C:\Android Program\RecyclerInsetSelectShow-master\RecyclerInsetSelectShow-master\caches\6.5\javaCompile)" [_thread_blocked, id=10836, stack(0x00000086ab400000,0x00000086ab500000)]
  0x00000264ed84d000 JavaThread "Cache worker for Java compile cache (C:\Android Program\fintastics_santhosh-main (1)\fintastics_santhosh-main\.gradle\6.5\javaCompile)" [_thread_blocked, id=3832, stack(0x00000086ab500000,0x00000086ab600000)]
  0x00000264ed849800 JavaThread "ForkJoinPool.commonPool-worker-3" daemon [_thread_blocked, id=11900, stack(0x00000086ab600000,0x00000086ab700000)]
  0x00000264ed855000 JavaThread "ForkJoinPool.commonPool-worker-5" daemon [_thread_blocked, id=11016, stack(0x00000086ab700000,0x00000086ab800000)]
  0x00000264ed852800 JavaThread "ForkJoinPool.commonPool-worker-7" daemon [_thread_blocked, id=4496, stack(0x00000086ab800000,0x00000086ab900000)]
  0x00000264ed856000 JavaThread "WorkerExecutor Queue" [_thread_blocked, id=7632, stack(0x00000086ab900000,0x00000086aba00000)]
  0x00000264ed854800 JavaThread "WorkerExecutor Queue Thread 2" [_thread_blocked, id=5404, stack(0x00000086aba00000,0x00000086abb00000)]
  0x00000264ed850000 JavaThread "WorkerExecutor Queue Thread 3" [_thread_blocked, id=5660, stack(0x00000086abb00000,0x00000086abc00000)]

Other Threads:
=>0x00000264e5d16800 VMThread "VM Thread" [stack: 0x00000086a2a00000,0x00000086a2b00000] [id=5348]
  0x00000264e6054800 WatcherThread [stack: 0x00000086a3400000,0x00000086a3500000] [id=8132]
  0x00000264cdf80000 GCTaskThread "GC Thread#0" [stack: 0x00000086a2500000,0x00000086a2600000] [id=11860]
  0x00000264e64aa000 GCTaskThread "GC Thread#1" [stack: 0x00000086a3500000,0x00000086a3600000] [id=6340]
  0x00000264e7a83800 GCTaskThread "GC Thread#2" [stack: 0x00000086a3700000,0x00000086a3800000] [id=1624]
  0x00000264e74e2000 GCTaskThread "GC Thread#3" [stack: 0x00000086a3800000,0x00000086a3900000] [id=256]
  0x00000264cdf9d000 ConcurrentGCThread "G1 Main Marker" [stack: 0x00000086a2600000,0x00000086a2700000] [id=8612]
  0x00000264cdf9f000 ConcurrentGCThread "G1 Conc#0" [stack: 0x00000086a2700000,0x00000086a2800000] [id=13080]
  0x00000264cdff9800 ConcurrentGCThread "G1 Refine#0" [stack: 0x00000086a2800000,0x00000086a2900000] [id=6272]
  0x00000264cdffa800 ConcurrentGCThread "G1 Young RemSet Sampling" [stack: 0x00000086a2900000,0x00000086a2a00000] [id=10520]

Threads with active compile tasks:
C2 CompilerThread0  35108 12748       4       org.objectweb.asm.ClassReader::readConst (276 bytes)
C1 CompilerThread0  35108 13064       3       com.android.tools.r8.q.a.a.a.v$a::equals (54 bytes)

VM state:at safepoint (normal execution)

VM Mutex/Monitor currently owned by a thread:  ([mutex/lock_event])
[0x00000264cdf664d0] Threads_lock - owner thread: 0x00000264e5d16800
[0x00000264cdf65630] Heap_lock - owner thread: 0x00000264ed854800

Heap address: 0x00000000c0000000, size: 1024 MB, Compressed Oops mode: 32-bit
Narrow klass base: 0x0000000000000000, Narrow klass shift: 3
Compressed class space size: 1073741824 Address: 0x0000000100000000

Heap:
 garbage-first heap   total 247808K, used 93443K [0x00000000c0000000, 0x0000000100000000)
  region size 1024K, 8 young (8192K), 8 survivors (8192K)
 Metaspace       used 90194K, capacity 92539K, committed 92752K, reserved 1130496K
  class space    used 11422K, capacity 12239K, committed 12288K, reserved 1048576K
Heap Regions: E=young(eden), S=young(survivor), O=old, HS=humongous(starts), HC=humongous(continues), CS=collection set, F=free, A=archive, TAMS=top-at-mark-start (previous, next)
|   0|0x00000000c0000000, 0x00000000c0100000, 0x00000000c0100000|100%| O|  |TAMS 0x00000000c0100000, 0x00000000c0000000| Untracked 
|   1|0x00000000c0100000, 0x00000000c0200000, 0x00000000c0200000|100%| O|  |TAMS 0x00000000c0200000, 0x00000000c0100000| Untracked 
|   2|0x00000000c0200000, 0x00000000c0300000, 0x00000000c0300000|100%| O|  |TAMS 0x00000000c0300000, 0x00000000c0200000| Untracked 
|   3|0x00000000c0300000, 0x00000000c0400000, 0x00000000c0400000|100%|HS|  |TAMS 0x00000000c0400000, 0x00000000c0300000| Complete 
|   4|0x00000000c0400000, 0x00000000c0500000, 0x00000000c0500000|100%|HC|  |TAMS 0x00000000c0500000, 0x00000000c0400000| Complete 
|   5|0x00000000c0500000, 0x00000000c0600000, 0x00000000c0600000|100%|HC|  |TAMS 0x00000000c0600000, 0x00000000c0500000| Complete 
|   6|0x00000000c0600000, 0x00000000c0700000, 0x00000000c0700000|100%| O|  |TAMS 0x00000000c0700000, 0x00000000c0600000| Untracked 
|   7|0x00000000c0700000, 0x00000000c0800000, 0x00000000c0800000|100%| O|  |TAMS 0x00000000c0800000, 0x00000000c0700000| Untracked 
|   8|0x00000000c0800000, 0x00000000c0900000, 0x00000000c0900000|100%| O|  |TAMS 0x00000000c0900000, 0x00000000c0800000| Untracked 
|   9|0x00000000c0900000, 0x00000000c0a00000, 0x00000000c0a00000|100%| O|  |TAMS 0x00000000c0a00000, 0x00000000c0900000| Untracked 
|  10|0x00000000c0a00000, 0x00000000c0b00000, 0x00000000c0b00000|100%| O|  |TAMS 0x00000000c0b00000, 0x00000000c0a00000| Untracked 
|  11|0x00000000c0b00000, 0x00000000c0c00000, 0x00000000c0c00000|100%| O|  |TAMS 0x00000000c0c00000, 0x00000000c0b00000| Untracked 
|  12|0x00000000c0c00000, 0x00000000c0d00000, 0x00000000c0d00000|100%| O|  |TAMS 0x00000000c0d00000, 0x00000000c0c00000| Untracked 
|  13|0x00000000c0d00000, 0x00000000c0e00000, 0x00000000c0e00000|100%| O|  |TAMS 0x00000000c0e00000, 0x00000000c0d00000| Untracked 
|  14|0x00000000c0e00000, 0x00000000c0f00000, 0x00000000c0f00000|100%| O|  |TAMS 0x00000000c0f00000, 0x00000000c0e00000| Untracked 
|  15|0x00000000c0f00000, 0x00000000c1000000, 0x00000000c1000000|100%| O|  |TAMS 0x00000000c1000000, 0x00000000c0f00000| Untracked 
|  16|0x00000000c1000000, 0x00000000c1100000, 0x00000000c1100000|100%| O|  |TAMS 0x00000000c1100000, 0x00000000c1000000| Untracked 
|  17|0x00000000c1100000, 0x00000000c1200000, 0x00000000c1200000|100%| O|  |TAMS 0x00000000c1200000, 0x00000000c1100000| Untracked 
|  18|0x00000000c1200000, 0x00000000c1300000, 0x00000000c1300000|100%| O|  |TAMS 0x00000000c1300000, 0x00000000c1200000| Untracked 
|  19|0x00000000c1300000, 0x00000000c1400000, 0x00000000c1400000|100%| O|  |TAMS 0x00000000c1400000, 0x00000000c1300000| Untracked 
|  20|0x00000000c1400000, 0x00000000c1500000, 0x00000000c1500000|100%|HS|  |TAMS 0x00000000c1500000, 0x00000000c1400000| Complete 
|  21|0x00000000c1500000, 0x00000000c1600000, 0x00000000c1600000|100%| O|  |TAMS 0x00000000c1600000, 0x00000000c1500000| Untracked 
|  22|0x00000000c1600000, 0x00000000c1700000, 0x00000000c1700000|100%| O|  |TAMS 0x00000000c1700000, 0x00000000c1600000| Untracked 
|  23|0x00000000c1700000, 0x00000000c1800000, 0x00000000c1800000|100%| O|  |TAMS 0x00000000c1800000, 0x00000000c1700000| Untracked 
|  24|0x00000000c1800000, 0x00000000c1900000, 0x00000000c1900000|100%|HS|  |TAMS 0x00000000c1900000, 0x00000000c1800000| Complete 
|  25|0x00000000c1900000, 0x00000000c1a00000, 0x00000000c1a00000|100%|HC|  |TAMS 0x00000000c1a00000, 0x00000000c1900000| Complete 
|  26|0x00000000c1a00000, 0x00000000c1b00000, 0x00000000c1b00000|100%| O|  |TAMS 0x00000000c1b00000, 0x00000000c1a00000| Untracked 
|  27|0x00000000c1b00000, 0x00000000c1c00000, 0x00000000c1c00000|100%| O|  |TAMS 0x00000000c1c00000, 0x00000000c1b00000| Untracked 
|  28|0x00000000c1c00000, 0x00000000c1d00000, 0x00000000c1d00000|100%| O|  |TAMS 0x00000000c1d00000, 0x00000000c1c00000| Untracked 
|  29|0x00000000c1d00000, 0x00000000c1e00000, 0x00000000c1e00000|100%| O|  |TAMS 0x00000000c1e00000, 0x00000000c1d00000| Untracked 
|  30|0x00000000c1e00000, 0x00000000c1f00000, 0x00000000c1f00000|100%| O|  |TAMS 0x00000000c1f00000, 0x00000000c1e00000| Untracked 
|  31|0x00000000c1f00000, 0x00000000c2000000, 0x00000000c2000000|100%| O|  |TAMS 0x00000000c2000000, 0x00000000c1f00000| Untracked 
|  32|0x00000000c2000000, 0x00000000c2100000, 0x00000000c2100000|100%| O|  |TAMS 0x00000000c2100000, 0x00000000c2000000| Untracked 
|  33|0x00000000c2100000, 0x00000000c2200000, 0x00000000c2200000|100%| O|  |TAMS 0x00000000c2200000, 0x00000000c2100000| Untracked 
|  34|0x00000000c2200000, 0x00000000c2300000, 0x00000000c2300000|100%| O|  |TAMS 0x00000000c2300000, 0x00000000c2200000| Untracked 
|  35|0x00000000c2300000, 0x00000000c2400000, 0x00000000c2400000|100%| O|  |TAMS 0x00000000c2400000, 0x00000000c2300000| Untracked 
|  36|0x00000000c2400000, 0x00000000c2500000, 0x00000000c2500000|100%| O|  |TAMS 0x00000000c2500000, 0x00000000c2400000| Untracked 
|  37|0x00000000c2500000, 0x00000000c2600000, 0x00000000c2600000|100%| O|  |TAMS 0x00000000c2600000, 0x00000000c2500000| Untracked 
|  38|0x00000000c2600000, 0x00000000c2700000, 0x00000000c2700000|100%| O|  |TAMS 0x00000000c2700000, 0x00000000c2600000| Untracked 
|  39|0x00000000c2700000, 0x00000000c2800000, 0x00000000c2800000|100%| O|  |TAMS 0x00000000c2800000, 0x00000000c2700000| Untracked 
|  40|0x00000000c2800000, 0x00000000c2900000, 0x00000000c2900000|100%| O|  |TAMS 0x00000000c2900000, 0x00000000c2800000| Untracked 
|  41|0x00000000c2900000, 0x00000000c2a00000, 0x00000000c2a00000|100%| O|  |TAMS 0x00000000c2a00000, 0x00000000c2900000| Untracked 
|  42|0x00000000c2a00000, 0x00000000c2b00000, 0x00000000c2b00000|100%| O|  |TAMS 0x00000000c2b00000, 0x00000000c2a00000| Untracked 
|  43|0x00000000c2b00000, 0x00000000c2c00000, 0x00000000c2c00000|100%| O|  |TAMS 0x00000000c2c00000, 0x00000000c2b00000| Untracked 
|  44|0x00000000c2c00000, 0x00000000c2d00000, 0x00000000c2d00000|100%| O|  |TAMS 0x00000000c2d00000, 0x00000000c2c00000| Untracked 
|  45|0x00000000c2d00000, 0x00000000c2e00000, 0x00000000c2e00000|100%| O|  |TAMS 0x00000000c2e00000, 0x00000000c2d00000| Untracked 
|  46|0x00000000c2e00000, 0x00000000c2f00000, 0x00000000c2f00000|100%| O|  |TAMS 0x00000000c2f00000, 0x00000000c2e00000| Untracked 
|  47|0x00000000c2f00000, 0x00000000c3000000, 0x00000000c3000000|100%| O|  |TAMS 0x00000000c3000000, 0x00000000c2f00000| Untracked 
|  48|0x00000000c3000000, 0x00000000c3100000, 0x00000000c3100000|100%| O|  |TAMS 0x00000000c3100000, 0x00000000c3000000| Untracked 
|  49|0x00000000c3100000, 0x00000000c3200000, 0x00000000c3200000|100%| O|  |TAMS 0x00000000c3200000, 0x00000000c3100000| Untracked 
|  50|0x00000000c3200000, 0x00000000c3300000, 0x00000000c3300000|100%| O|  |TAMS 0x00000000c3300000, 0x00000000c3200000| Untracked 
|  51|0x00000000c3300000, 0x00000000c3400000, 0x00000000c3400000|100%| O|  |TAMS 0x00000000c3400000, 0x00000000c3300000| Untracked 
|  52|0x00000000c3400000, 0x00000000c3500000, 0x00000000c3500000|100%| O|  |TAMS 0x00000000c3500000, 0x00000000c3400000| Untracked 
|  53|0x00000000c3500000, 0x00000000c3600000, 0x00000000c3600000|100%| O|  |TAMS 0x00000000c3600000, 0x00000000c3500000| Untracked 
|  54|0x00000000c3600000, 0x00000000c3700000, 0x00000000c3700000|100%| O|  |TAMS 0x00000000c3700000, 0x00000000c3600000| Untracked 
|  55|0x00000000c3700000, 0x00000000c3800000, 0x00000000c3800000|100%| O|  |TAMS 0x00000000c3800000, 0x00000000c3700000| Untracked 
|  56|0x00000000c3800000, 0x00000000c3900000, 0x00000000c3900000|100%| O|  |TAMS 0x00000000c3900000, 0x00000000c3800000| Untracked 
|  57|0x00000000c3900000, 0x00000000c3a00000, 0x00000000c3a00000|100%| O|  |TAMS 0x00000000c3a00000, 0x00000000c3900000| Untracked 
|  58|0x00000000c3a00000, 0x00000000c3b00000, 0x00000000c3b00000|100%| O|  |TAMS 0x00000000c3b00000, 0x00000000c3a00000| Untracked 
|  59|0x00000000c3b00000, 0x00000000c3c00000, 0x00000000c3c00000|100%| O|  |TAMS 0x00000000c3c00000, 0x00000000c3b00000| Untracked 
|  60|0x00000000c3c00000, 0x00000000c3d00000, 0x00000000c3d00000|100%| O|  |TAMS 0x00000000c3d00000, 0x00000000c3c00000| Untracked 
|  61|0x00000000c3d00000, 0x00000000c3e00000, 0x00000000c3e00000|100%|HS|  |TAMS 0x00000000c3d00000, 0x00000000c3d00000| Complete 
|  62|0x00000000c3e00000, 0x00000000c3f00000, 0x00000000c3f00000|100%|HC|  |TAMS 0x00000000c3e00000, 0x00000000c3e00000| Complete 
|  63|0x00000000c3f00000, 0x00000000c4000000, 0x00000000c4000000|100%| O|  |TAMS 0x00000000c4000000, 0x00000000c3f00000| Untracked 
|  64|0x00000000c4000000, 0x00000000c4100000, 0x00000000c4100000|100%| O|  |TAMS 0x00000000c4100000, 0x00000000c4000000| Untracked 
|  65|0x00000000c4100000, 0x00000000c4200000, 0x00000000c4200000|100%| O|  |TAMS 0x00000000c4200000, 0x00000000c4100000| Untracked 
|  66|0x00000000c4200000, 0x00000000c4300000, 0x00000000c4300000|100%| O|  |TAMS 0x00000000c4200000, 0x00000000c4200000| Untracked 
|  67|0x00000000c4300000, 0x00000000c4340e00, 0x00000000c4400000| 25%| O|  |TAMS 0x00000000c4300000, 0x00000000c4300000| Untracked 
|  68|0x00000000c4400000, 0x00000000c4400000, 0x00000000c4500000|  0%| F|  |TAMS 0x00000000c4400000, 0x00000000c4400000| Untracked 
|  69|0x00000000c4500000, 0x00000000c4500000, 0x00000000c4600000|  0%| F|  |TAMS 0x00000000c4500000, 0x00000000c4500000| Untracked 
|  70|0x00000000c4600000, 0x00000000c4700000, 0x00000000c4700000|100%| O|  |TAMS 0x00000000c4700000, 0x00000000c4600000| Untracked 
|  71|0x00000000c4700000, 0x00000000c4800000, 0x00000000c4800000|100%| O|  |TAMS 0x00000000c4800000, 0x00000000c4700000| Untracked 
|  72|0x00000000c4800000, 0x00000000c4900000, 0x00000000c4900000|100%| O|  |TAMS 0x00000000c4900000, 0x00000000c4800000| Untracked 
|  73|0x00000000c4900000, 0x00000000c4900000, 0x00000000c4a00000|  0%| F|  |TAMS 0x00000000c4900000, 0x00000000c4900000| Untracked 
|  74|0x00000000c4a00000, 0x00000000c4a00000, 0x00000000c4b00000|  0%| F|  |TAMS 0x00000000c4a00000, 0x00000000c4a00000| Untracked 
|  75|0x00000000c4b00000, 0x00000000c4c00000, 0x00000000c4c00000|100%| O|  |TAMS 0x00000000c4b00000, 0x00000000c4b00000| Untracked 
|  76|0x00000000c4c00000, 0x00000000c4c00000, 0x00000000c4d00000|  0%| F|  |TAMS 0x00000000c4c00000, 0x00000000c4c00000| Untracked 
|  77|0x00000000c4d00000, 0x00000000c4d00000, 0x00000000c4e00000|  0%| F|  |TAMS 0x00000000c4d00000, 0x00000000c4d00000| Untracked 
|  78|0x00000000c4e00000, 0x00000000c4e00000, 0x00000000c4f00000|  0%| F|  |TAMS 0x00000000c4e00000, 0x00000000c4e00000| Untracked 
|  79|0x00000000c4f00000, 0x00000000c4f00000, 0x00000000c5000000|  0%| F|  |TAMS 0x00000000c4f00000, 0x00000000c4f00000| Untracked 
|  80|0x00000000c5000000, 0x00000000c5000000, 0x00000000c5100000|  0%| F|  |TAMS 0x00000000c5000000, 0x00000000c5000000| Untracked 
|  81|0x00000000c5100000, 0x00000000c5100000, 0x00000000c5200000|  0%| F|  |TAMS 0x00000000c5100000, 0x00000000c5100000| Untracked 
|  82|0x00000000c5200000, 0x00000000c5200000, 0x00000000c5300000|  0%| F|  |TAMS 0x00000000c5200000, 0x00000000c5200000| Untracked 
|  83|0x00000000c5300000, 0x00000000c5300000, 0x00000000c5400000|  0%| F|  |TAMS 0x00000000c5300000, 0x00000000c5300000| Untracked 
|  84|0x00000000c5400000, 0x00000000c5400000, 0x00000000c5500000|  0%| F|  |TAMS 0x00000000c5400000, 0x00000000c5400000| Untracked 
|  85|0x00000000c5500000, 0x00000000c5500000, 0x00000000c5600000|  0%| F|  |TAMS 0x00000000c5500000, 0x00000000c5500000| Untracked 
|  86|0x00000000c5600000, 0x00000000c5600000, 0x00000000c5700000|  0%| F|  |TAMS 0x00000000c5600000, 0x00000000c5600000| Untracked 
|  87|0x00000000c5700000, 0x00000000c5800000, 0x00000000c5800000|100%| O|  |TAMS 0x00000000c5800000, 0x00000000c5700000| Untracked 
|  88|0x00000000c5800000, 0x00000000c5800000, 0x00000000c5900000|  0%| F|  |TAMS 0x00000000c5800000, 0x00000000c5800000| Untracked 
|  89|0x00000000c5900000, 0x00000000c5900000, 0x00000000c5a00000|  0%| F|  |TAMS 0x00000000c5900000, 0x00000000c5900000| Untracked 
|  90|0x00000000c5a00000, 0x00000000c5a00000, 0x00000000c5b00000|  0%| F|  |TAMS 0x00000000c5a00000, 0x00000000c5a00000| Untracked 
|  91|0x00000000c5b00000, 0x00000000c5c00000, 0x00000000c5c00000|100%| O|  |TAMS 0x00000000c5c00000, 0x00000000c5b00000| Untracked 
|  92|0x00000000c5c00000, 0x00000000c5c00000, 0x00000000c5d00000|  0%| F|  |TAMS 0x00000000c5c00000, 0x00000000c5c00000| Untracked 
|  93|0x00000000c5d00000, 0x00000000c5e00000, 0x00000000c5e00000|100%| O|  |TAMS 0x00000000c5e00000, 0x00000000c5d00000| Untracked 
|  94|0x00000000c5e00000, 0x00000000c5f00000, 0x00000000c5f00000|100%| O|  |TAMS 0x00000000c5f00000, 0x00000000c5e00000| Untracked 
|  95|0x00000000c5f00000, 0x00000000c6000000, 0x00000000c6000000|100%| O|  |TAMS 0x00000000c6000000, 0x00000000c5f00000| Untracked 
|  96|0x00000000c6000000, 0x00000000c6100000, 0x00000000c6100000|100%| O|  |TAMS 0x00000000c6100000, 0x00000000c6000000| Untracked 
|  97|0x00000000c6100000, 0x00000000c6200000, 0x00000000c6200000|100%| O|  |TAMS 0x00000000c6200000, 0x00000000c6100000| Untracked 
|  98|0x00000000c6200000, 0x00000000c6300000, 0x00000000c6300000|100%| O|  |TAMS 0x00000000c6300000, 0x00000000c6200000| Untracked 
|  99|0x00000000c6300000, 0x00000000c6400000, 0x00000000c6400000|100%| O|  |TAMS 0x00000000c6400000, 0x00000000c6300000| Untracked 
| 100|0x00000000c6400000, 0x00000000c6500000, 0x00000000c6500000|100%| O|  |TAMS 0x00000000c649c200, 0x00000000c6400000| Untracked 
| 101|0x00000000c6500000, 0x00000000c6600000, 0x00000000c6600000|100%| O|  |TAMS 0x00000000c6500000, 0x00000000c6500000| Untracked 
| 102|0x00000000c6600000, 0x00000000c6700000, 0x00000000c6700000|100%| O|  |TAMS 0x00000000c6600000, 0x00000000c6600000| Untracked 
| 103|0x00000000c6700000, 0x00000000c6700000, 0x00000000c6800000|  0%| F|  |TAMS 0x00000000c6700000, 0x00000000c6700000| Untracked 
| 104|0x00000000c6800000, 0x00000000c6800000, 0x00000000c6900000|  0%| F|  |TAMS 0x00000000c6800000, 0x00000000c6800000| Untracked 
| 105|0x00000000c6900000, 0x00000000c6900000, 0x00000000c6a00000|  0%| F|  |TAMS 0x00000000c6900000, 0x00000000c6900000| Untracked 
| 106|0x00000000c6a00000, 0x00000000c6a00000, 0x00000000c6b00000|  0%| F|  |TAMS 0x00000000c6a00000, 0x00000000c6a00000| Untracked 
| 107|0x00000000c6b00000, 0x00000000c6b00000, 0x00000000c6c00000|  0%| F|  |TAMS 0x00000000c6b00000, 0x00000000c6b00000| Untracked 
| 108|0x00000000c6c00000, 0x00000000c6c00000, 0x00000000c6d00000|  0%| F|  |TAMS 0x00000000c6c00000, 0x00000000c6c00000| Untracked 
| 109|0x00000000c6d00000, 0x00000000c6d00000, 0x00000000c6e00000|  0%| F|  |TAMS 0x00000000c6d00000, 0x00000000c6d00000| Untracked 
| 110|0x00000000c6e00000, 0x00000000c6e00000, 0x00000000c6f00000|  0%| F|  |TAMS 0x00000000c6e00000, 0x00000000c6e00000| Untracked 
| 111|0x00000000c6f00000, 0x00000000c6f00000, 0x00000000c7000000|  0%| F|  |TAMS 0x00000000c6f00000, 0x00000000c6f00000| Untracked 
| 112|0x00000000c7000000, 0x00000000c7000000, 0x00000000c7100000|  0%| F|  |TAMS 0x00000000c7000000, 0x00000000c7000000| Untracked 
| 113|0x00000000c7100000, 0x00000000c7100000, 0x00000000c7200000|  0%| F|  |TAMS 0x00000000c7100000, 0x00000000c7100000| Untracked 
| 114|0x00000000c7200000, 0x00000000c7200000, 0x00000000c7300000|  0%| F|  |TAMS 0x00000000c7200000, 0x00000000c7200000| Untracked 
| 115|0x00000000c7300000, 0x00000000c7300000, 0x00000000c7400000|  0%| F|  |TAMS 0x00000000c7300000, 0x00000000c7300000| Untracked 
| 116|0x00000000c7400000, 0x00000000c7400000, 0x00000000c7500000|  0%| F|  |TAMS 0x00000000c7400000, 0x00000000c7400000| Untracked 
| 117|0x00000000c7500000, 0x00000000c7500000, 0x00000000c7600000|  0%| F|  |TAMS 0x00000000c7500000, 0x00000000c7500000| Untracked 
| 118|0x00000000c7600000, 0x00000000c7600000, 0x00000000c7700000|  0%| F|  |TAMS 0x00000000c7600000, 0x00000000c7600000| Untracked 
| 119|0x00000000c7700000, 0x00000000c7700000, 0x00000000c7800000|  0%| F|  |TAMS 0x00000000c7700000, 0x00000000c7700000| Untracked 
| 120|0x00000000c7800000, 0x00000000c7800000, 0x00000000c7900000|  0%| F|  |TAMS 0x00000000c7800000, 0x00000000c7800000| Untracked 
| 121|0x00000000c7900000, 0x00000000c7900000, 0x00000000c7a00000|  0%| F|  |TAMS 0x00000000c7900000, 0x00000000c7900000| Untracked 
| 122|0x00000000c7a00000, 0x00000000c7a00000, 0x00000000c7b00000|  0%| F|  |TAMS 0x00000000c7a00000, 0x00000000c7a00000| Untracked 
| 123|0x00000000c7b00000, 0x00000000c7c00000, 0x00000000c7c00000|100%| S|CS|TAMS 0x00000000c7b00000, 0x00000000c7b00000| Complete 
| 124|0x00000000c7c00000, 0x00000000c7d00000, 0x00000000c7d00000|100%| S|CS|TAMS 0x00000000c7c00000, 0x00000000c7c00000| Complete 
| 125|0x00000000c7d00000, 0x00000000c7e00000, 0x00000000c7e00000|100%| S|CS|TAMS 0x00000000c7d00000, 0x00000000c7d00000| Complete 
| 126|0x00000000c7e00000, 0x00000000c7f00000, 0x00000000c7f00000|100%| S|CS|TAMS 0x00000000c7e00000, 0x00000000c7e00000| Complete 
| 127|0x00000000c7f00000, 0x00000000c8000000, 0x00000000c8000000|100%| S|CS|TAMS 0x00000000c7f00000, 0x00000000c7f00000| Complete 
| 128|0x00000000c8000000, 0x00000000c8100000, 0x00000000c8100000|100%| S|CS|TAMS 0x00000000c8000000, 0x00000000c8000000| Complete 
| 129|0x00000000c8100000, 0x00000000c8200000, 0x00000000c8200000|100%| S|CS|TAMS 0x00000000c8100000, 0x00000000c8100000| Complete 
| 130|0x00000000c8200000, 0x00000000c8300000, 0x00000000c8300000|100%| S|CS|TAMS 0x00000000c8200000, 0x00000000c8200000| Complete 
| 131|0x00000000c8300000, 0x00000000c8300000, 0x00000000c8400000|  0%| F|  |TAMS 0x00000000c8300000, 0x00000000c8300000| Untracked 
| 132|0x00000000c8400000, 0x00000000c8400000, 0x00000000c8500000|  0%| F|  |TAMS 0x00000000c8400000, 0x00000000c8400000| Untracked 
| 133|0x00000000c8500000, 0x00000000c8500000, 0x00000000c8600000|  0%| F|  |TAMS 0x00000000c8500000, 0x00000000c8500000| Untracked 
| 134|0x00000000c8600000, 0x00000000c8600000, 0x00000000c8700000|  0%| F|  |TAMS 0x00000000c8600000, 0x00000000c8600000| Untracked 
| 135|0x00000000c8700000, 0x00000000c8700000, 0x00000000c8800000|  0%| F|  |TAMS 0x00000000c8700000, 0x00000000c8700000| Untracked 
| 136|0x00000000c8800000, 0x00000000c8800000, 0x00000000c8900000|  0%| F|  |TAMS 0x00000000c8800000, 0x00000000c8800000| Untracked 
| 137|0x00000000c8900000, 0x00000000c8900000, 0x00000000c8a00000|  0%| F|  |TAMS 0x00000000c8900000, 0x00000000c8900000| Untracked 
| 138|0x00000000c8a00000, 0x00000000c8a00000, 0x00000000c8b00000|  0%| F|  |TAMS 0x00000000c8a00000, 0x00000000c8a00000| Untracked 
| 139|0x00000000c8b00000, 0x00000000c8b00000, 0x00000000c8c00000|  0%| F|  |TAMS 0x00000000c8b00000, 0x00000000c8b00000| Untracked 
| 140|0x00000000c8c00000, 0x00000000c8c00000, 0x00000000c8d00000|  0%| F|  |TAMS 0x00000000c8c00000, 0x00000000c8c00000| Untracked 
| 141|0x00000000c8d00000, 0x00000000c8d00000, 0x00000000c8e00000|  0%| F|  |TAMS 0x00000000c8d00000, 0x00000000c8d00000| Untracked 
| 142|0x00000000c8e00000, 0x00000000c8e00000, 0x00000000c8f00000|  0%| F|  |TAMS 0x00000000c8e00000, 0x00000000c8e00000| Untracked 
| 143|0x00000000c8f00000, 0x00000000c8f00000, 0x00000000c9000000|  0%| F|  |TAMS 0x00000000c8f00000, 0x00000000c8f00000| Untracked 
| 144|0x00000000c9000000, 0x00000000c9000000, 0x00000000c9100000|  0%| F|  |TAMS 0x00000000c9000000, 0x00000000c9000000| Untracked 
| 145|0x00000000c9100000, 0x00000000c9100000, 0x00000000c9200000|  0%| F|  |TAMS 0x00000000c9100000, 0x00000000c9100000| Untracked 
| 146|0x00000000c9200000, 0x00000000c9200000, 0x00000000c9300000|  0%| F|  |TAMS 0x00000000c9200000, 0x00000000c9200000| Untracked 
| 147|0x00000000c9300000, 0x00000000c9300000, 0x00000000c9400000|  0%| F|  |TAMS 0x00000000c9300000, 0x00000000c9300000| Untracked 
| 148|0x00000000c9400000, 0x00000000c9400000, 0x00000000c9500000|  0%| F|  |TAMS 0x00000000c9400000, 0x00000000c9400000| Untracked 
| 149|0x00000000c9500000, 0x00000000c9500000, 0x00000000c9600000|  0%| F|  |TAMS 0x00000000c9500000, 0x00000000c9500000| Untracked 
| 150|0x00000000c9600000, 0x00000000c9600000, 0x00000000c9700000|  0%| F|  |TAMS 0x00000000c9600000, 0x00000000c9600000| Untracked 
| 151|0x00000000c9700000, 0x00000000c9700000, 0x00000000c9800000|  0%| F|  |TAMS 0x00000000c9700000, 0x00000000c9700000| Untracked 
| 152|0x00000000c9800000, 0x00000000c9800000, 0x00000000c9900000|  0%| F|  |TAMS 0x00000000c9800000, 0x00000000c9800000| Untracked 
| 153|0x00000000c9900000, 0x00000000c9900000, 0x00000000c9a00000|  0%| F|  |TAMS 0x00000000c9900000, 0x00000000c9900000| Untracked 
| 154|0x00000000c9a00000, 0x00000000c9a00000, 0x00000000c9b00000|  0%| F|  |TAMS 0x00000000c9a00000, 0x00000000c9a00000| Untracked 
| 155|0x00000000c9b00000, 0x00000000c9b00000, 0x00000000c9c00000|  0%| F|  |TAMS 0x00000000c9b00000, 0x00000000c9b00000| Untracked 
| 156|0x00000000c9c00000, 0x00000000c9c00000, 0x00000000c9d00000|  0%| F|  |TAMS 0x00000000c9c00000, 0x00000000c9c00000| Untracked 
| 157|0x00000000c9d00000, 0x00000000c9d00000, 0x00000000c9e00000|  0%| F|  |TAMS 0x00000000c9d00000, 0x00000000c9d00000| Untracked 
| 158|0x00000000c9e00000, 0x00000000c9e00000, 0x00000000c9f00000|  0%| F|  |TAMS 0x00000000c9e00000, 0x00000000c9e00000| Untracked 
| 159|0x00000000c9f00000, 0x00000000c9f00000, 0x00000000ca000000|  0%| F|  |TAMS 0x00000000c9f00000, 0x00000000c9f00000| Untracked 
| 160|0x00000000ca000000, 0x00000000ca000000, 0x00000000ca100000|  0%| F|  |TAMS 0x00000000ca000000, 0x00000000ca000000| Untracked 
| 161|0x00000000ca100000, 0x00000000ca100000, 0x00000000ca200000|  0%| F|  |TAMS 0x00000000ca100000, 0x00000000ca100000| Untracked 
| 162|0x00000000ca200000, 0x00000000ca200000, 0x00000000ca300000|  0%| F|  |TAMS 0x00000000ca200000, 0x00000000ca200000| Untracked 
| 163|0x00000000ca300000, 0x00000000ca300000, 0x00000000ca400000|  0%| F|  |TAMS 0x00000000ca300000, 0x00000000ca300000| Untracked 
| 164|0x00000000ca400000, 0x00000000ca400000, 0x00000000ca500000|  0%| F|  |TAMS 0x00000000ca400000, 0x00000000ca400000| Untracked 
| 165|0x00000000ca500000, 0x00000000ca500000, 0x00000000ca600000|  0%| F|  |TAMS 0x00000000ca500000, 0x00000000ca500000| Untracked 
| 166|0x00000000ca600000, 0x00000000ca600000, 0x00000000ca700000|  0%| F|  |TAMS 0x00000000ca600000, 0x00000000ca600000| Untracked 
| 167|0x00000000ca700000, 0x00000000ca700000, 0x00000000ca800000|  0%| F|  |TAMS 0x00000000ca700000, 0x00000000ca700000| Untracked 
| 168|0x00000000ca800000, 0x00000000ca800000, 0x00000000ca900000|  0%| F|  |TAMS 0x00000000ca800000, 0x00000000ca800000| Untracked 
| 169|0x00000000ca900000, 0x00000000ca900000, 0x00000000caa00000|  0%| F|  |TAMS 0x00000000ca900000, 0x00000000ca900000| Untracked 
| 170|0x00000000caa00000, 0x00000000caa00000, 0x00000000cab00000|  0%| F|  |TAMS 0x00000000caa00000, 0x00000000caa00000| Untracked 
| 171|0x00000000cab00000, 0x00000000cab00000, 0x00000000cac00000|  0%| F|  |TAMS 0x00000000cab00000, 0x00000000cab00000| Untracked 
| 172|0x00000000cac00000, 0x00000000cac00000, 0x00000000cad00000|  0%| F|  |TAMS 0x00000000cac00000, 0x00000000cac00000| Untracked 
| 173|0x00000000cad00000, 0x00000000cad00000, 0x00000000cae00000|  0%| F|  |TAMS 0x00000000cad00000, 0x00000000cad00000| Untracked 
| 174|0x00000000cae00000, 0x00000000cae00000, 0x00000000caf00000|  0%| F|  |TAMS 0x00000000cae00000, 0x00000000cae00000| Untracked 
| 175|0x00000000caf00000, 0x00000000caf00000, 0x00000000cb000000|  0%| F|  |TAMS 0x00000000caf00000, 0x00000000caf00000| Untracked 
| 176|0x00000000cb000000, 0x00000000cb000000, 0x00000000cb100000|  0%| F|  |TAMS 0x00000000cb000000, 0x00000000cb000000| Untracked 
| 177|0x00000000cb100000, 0x00000000cb100000, 0x00000000cb200000|  0%| F|  |TAMS 0x00000000cb100000, 0x00000000cb100000| Untracked 
| 178|0x00000000cb200000, 0x00000000cb200000, 0x00000000cb300000|  0%| F|  |TAMS 0x00000000cb200000, 0x00000000cb200000| Untracked 
| 179|0x00000000cb300000, 0x00000000cb300000, 0x00000000cb400000|  0%| F|  |TAMS 0x00000000cb300000, 0x00000000cb300000| Untracked 
| 180|0x00000000cb400000, 0x00000000cb400000, 0x00000000cb500000|  0%| F|  |TAMS 0x00000000cb400000, 0x00000000cb400000| Untracked 
| 181|0x00000000cb500000, 0x00000000cb500000, 0x00000000cb600000|  0%| F|  |TAMS 0x00000000cb500000, 0x00000000cb500000| Untracked 
| 182|0x00000000cb600000, 0x00000000cb600000, 0x00000000cb700000|  0%| F|  |TAMS 0x00000000cb600000, 0x00000000cb600000| Untracked 
| 183|0x00000000cb700000, 0x00000000cb700000, 0x00000000cb800000|  0%| F|  |TAMS 0x00000000cb700000, 0x00000000cb700000| Untracked 
| 184|0x00000000cb800000, 0x00000000cb800000, 0x00000000cb900000|  0%| F|  |TAMS 0x00000000cb800000, 0x00000000cb800000| Untracked 
| 185|0x00000000cb900000, 0x00000000cb900000, 0x00000000cba00000|  0%| F|  |TAMS 0x00000000cb900000, 0x00000000cb900000| Untracked 
| 186|0x00000000cba00000, 0x00000000cba00000, 0x00000000cbb00000|  0%| F|  |TAMS 0x00000000cba00000, 0x00000000cba00000| Untracked 
| 187|0x00000000cbb00000, 0x00000000cbb00000, 0x00000000cbc00000|  0%| F|  |TAMS 0x00000000cbb00000, 0x00000000cbb00000| Untracked 
| 188|0x00000000cbc00000, 0x00000000cbc00000, 0x00000000cbd00000|  0%| F|  |TAMS 0x00000000cbc00000, 0x00000000cbc00000| Untracked 
| 189|0x00000000cbd00000, 0x00000000cbd00000, 0x00000000cbe00000|  0%| F|  |TAMS 0x00000000cbd00000, 0x00000000cbd00000| Untracked 
| 190|0x00000000cbe00000, 0x00000000cbe00000, 0x00000000cbf00000|  0%| F|  |TAMS 0x00000000cbe00000, 0x00000000cbe00000| Untracked 
| 191|0x00000000cbf00000, 0x00000000cbf00000, 0x00000000cc000000|  0%| F|  |TAMS 0x00000000cbf00000, 0x00000000cbf00000| Untracked 
| 192|0x00000000cc000000, 0x00000000cc000000, 0x00000000cc100000|  0%| F|  |TAMS 0x00000000cc000000, 0x00000000cc000000| Untracked 
| 193|0x00000000cc100000, 0x00000000cc100000, 0x00000000cc200000|  0%| F|  |TAMS 0x00000000cc100000, 0x00000000cc100000| Untracked 
| 194|0x00000000cc200000, 0x00000000cc200000, 0x00000000cc300000|  0%| F|  |TAMS 0x00000000cc200000, 0x00000000cc200000| Untracked 

Card table byte_map: [0x00000264e0c80000,0x00000264e0e80000] _byte_map_base: 0x00000264e0680000

Marking Bits (Prev, Next): (CMBitMap*) 0x00000264cdf98000, (CMBitMap*) 0x00000264cdf97fc8
 Prev Bits: [0x00000264e2080000, 0x00000264e3080000)
 Next Bits: [0x00000264e1080000, 0x00000264e2080000)

Polling page: 0x00000264cbf90000

Metaspace:

Usage:
  Non-class:     78.42 MB capacity,    76.93 MB ( 98%) used,     1.25 MB (  2%) free+waste,   247.63 KB ( <1%) overhead. 
      Class:     11.95 MB capacity,    11.15 MB ( 93%) used,   706.60 KB (  6%) free+waste,   110.31 KB ( <1%) overhead. 
       Both:     90.37 MB capacity,    88.08 MB ( 97%) used,     1.94 MB (  2%) free+waste,   357.94 KB ( <1%) overhead. 

Virtual space:
  Non-class space:       80.00 MB reserved,      78.58 MB ( 98%) committed 
      Class space:        1.00 GB reserved,      12.00 MB (  1%) committed 
             Both:        1.08 GB reserved,      90.58 MB (  8%) committed 

Chunk freelists:
   Non-Class:  36.00 KB
       Class:  17.00 KB
        Both:  53.00 KB

MaxMetaspaceSize: 17179869184.00 GB
CompressedClassSpaceSize: 1.00 GB
Initial GC threshold: 20.80 MB
Current GC threshold: 146.59 MB
CDS: off

CodeHeap 'non-profiled nmethods': size=120064Kb used=5376Kb max_used=5376Kb free=114687Kb
 bounds [0x00000264d9540000, 0x00000264d9a90000, 0x00000264e0a80000]
CodeHeap 'profiled nmethods': size=120000Kb used=27831Kb max_used=27831Kb free=92169Kb
 bounds [0x00000264d2010000, 0x00000264d3b40000, 0x00000264d9540000]
CodeHeap 'non-nmethods': size=5696Kb used=2366Kb max_used=2411Kb free=3329Kb
 bounds [0x00000264d1a80000, 0x00000264d1cf0000, 0x00000264d2010000]
 total_blobs=13616 nmethods=12738 adapters=789
 compilation: enabled
              stopped_count=0, restarted_count=0
 full_count=0

Compilation events (20 events):
Event: 35.008 Thread 0x00000264e5d90800 nmethod 13055 0x00000264d3b39290 code [0x00000264d3b39460, 0x00000264d3b396c8]
Event: 35.008 Thread 0x00000264e5d90800 13056       3       com.android.tools.r8.utils.Y::e (64 bytes)
Event: 35.008 Thread 0x00000264e5d90800 nmethod 13056 0x00000264d3b39790 code [0x00000264d3b39940, 0x00000264d3b39c38]
Event: 35.008 Thread 0x00000264e5d90800 13054       3       com.android.tools.r8.utils.H0::doHash (44 bytes)
Event: 35.009 Thread 0x00000264e5d90800 nmethod 13054 0x00000264d3b39d10 code [0x00000264d3b39f00, 0x00000264d3b3a228]
Event: 35.009 Thread 0x00000264e5d90800 13047       2       com.android.tools.r8.graph.I0$d::<init> (189 bytes)
Event: 35.011 Thread 0x00000264e5d90800 nmethod 13047 0x00000264d3b3a410 code [0x00000264d3b3a6e0, 0x00000264d3b3b558]
Event: 35.011 Thread 0x00000264e5d90800 13062       3       com.android.tools.r8.graph.l0$w::<init> (6 bytes)
Event: 35.012 Thread 0x00000264e5d90800 nmethod 13062 0x00000264d3b3bd90 code [0x00000264d3b3bf60, 0x00000264d3b3c238]
Event: 35.012 Thread 0x00000264e5d90800 13039       2       com.android.tools.r8.graph.S::<init> (19 bytes)
Event: 35.012 Thread 0x00000264e5d90800 nmethod 13039 0x00000264d3b3c390 code [0x00000264d3b3c540, 0x00000264d3b3c6f8]
Event: 35.012 Thread 0x00000264e5d90800 13049       2       com.android.tools.r8.graph.V0::G (8 bytes)
Event: 35.012 Thread 0x00000264e5d90800 nmethod 13049 0x00000264d3b3c790 code [0x00000264d3b3c940, 0x00000264d3b3ca58]
Event: 35.012 Thread 0x00000264e5d90800 13043       2       com.android.tools.r8.z.a.a.u::<init> (7 bytes)
Event: 35.012 Thread 0x00000264e5d90800 nmethod 13043 0x00000264d3b3cb10 code [0x00000264d3b3ccc0, 0x00000264d3b3cde8]
Event: 35.013 Thread 0x00000264e5d90800 13050       3       com.android.tools.r8.graph.V0::J (8 bytes)
Event: 35.013 Thread 0x00000264e5d90800 nmethod 13050 0x00000264d3b3ce90 code [0x00000264d3b3d040, 0x00000264d3b3d278]
Event: 35.013 Thread 0x00000264e5d90800 13040       2       com.android.tools.r8.graph.W::<init> (163 bytes)
Event: 35.013 Thread 0x00000264e5d90800 nmethod 13040 0x00000264d3b3d310 code [0x00000264d3b3d500, 0x00000264d3b3dac8]
Event: 35.013 Thread 0x00000264e5d90800 13064       3       com.android.tools.r8.q.a.a.a.v$a::equals (54 bytes)

GC Heap History (20 events):
Event: 29.795 GC heap after
{Heap after GC invocations=45 (full 0):
 garbage-first heap   total 165888K, used 93554K [0x00000000c0000000, 0x0000000100000000)
  region size 1024K, 4 young (4096K), 4 survivors (4096K)
 Metaspace       used 86192K, capacity 88431K, committed 88656K, reserved 1126400K
  class space    used 10886K, capacity 11689K, committed 11776K, reserved 1048576K
}
Event: 30.279 GC heap before
{Heap before GC invocations=45 (full 0):
 garbage-first heap   total 165888K, used 132466K [0x00000000c0000000, 0x0000000100000000)
  region size 1024K, 42 young (43008K), 4 survivors (4096K)
 Metaspace       used 86411K, capacity 88634K, committed 88912K, reserved 1126400K
  class space    used 10886K, capacity 11689K, committed 11776K, reserved 1048576K
}
Event: 30.299 GC heap after
{Heap after GC invocations=46 (full 0):
 garbage-first heap   total 165888K, used 94875K [0x00000000c0000000, 0x0000000100000000)
  region size 1024K, 3 young (3072K), 3 survivors (3072K)
 Metaspace       used 86411K, capacity 88634K, committed 88912K, reserved 1126400K
  class space    used 10886K, capacity 11689K, committed 11776K, reserved 1048576K
}
Event: 30.867 GC heap before
{Heap before GC invocations=47 (full 0):
 garbage-first heap   total 165888K, used 133787K [0x00000000c0000000, 0x0000000100000000)
  region size 1024K, 41 young (41984K), 3 survivors (3072K)
 Metaspace       used 86554K, capacity 88769K, committed 88912K, reserved 1126400K
  class space    used 10886K, capacity 11689K, committed 11776K, reserved 1048576K
}
Event: 30.884 GC heap after
{Heap after GC invocations=48 (full 0):
 garbage-first heap   total 165888K, used 96000K [0x00000000c0000000, 0x0000000100000000)
  region size 1024K, 4 young (4096K), 4 survivors (4096K)
 Metaspace       used 86554K, capacity 88769K, committed 88912K, reserved 1126400K
  class space    used 10886K, capacity 11689K, committed 11776K, reserved 1048576K
}
Event: 31.611 GC heap before
{Heap before GC invocations=48 (full 0):
 garbage-first heap   total 165888K, used 134912K [0x00000000c0000000, 0x0000000100000000)
  region size 1024K, 43 young (44032K), 4 survivors (4096K)
 Metaspace       used 86907K, capacity 89111K, committed 89168K, reserved 1126400K
  class space    used 10925K, capacity 11739K, committed 11776K, reserved 1048576K
}
Event: 31.639 GC heap after
{Heap after GC invocations=49 (full 0):
 garbage-first heap   total 199680K, used 99836K [0x00000000c0000000, 0x0000000100000000)
  region size 1024K, 6 young (6144K), 6 survivors (6144K)
 Metaspace       used 86907K, capacity 89111K, committed 89168K, reserved 1126400K
  class space    used 10925K, capacity 11739K, committed 11776K, reserved 1048576K
}
Event: 32.934 GC heap before
{Heap before GC invocations=50 (full 0):
 garbage-first heap   total 199680K, used 151036K [0x00000000c0000000, 0x0000000100000000)
  region size 1024K, 57 young (58368K), 6 survivors (6144K)
 Metaspace       used 87146K, capacity 89402K, committed 89424K, reserved 1126400K
  class space    used 10954K, capacity 11760K, committed 11776K, reserved 1048576K
}
Event: 32.977 GC heap after
{Heap after GC invocations=51 (full 0):
 garbage-first heap   total 199680K, used 103168K [0x00000000c0000000, 0x0000000100000000)
  region size 1024K, 7 young (7168K), 7 survivors (7168K)
 Metaspace       used 87146K, capacity 89402K, committed 89424K, reserved 1126400K
  class space    used 10954K, capacity 11760K, committed 11776K, reserved 1048576K
}
Event: 33.010 GC heap before
{Heap before GC invocations=51 (full 0):
 garbage-first heap   total 199680K, used 104192K [0x00000000c0000000, 0x0000000100000000)
  region size 1024K, 9 young (9216K), 7 survivors (7168K)
 Metaspace       used 87148K, capacity 89402K, committed 89424K, reserved 1126400K
  class space    used 10954K, capacity 11760K, committed 11776K, reserved 1048576K
}
Event: 33.043 GC heap after
{Heap after GC invocations=52 (full 0):
 garbage-first heap   total 199680K, used 102000K [0x00000000c0000000, 0x0000000100000000)
  region size 1024K, 1 young (1024K), 1 survivors (1024K)
 Metaspace       used 87148K, capacity 89402K, committed 89424K, reserved 1126400K
  class space    used 10954K, capacity 11760K, committed 11776K, reserved 1048576K
}
Event: 33.588 GC heap before
{Heap before GC invocations=52 (full 0):
 garbage-first heap   total 199680K, used 154224K [0x00000000c0000000, 0x0000000100000000)
  region size 1024K, 53 young (54272K), 1 survivors (1024K)
 Metaspace       used 87650K, capacity 89854K, committed 90064K, reserved 1128448K
  class space    used 11013K, capacity 11803K, committed 11904K, reserved 1048576K
}
Event: 33.595 GC heap after
{Heap after GC invocations=53 (full 0):
 garbage-first heap   total 199680K, used 102860K [0x00000000c0000000, 0x0000000100000000)
  region size 1024K, 2 young (2048K), 2 survivors (2048K)
 Metaspace       used 87650K, capacity 89854K, committed 90064K, reserved 1128448K
  class space    used 11013K, capacity 11803K, committed 11904K, reserved 1048576K
}
Event: 33.828 GC heap before
{Heap before GC invocations=53 (full 0):
 garbage-first heap   total 199680K, used 159180K [0x00000000c0000000, 0x0000000100000000)
  region size 1024K, 58 young (59392K), 2 survivors (2048K)
 Metaspace       used 87655K, capacity 89854K, committed 90064K, reserved 1128448K
  class space    used 11013K, capacity 11803K, committed 11904K, reserved 1048576K
}
Event: 33.833 GC heap after
{Heap after GC invocations=54 (full 0):
 garbage-first heap   total 199680K, used 103638K [0x00000000c0000000, 0x0000000100000000)
  region size 1024K, 3 young (3072K), 3 survivors (3072K)
 Metaspace       used 87655K, capacity 89854K, committed 90064K, reserved 1128448K
  class space    used 11013K, capacity 11803K, committed 11904K, reserved 1048576K
}
Event: 34.161 GC heap before
{Heap before GC invocations=55 (full 0):
 garbage-first heap   total 199680K, used 159958K [0x00000000c0000000, 0x0000000100000000)
  region size 1024K, 59 young (60416K), 3 survivors (3072K)
 Metaspace       used 86744K, capacity 88888K, committed 90064K, reserved 1128448K
  class space    used 10917K, capacity 11691K, committed 11904K, reserved 1048576K
}
Event: 34.168 GC heap after
{Heap after GC invocations=56 (full 0):
 garbage-first heap   total 199680K, used 104786K [0x00000000c0000000, 0x0000000100000000)
  region size 1024K, 4 young (4096K), 4 survivors (4096K)
 Metaspace       used 86744K, capacity 88888K, committed 90064K, reserved 1128448K
  class space    used 10917K, capacity 11691K, committed 11904K, reserved 1048576K
}
Event: 34.186 GC heap before
{Heap before GC invocations=56 (full 0):
 garbage-first heap   total 199680K, used 108882K [0x00000000c0000000, 0x0000000100000000)
  region size 1024K, 9 young (9216K), 4 survivors (4096K)
 Metaspace       used 86744K, capacity 88888K, committed 90064K, reserved 1128448K
  class space    used 10917K, capacity 11691K, committed 11904K, reserved 1048576K
}
Event: 34.208 GC heap after
{Heap after GC invocations=57 (full 0):
 garbage-first heap   total 199680K, used 82525K [0x00000000c0000000, 0x0000000100000000)
  region size 1024K, 1 young (1024K), 1 survivors (1024K)
 Metaspace       used 86744K, capacity 88888K, committed 90064K, reserved 1128448K
  class space    used 10917K, capacity 11691K, committed 11904K, reserved 1048576K
}
Event: 35.014 GC heap before
{Heap before GC invocations=57 (full 0):
 garbage-first heap   total 199680K, used 149085K [0x00000000c0000000, 0x0000000100000000)
  region size 1024K, 64 young (65536K), 1 survivors (1024K)
 Metaspace       used 90194K, capacity 92539K, committed 92752K, reserved 1130496K
  class space    used 11422K, capacity 12239K, committed 12288K, reserved 1048576K
}

Deoptimization events (20 events):
Event: 34.608 Thread 0x00000264ed854800 Uncommon trap: trap_request=0xffffffc6 fr.pc=0x00000264d98e071c relative=0x0000000000001b9c
Event: 34.608 Thread 0x00000264ed854800 Uncommon trap: reason=bimorphic_or_optimized_type_check action=maybe_recompile pc=0x00000264d98e071c method=java.util.concurrent.ConcurrentHashMap.putVal(Ljava/lang/Object;Ljava/lang/Object;Z)Ljava/lang/Object; @ 159 c2
Event: 34.608 Thread 0x00000264ed854800 DEOPT PACKING pc=0x00000264d98e071c sp=0x00000086abafc8c0
Event: 34.608 Thread 0x00000264ed854800 DEOPT UNPACKING pc=0x00000264d1aca1af sp=0x00000086abafc860 mode 2
Event: 34.655 Thread 0x00000264ed854800 Uncommon trap: trap_request=0xffffffc6 fr.pc=0x00000264d997ef44 relative=0x0000000000000084
Event: 34.655 Thread 0x00000264ed854800 Uncommon trap: reason=bimorphic_or_optimized_type_check action=maybe_recompile pc=0x00000264d997ef44 method=java.util.stream.StreamOpFlag.fromCharacteristics(Ljava/util/Spliterator;)I @ 14 c2
Event: 34.655 Thread 0x00000264ed854800 DEOPT PACKING pc=0x00000264d997ef44 sp=0x00000086abafd460
Event: 34.655 Thread 0x00000264ed854800 DEOPT UNPACKING pc=0x00000264d1aca1af sp=0x00000086abafd3f8 mode 2
Event: 34.656 Thread 0x00000264ed854800 Uncommon trap: trap_request=0xffffff4d fr.pc=0x00000264d99756c8 relative=0x0000000000000328
Event: 34.656 Thread 0x00000264ed854800 Uncommon trap: reason=unstable_if action=reinterpret pc=0x00000264d99756c8 method=java.util.stream.StreamOpFlag.getMask(I)I @ 1 c2
Event: 34.656 Thread 0x00000264ed854800 DEOPT PACKING pc=0x00000264d99756c8 sp=0x00000086abafd380
Event: 34.656 Thread 0x00000264ed854800 DEOPT UNPACKING pc=0x00000264d1aca1af sp=0x00000086abafd1b8 mode 2
Event: 34.720 Thread 0x00000264ed854800 Uncommon trap: trap_request=0xffffff4d fr.pc=0x00000264d98d0548 relative=0x00000000000000a8
Event: 34.720 Thread 0x00000264ed854800 Uncommon trap: reason=unstable_if action=reinterpret pc=0x00000264d98d0548 method=jdk.internal.misc.Unsafe.convEndian(ZI)I @ 4 c2
Event: 34.720 Thread 0x00000264ed854800 DEOPT PACKING pc=0x00000264d98d0548 sp=0x00000086abafcf80
Event: 34.720 Thread 0x00000264ed854800 DEOPT UNPACKING pc=0x00000264d1aca1af sp=0x00000086abafce18 mode 2
Event: 34.971 Thread 0x00000264ed854800 DEOPT PACKING pc=0x00000264d3af7c38 sp=0x00000086abafc5d0
Event: 34.971 Thread 0x00000264ed854800 DEOPT UNPACKING pc=0x00000264d1aca95e sp=0x00000086abafbaf8 mode 0
Event: 34.976 Thread 0x00000264ed854800 DEOPT PACKING pc=0x00000264d3b013c0 sp=0x00000086abafc920
Event: 34.976 Thread 0x00000264ed854800 DEOPT UNPACKING pc=0x00000264d1aca95e sp=0x00000086abafbe28 mode 0

Classes redefined (0 events):
No events

Internal exceptions (20 events):
Event: 31.388 Thread 0x00000264ed84e800 Exception <a 'sun/nio/fs/WindowsException'{0x00000000c883fe98}> (0x00000000c883fe98) thrown at [./src/hotspot/share/prims/jni.cpp, line 615]
Event: 31.400 Thread 0x00000264ed84e800 Exception <a 'sun/nio/fs/WindowsException'{0x00000000c88c9648}> (0x00000000c88c9648) thrown at [./src/hotspot/share/prims/jni.cpp, line 615]
Event: 31.418 Thread 0x00000264ed84e800 Exception <a 'sun/nio/fs/WindowsException'{0x00000000c8771a10}> (0x00000000c8771a10) thrown at [./src/hotspot/share/prims/jni.cpp, line 615]
Event: 31.429 Thread 0x00000264ed84e800 Exception <a 'sun/nio/fs/WindowsException'{0x00000000c87fc3d8}> (0x00000000c87fc3d8) thrown at [./src/hotspot/share/prims/jni.cpp, line 615]
Event: 31.438 Thread 0x00000264ed84e800 Exception <a 'sun/nio/fs/WindowsException'{0x00000000c86594e0}> (0x00000000c86594e0) thrown at [./src/hotspot/share/prims/jni.cpp, line 615]
Event: 31.822 Thread 0x00000264e8087800 Exception <a 'java/lang/NoSuchMethodError'{0x00000000cbbb8c00}: <clinit>> (0x00000000cbbb8c00) thrown at [./src/hotspot/share/prims/jni.cpp, line 1365]
Event: 31.829 Thread 0x00000264e8087800 Exception <a 'java/lang/NoSuchMethodError'{0x00000000cbbd79a0}: <clinit>> (0x00000000cbbd79a0) thrown at [./src/hotspot/share/prims/jni.cpp, line 1365]
Event: 31.830 Thread 0x00000264e8087800 Exception <a 'java/lang/NoSuchMethodError'{0x00000000cbbe3070}: <clinit>> (0x00000000cbbe3070) thrown at [./src/hotspot/share/prims/jni.cpp, line 1365]
Event: 32.575 Thread 0x00000264ed84e800 Exception <a 'sun/nio/fs/WindowsException'{0x00000000ca74ff70}> (0x00000000ca74ff70) thrown at [./src/hotspot/share/prims/jni.cpp, line 615]
Event: 32.575 Thread 0x00000264ed84e800 Exception <a 'sun/nio/fs/WindowsException'{0x00000000ca750970}> (0x00000000ca750970) thrown at [./src/hotspot/share/prims/jni.cpp, line 615]
Event: 33.182 Thread 0x00000264ed849800 Exception <a 'sun/nio/fs/WindowsException'{0x00000000cbc2dec0}> (0x00000000cbc2dec0) thrown at [./src/hotspot/share/prims/jni.cpp, line 615]
Event: 34.453 Thread 0x00000264ed84e800 Exception <a 'java/lang/NoSuchMethodError'{0x00000000c99261f8}: <clinit>> (0x00000000c99261f8) thrown at [./src/hotspot/share/prims/jni.cpp, line 1365]
Event: 34.564 Thread 0x00000264ed854800 Exception <a 'sun/nio/fs/WindowsException'{0x00000000c900c4a8}> (0x00000000c900c4a8) thrown at [./src/hotspot/share/prims/jni.cpp, line 615]
Event: 34.714 Thread 0x00000264ed854800 Exception <a 'java/lang/NoSuchMethodError'{0x00000000c8deb3b0}: 'java.lang.Object java.lang.invoke.DirectMethodHandle$Holder.invokeStatic(java.lang.Object, java.lang.Object, java.lang.Object, java.lang.Object, java.lang.Object, java.lang.Object, java.lang.Object, java.lang.Object, java.lang.Object, java.lang.Object, java.lang.Object, java.lang.Object, java.lang.Object, java.lang.Object, java.lang.Object, java.lang.Object, java.lang.Object, int, java.lang.Object)'> (0x00000000c8deb3b0) thrown at [./src/hots
Event: 34.715 Thread 0x00000264ed854800 Exception <a 'java/lang/NoSuchMethodError'{0x00000000c8df0a00}: 'java.lang.Object java.lang.invoke.DirectMethodHandle$Holder.invokeStaticInit(java.lang.Object, java.lang.Object, java.lang.Object, java.lang.Object, java.lang.Object, java.lang.Object, java.lang.Object, java.lang.Object, java.lang.Object, java.lang.Object, java.lang.Object, java.lang.Object, java.lang.Object, java.lang.Object, java.lang.Object, java.lang.Object, java.lang.Object, int, java.lang.Object)'> (0x00000000c8df0a00) thrown at [./src/
Event: 34.796 Thread 0x00000264ed854800 Exception <a 'java/lang/NoSuchMethodError'{0x00000000c8a39db0}: 'java.lang.Object java.lang.invoke.DirectMethodHandle$Holder.invokeStatic(java.lang.Object, long)'> (0x00000000c8a39db0) thrown at [./src/hotspot/share/interpreter/linkResolver.cpp, line 773]
Event: 34.796 Thread 0x00000264ed854800 Exception <a 'java/lang/NoSuchMethodError'{0x00000000c8a40130}: 'java.lang.Object java.lang.invoke.Invokers$Holder.linkToTargetMethod(long, java.lang.Object)'> (0x00000000c8a40130) thrown at [./src/hotspot/share/interpreter/linkResolver.cpp, line 773]
Event: 34.827 Thread 0x00000264ed854800 Exception <a 'java/lang/NoSuchMethodError'{0x00000000c8955948}: 'void java.lang.invoke.DirectMethodHandle$Holder.invokeStatic(java.lang.Object, java.lang.Object, java.lang.Object, int)'> (0x00000000c8955948) thrown at [./src/hotspot/share/interpreter/linkResolver.cpp, line 773]
Event: 34.828 Thread 0x00000264ed854800 Exception <a 'java/lang/IncompatibleClassChangeError'{0x00000000c895dbd0}: Found class java.lang.Object, but interface was expected> (0x00000000c895dbd0) thrown at [./src/hotspot/share/interpreter/linkResolver.cpp, line 839]
Event: 34.905 Thread 0x00000264ed854800 Exception <a 'java/lang/NoSuchMethodError'{0x00000000c864f708}: 'long java.lang.invoke.DirectMethodHandle$Holder.invokeStatic(java.lang.Object, java.lang.Object)'> (0x00000000c864f708) thrown at [./src/hotspot/share/interpreter/linkResolver.cpp, line 773]

Events (20 events):
Event: 34.924 loading class com/android/tools/r8/t/a/a/a/h/w0 done
Event: 34.925 loading class com/android/tools/r8/t/a/a/a/h/f0$a
Event: 34.925 loading class com/android/tools/r8/t/a/a/a/h/f0$a done
Event: 34.926 loading class com/android/tools/r8/t/a/a/a/h/E0
Event: 34.926 loading class com/android/tools/r8/t/a/a/a/h/E0 done
Event: 34.926 loading class com/android/tools/r8/t/a/a/a/h/f0$f
Event: 34.926 loading class com/android/tools/r8/t/a/a/a/h/f0$f done
Event: 34.928 loading class com/android/tools/r8/t/a/a/a/h/h0
Event: 34.928 loading class com/android/tools/r8/t/a/a/a/h/h0 done
Event: 34.928 loading class com/android/tools/r8/graph/Z0
Event: 34.928 loading class com/android/tools/r8/graph/Z0 done
Event: 34.928 loading class com/android/tools/r8/t/a/a/a/h/f0$d
Event: 34.928 loading class com/android/tools/r8/t/a/a/a/h/f0$d done
Event: 34.928 loading class com/android/tools/r8/t/a/a/a/h/g0
Event: 34.928 loading class com/android/tools/r8/t/a/a/a/h/g0 done
Event: 34.945 loading class com/android/tools/r8/q/a/a/b/f2
Event: 34.945 loading class com/android/tools/r8/q/a/a/b/f2 done
Event: 34.977 loading class com/android/tools/r8/graph/I0$a
Event: 34.977 loading class com/android/tools/r8/graph/I0$a done
Event: 35.014 Executing VM operation: G1CollectForAllocation


Dynamic libraries:
0x00007ff64d0c0000 - 0x00007ff64d0ca000 	C:\Program Files\Android\Android Studio\jre\bin\java.exe
0x00007ff921050000 - 0x00007ff921248000 	C:\Windows\SYSTEM32\ntdll.dll
0x00007ff9203e0000 - 0x00007ff92049d000 	C:\Windows\System32\KERNEL32.DLL
0x00007ff91e990000 - 0x00007ff91ec5e000 	C:\Windows\System32\KERNELBASE.dll
0x00007ff91ec60000 - 0x00007ff91ed60000 	C:\Windows\System32\ucrtbase.dll
0x00007ff918c80000 - 0x00007ff918c97000 	C:\Program Files\Android\Android Studio\jre\bin\VCRUNTIME140.dll
0x00007ff918ca0000 - 0x00007ff918cb9000 	C:\Program Files\Android\Android Studio\jre\bin\jli.dll
0x00007ff91f270000 - 0x00007ff91f410000 	C:\Windows\System32\USER32.dll
0x00007ff91e8d0000 - 0x00007ff91e8f2000 	C:\Windows\System32\win32u.dll
0x00007ff91feb0000 - 0x00007ff91feda000 	C:\Windows\System32\GDI32.dll
0x00007ff91eea0000 - 0x00007ff91efab000 	C:\Windows\System32\gdi32full.dll
0x00007ff91edd0000 - 0x00007ff91ee6d000 	C:\Windows\System32\msvcp_win.dll
0x00007ff90a250000 - 0x00007ff90a4ea000 	C:\Windows\WinSxS\amd64_microsoft.windows.common-controls_6595b64144ccf1df_6.0.19041.1110_none_60b5254171f9507e\COMCTL32.dll
0x00007ff920770000 - 0x00007ff92080e000 	C:\Windows\System32\msvcrt.dll
0x00007ff91fb60000 - 0x00007ff91fb90000 	C:\Windows\System32\IMM32.DLL
0x00007ff8f82c0000 - 0x00007ff8f835d000 	C:\Program Files\Android\Android Studio\jre\bin\msvcp140.dll
0x00007ff8cb1a0000 - 0x00007ff8cbc85000 	C:\Program Files\Android\Android Studio\jre\bin\server\jvm.dll
0x00007ff91f160000 - 0x00007ff91f20e000 	C:\Windows\System32\ADVAPI32.dll
0x00007ff91fb90000 - 0x00007ff91fc2c000 	C:\Windows\System32\sechost.dll
0x00007ff920c80000 - 0x00007ff920da5000 	C:\Windows\System32\RPCRT4.dll
0x00007ff920760000 - 0x00007ff920768000 	C:\Windows\System32\PSAPI.DLL
0x00007ff90e5b0000 - 0x00007ff90e5b9000 	C:\Windows\SYSTEM32\WSOCK32.dll
0x00007ff90f0e0000 - 0x00007ff90f0ea000 	C:\Windows\SYSTEM32\VERSION.dll
0x00007ff9206f0000 - 0x00007ff92075b000 	C:\Windows\System32\WS2_32.dll
0x00007ff903f50000 - 0x00007ff903f77000 	C:\Windows\SYSTEM32\WINMM.dll
0x00007ff91c660000 - 0x00007ff91c672000 	C:\Windows\SYSTEM32\kernel.appcore.dll
0x00007ff90e590000 - 0x00007ff90e5a1000 	C:\Program Files\Android\Android Studio\jre\bin\verify.dll
0x00007ff905fc0000 - 0x00007ff9061a4000 	C:\Windows\SYSTEM32\DBGHELP.DLL
0x00007ff905f90000 - 0x00007ff905fbc000 	C:\Windows\SYSTEM32\dbgcore.DLL
0x00007ff91e900000 - 0x00007ff91e982000 	C:\Windows\System32\bcryptPrimitives.dll
0x00007ff901e70000 - 0x00007ff901e99000 	C:\Program Files\Android\Android Studio\jre\bin\java.dll
0x00007ff90e580000 - 0x00007ff90e58b000 	C:\Program Files\Android\Android Studio\jre\bin\jimage.dll
0x00007ff903860000 - 0x00007ff903878000 	C:\Program Files\Android\Android Studio\jre\bin\zip.dll
0x00007ff91f410000 - 0x00007ff91fb53000 	C:\Windows\System32\SHELL32.dll
0x00007ff91c860000 - 0x00007ff91cff5000 	C:\Windows\SYSTEM32\windows.storage.dll
0x00007ff920080000 - 0x00007ff9203d4000 	C:\Windows\System32\combase.dll
0x00007ff91e1d0000 - 0x00007ff91e200000 	C:\Windows\SYSTEM32\Wldp.dll
0x00007ff920db0000 - 0x00007ff920e5d000 	C:\Windows\System32\SHCORE.dll
0x00007ff91f210000 - 0x00007ff91f265000 	C:\Windows\System32\shlwapi.dll
0x00007ff91e6b0000 - 0x00007ff91e6cf000 	C:\Windows\SYSTEM32\profapi.dll
0x00007ff8ff960000 - 0x00007ff8ff97a000 	C:\Program Files\Android\Android Studio\jre\bin\net.dll
0x00007ff912750000 - 0x00007ff91285a000 	C:\Windows\SYSTEM32\WINHTTP.dll
0x00007ff91df30000 - 0x00007ff91df9a000 	C:\Windows\system32\mswsock.dll
0x00007ff8fd400000 - 0x00007ff8fd414000 	C:\Program Files\Android\Android Studio\jre\bin\nio.dll
0x00007ff8fabb0000 - 0x00007ff8fabd7000 	C:\Android Program\RecyclerInsetSelectShow-master\RecyclerInsetSelectShow-master\native\f6784746aeab05261644944871eae4fe03e0ef1612fff0a4a95f87b438bc6780\windows-amd64\native-platform.dll
0x00007ff90e570000 - 0x00007ff90e57a000 	C:\Program Files\Android\Android Studio\jre\bin\management.dll
0x00007ff903bd0000 - 0x00007ff903bdd000 	C:\Program Files\Android\Android Studio\jre\bin\management_ext.dll
0x00007ff91e120000 - 0x00007ff91e138000 	C:\Windows\SYSTEM32\CRYPTSP.dll
0x00007ff91d840000 - 0x00007ff91d874000 	C:\Windows\system32\rsaenh.dll
0x00007ff91ee70000 - 0x00007ff91ee97000 	C:\Windows\System32\bcrypt.dll
0x00007ff91e670000 - 0x00007ff91e69e000 	C:\Windows\SYSTEM32\USERENV.dll
0x00007ff91e140000 - 0x00007ff91e14c000 	C:\Windows\SYSTEM32\CRYPTBASE.dll
0x00007ff91dbd0000 - 0x00007ff91dc0b000 	C:\Windows\SYSTEM32\IPHLPAPI.DLL
0x00007ff9204a0000 - 0x00007ff9204a8000 	C:\Windows\System32\NSI.dll
0x00007ff914a40000 - 0x00007ff914a57000 	C:\Windows\SYSTEM32\dhcpcsvc6.DLL
0x00007ff914cc0000 - 0x00007ff914cdd000 	C:\Windows\SYSTEM32\dhcpcsvc.DLL
0x00007ff91dc20000 - 0x00007ff91dcea000 	C:\Windows\SYSTEM32\DNSAPI.dll
0x00007ff917360000 - 0x00007ff91736b000 	C:\Windows\SYSTEM32\WINNSI.DLL

dbghelp: loaded successfully - version: 4.0.5 - missing functions: none
symbol engine: initialized successfully - sym options: 0x614 - pdb path: .;C:\Program Files\Android\Android Studio\jre\bin;C:\Windows\SYSTEM32;C:\Windows\WinSxS\amd64_microsoft.windows.common-controls_6595b64144ccf1df_6.0.19041.1110_none_60b5254171f9507e;C:\Program Files\Android\Android Studio\jre\bin\server;C:\Android Program\RecyclerInsetSelectShow-master\RecyclerInsetSelectShow-master\native\f6784746aeab05261644944871eae4fe03e0ef1612fff0a4a95f87b438bc6780\windows-amd64

VM Arguments:
jvm_args: --add-opens=java.base/java.util=ALL-UNNAMED --add-opens=java.base/java.lang=ALL-UNNAMED --add-opens=java.base/java.lang.invoke=ALL-UNNAMED --add-opens=java.prefs/java.util.prefs=ALL-UNNAMED -Xmx1024m -Dfile.encoding=UTF-8 -Duser.country=IN -Duser.language=en -Duser.variant 
java_command: org.gradle.launcher.daemon.bootstrap.GradleDaemon 6.5
java_class_path (initial): C:\Android Program\RecyclerInsetSelectShow-master\RecyclerInsetSelectShow-master\wrapper\dists\gradle-6.5-bin\6nifqtx7604sqp1q6g8wikw7p\gradle-6.5\lib\gradle-launcher-6.5.jar
Launcher Type: SUN_STANDARD

[Global flags]
     intx CICompilerCount                          = 3                                         {product} {ergonomic}
     uint ConcGCThreads                            = 1                                         {product} {ergonomic}
     uint G1ConcRefinementThreads                  = 4                                         {product} {ergonomic}
   size_t G1HeapRegionSize                         = 1048576                                   {product} {ergonomic}
    uintx GCDrainStackTargetSize                   = 64                                        {product} {ergonomic}
   size_t InitialHeapSize                          = 67108864                                  {product} {ergonomic}
   size_t MarkStackSize                            = 4194304                                   {product} {ergonomic}
   size_t MaxHeapSize                              = 1073741824                                {product} {command line}
   size_t MaxNewSize                               = 643825664                                 {product} {ergonomic}
   size_t MinHeapDeltaBytes                        = 1048576                                   {product} {ergonomic}
    uintx NonNMethodCodeHeapSize                   = 5830732                                {pd product} {ergonomic}
    uintx NonProfiledCodeHeapSize                  = 122913754                              {pd product} {ergonomic}
    uintx ProfiledCodeHeapSize                     = 122913754                              {pd product} {ergonomic}
    uintx ReservedCodeCacheSize                    = 251658240                              {pd product} {ergonomic}
     bool SegmentedCodeCache                       = true                                      {product} {ergonomic}
     bool UseCompressedClassPointers               = true                                 {lp64_product} {ergonomic}
     bool UseCompressedOops                        = true                                 {lp64_product} {ergonomic}
     bool UseG1GC                                  = true                                      {product} {ergonomic}
     bool UseLargePagesIndividualAllocation        = false                                  {pd product} {ergonomic}

Logging:
Log output configuration:
 #0: stdout all=warning uptime,level,tags
 #1: stderr all=off uptime,level,tags

Environment Variables:
PATH=C:\Windows\system32;C:\Windows;C:\Windows\System32\Wbem;C:\Windows\System32\WindowsPowerShell\v1.0\;C:\Windows\System32\OpenSSH\;C:\Users\HP\AppData\Local\Microsoft\WindowsApps;C:\Users\HP\AppData\Local\GitHubDesktop\bin
USERNAME=HP
OS=Windows_NT
PROCESSOR_IDENTIFIER=Intel64 Family 6 Model 78 Stepping 3, GenuineIntel



---------------  S Y S T E M  ---------------

OS: Windows 10 , 64 bit Build 19041 (10.0.19041.1889)
OS uptime: 32 days 0:40 hours

CPU:total 4 (initial active 4) (2 cores per cpu, 2 threads per core) family 6 model 78 stepping 3 microcode 0xcc, cmov, cx8, fxsr, mmx, sse, sse2, sse3, ssse3, sse4.1, sse4.2, popcnt, avx, avx2, aes, clmul, erms, 3dnowpref, lzcnt, ht, tsc, tscinvbit, bmi1, bmi2, adx, fma

Memory: 4k page, system-wide physical 4012M (98M free)
TotalPageFile size 16300M (AvailPageFile size 28M)
current process WorkingSet (physical memory assigned to process): 374M, peak: 374M
current process commit charge ("private bytes"): 480M, peak: 527M

vm_info: OpenJDK 64-Bit Server VM (11.0.12+7-b1504.28-7817840) for windows-amd64 JRE (11.0.12+7-b1504.28-7817840), built on Oct 13 2021 22:12:33 by "builder" with MS VC++ 14.0 (VS2015)

END.
